{"t":{"$date":"2022-10-18T22:51:23.688+05:30"},"s":"I",  "c":"CONTROL",  "id":23285,   "ctx":"-","msg":"Automatically disabling TLS 1.0, to force-enable TLS 1.0 specify --sslDisabledProtocols 'none'"}
{"t":{"$date":"2022-10-18T22:51:23.688+05:30"},"s":"I",  "c":"NETWORK",  "id":4915701, "ctx":"-","msg":"Initialized wire specification","attr":{"spec":{"incomingExternalClient":{"minWireVersion":0,"maxWireVersion":13},"incomingInternalClient":{"minWireVersion":0,"maxWireVersion":13},"outgoing":{"minWireVersion":0,"maxWireVersion":13},"isInternalClient":true}}}
{"t":{"$date":"2022-10-18T22:51:24.265+05:30"},"s":"W",  "c":"ASIO",     "id":22601,   "ctx":"main","msg":"No TransportLayer configured during NetworkInterface startup"}
{"t":{"$date":"2022-10-18T22:51:24.268+05:30"},"s":"I",  "c":"NETWORK",  "id":4648602, "ctx":"main","msg":"Implicit TCP FastOpen in use."}
{"t":{"$date":"2022-10-18T22:51:24.270+05:30"},"s":"W",  "c":"ASIO",     "id":22601,   "ctx":"main","msg":"No TransportLayer configured during NetworkInterface startup"}
{"t":{"$date":"2022-10-18T22:51:24.270+05:30"},"s":"I",  "c":"REPL",     "id":5123008, "ctx":"main","msg":"Successfully registered PrimaryOnlyService","attr":{"service":"RenameCollectionParticipantService","ns":"config.localRenameParticipants"}}
{"t":{"$date":"2022-10-18T22:51:24.270+05:30"},"s":"I",  "c":"REPL",     "id":5123008, "ctx":"main","msg":"Successfully registered PrimaryOnlyService","attr":{"service":"ShardingDDLCoordinator","ns":"config.system.sharding_ddl_coordinators"}}
{"t":{"$date":"2022-10-18T22:51:24.270+05:30"},"s":"I",  "c":"REPL",     "id":5123008, "ctx":"main","msg":"Successfully registered PrimaryOnlyService","attr":{"service":"ReshardingDonorService","ns":"config.localReshardingOperations.donor"}}
{"t":{"$date":"2022-10-18T22:51:24.270+05:30"},"s":"I",  "c":"REPL",     "id":5123008, "ctx":"main","msg":"Successfully registered PrimaryOnlyService","attr":{"service":"ReshardingRecipientService","ns":"config.localReshardingOperations.recipient"}}
{"t":{"$date":"2022-10-18T22:51:24.270+05:30"},"s":"I",  "c":"CONTROL",  "id":5945603, "ctx":"main","msg":"Multi threading initialized"}
{"t":{"$date":"2022-10-18T22:51:24.271+05:30"},"s":"I",  "c":"CONTROL",  "id":4615611, "ctx":"initandlisten","msg":"MongoDB starting","attr":{"pid":32112,"port":27021,"dbPath":"sh02/sh021/db","architecture":"64-bit","host":"HP-Omen15"}}
{"t":{"$date":"2022-10-18T22:51:24.271+05:30"},"s":"I",  "c":"CONTROL",  "id":23398,   "ctx":"initandlisten","msg":"Target operating system minimum version","attr":{"targetMinOS":"Windows 7/Windows Server 2008 R2"}}
{"t":{"$date":"2022-10-18T22:51:24.271+05:30"},"s":"I",  "c":"CONTROL",  "id":23403,   "ctx":"initandlisten","msg":"Build Info","attr":{"buildInfo":{"version":"5.0.9","gitVersion":"6f7dae919422dcd7f4892c10ff20cdc721ad00e6","modules":[],"allocator":"tcmalloc","environment":{"distmod":"windows","distarch":"x86_64","target_arch":"x86_64"}}}}
{"t":{"$date":"2022-10-18T22:51:24.271+05:30"},"s":"I",  "c":"CONTROL",  "id":51765,   "ctx":"initandlisten","msg":"Operating System","attr":{"os":{"name":"Microsoft Windows 10","version":"10.0 (build 22000)"}}}
{"t":{"$date":"2022-10-18T22:51:24.271+05:30"},"s":"I",  "c":"CONTROL",  "id":21951,   "ctx":"initandlisten","msg":"Options set by command line","attr":{"options":{"config":"sh021.conf","net":{"bindIp":"*","port":27021},"replication":{"replSetName":"sh02"},"sharding":{"clusterRole":"shardsvr"},"storage":{"dbPath":"sh02/sh021/db/"},"systemLog":{"destination":"file","logAppend":true,"path":"sh02/sh021/log/sh021.log"}}}}
{"t":{"$date":"2022-10-18T22:51:24.274+05:30"},"s":"I",  "c":"STORAGE",  "id":22315,   "ctx":"initandlisten","msg":"Opening WiredTiger","attr":{"config":"create,cache_size=7346M,session_max=33000,eviction=(threads_min=4,threads_max=4),config_base=false,statistics=(fast),log=(enabled=true,archive=true,path=journal,compressor=snappy),builtin_extension_config=(zstd=(compression_level=6)),file_manager=(close_idle_time=600,close_scan_interval=10,close_handle_minimum=250),statistics_log=(wait=0),verbose=[recovery_progress,checkpoint_progress,compact_progress],"}}
{"t":{"$date":"2022-10-18T22:51:24.314+05:30"},"s":"I",  "c":"STORAGE",  "id":22430,   "ctx":"initandlisten","msg":"WiredTiger message","attr":{"message":"[1666113684:314544][32112:140724152197488], txn-recover: [WT_VERB_RECOVERY_ALL] Set global recovery timestamp: (0, 0)"}}
{"t":{"$date":"2022-10-18T22:51:24.314+05:30"},"s":"I",  "c":"STORAGE",  "id":22430,   "ctx":"initandlisten","msg":"WiredTiger message","attr":{"message":"[1666113684:314544][32112:140724152197488], txn-recover: [WT_VERB_RECOVERY_ALL] Set global oldest timestamp: (0, 0)"}}
{"t":{"$date":"2022-10-18T22:51:24.320+05:30"},"s":"I",  "c":"STORAGE",  "id":4795906, "ctx":"initandlisten","msg":"WiredTiger opened","attr":{"durationMillis":46}}
{"t":{"$date":"2022-10-18T22:51:24.320+05:30"},"s":"I",  "c":"RECOVERY", "id":23987,   "ctx":"initandlisten","msg":"WiredTiger recoveryTimestamp","attr":{"recoveryTimestamp":{"$timestamp":{"t":0,"i":0}}}}
{"t":{"$date":"2022-10-18T22:51:24.333+05:30"},"s":"I",  "c":"STORAGE",  "id":4366408, "ctx":"initandlisten","msg":"No table logging settings modifications are required for existing WiredTiger tables","attr":{"loggingEnabled":false}}
{"t":{"$date":"2022-10-18T22:51:24.333+05:30"},"s":"I",  "c":"STORAGE",  "id":22262,   "ctx":"initandlisten","msg":"Timestamp monitor starting"}
{"t":{"$date":"2022-10-18T22:51:24.345+05:30"},"s":"W",  "c":"CONTROL",  "id":22120,   "ctx":"initandlisten","msg":"Access control is not enabled for the database. Read and write access to data and configuration is unrestricted","tags":["startupWarnings"]}
{"t":{"$date":"2022-10-18T22:51:24.346+05:30"},"s":"I",  "c":"STORAGE",  "id":5071100, "ctx":"initandlisten","msg":"Clearing temp directory"}
{"t":{"$date":"2022-10-18T22:51:24.346+05:30"},"s":"I",  "c":"CONTROL",  "id":20536,   "ctx":"initandlisten","msg":"Flow Control is enabled on this deployment"}
{"t":{"$date":"2022-10-18T22:51:24.347+05:30"},"s":"W",  "c":"SHARDING", "id":22074,   "ctx":"initandlisten","msg":"Started with --shardsvr, but no shardIdentity document was found on disk. This most likely means this server has not yet been added to a sharded cluster","attr":{"namespace":"admin.system.version"}}
{"t":{"$date":"2022-10-18T22:51:24.603+05:30"},"s":"I",  "c":"FTDC",     "id":20625,   "ctx":"initandlisten","msg":"Initializing full-time diagnostic data capture","attr":{"dataDirectory":"sh02/sh021/db/diagnostic.data"}}
{"t":{"$date":"2022-10-18T22:51:24.604+05:30"},"s":"I",  "c":"STORAGE",  "id":20320,   "ctx":"initandlisten","msg":"createCollection","attr":{"namespace":"local.startup_log","uuidDisposition":"generated","uuid":{"uuid":{"$uuid":"814c5298-7905-48fb-b83d-5ff1988ac72c"}},"options":{"capped":true,"size":10485760}}}
{"t":{"$date":"2022-10-18T22:51:24.613+05:30"},"s":"I",  "c":"INDEX",    "id":20345,   "ctx":"initandlisten","msg":"Index build: done building","attr":{"buildUUID":null,"namespace":"local.startup_log","index":"_id_","commitTimestamp":null}}
{"t":{"$date":"2022-10-18T22:51:24.614+05:30"},"s":"I",  "c":"REPL",     "id":6015317, "ctx":"initandlisten","msg":"Setting new configuration state","attr":{"newState":"ConfigStartingUp","oldState":"ConfigPreStart"}}
{"t":{"$date":"2022-10-18T22:51:24.614+05:30"},"s":"I",  "c":"REPL",     "id":4280500, "ctx":"initandlisten","msg":"Attempting to create internal replication collections"}
{"t":{"$date":"2022-10-18T22:51:24.614+05:30"},"s":"I",  "c":"STORAGE",  "id":20320,   "ctx":"initandlisten","msg":"createCollection","attr":{"namespace":"local.replset.oplogTruncateAfterPoint","uuidDisposition":"generated","uuid":{"uuid":{"$uuid":"e887f21f-394a-4cec-a25a-130180e0e73d"}},"options":{}}}
{"t":{"$date":"2022-10-18T22:51:24.624+05:30"},"s":"I",  "c":"INDEX",    "id":20345,   "ctx":"initandlisten","msg":"Index build: done building","attr":{"buildUUID":null,"namespace":"local.replset.oplogTruncateAfterPoint","index":"_id_","commitTimestamp":null}}
{"t":{"$date":"2022-10-18T22:51:24.624+05:30"},"s":"I",  "c":"STORAGE",  "id":20320,   "ctx":"initandlisten","msg":"createCollection","attr":{"namespace":"local.replset.minvalid","uuidDisposition":"generated","uuid":{"uuid":{"$uuid":"1d6f86ba-8ed0-4603-994e-0e49b40cb3bb"}},"options":{}}}
{"t":{"$date":"2022-10-18T22:51:24.634+05:30"},"s":"I",  "c":"INDEX",    "id":20345,   "ctx":"initandlisten","msg":"Index build: done building","attr":{"buildUUID":null,"namespace":"local.replset.minvalid","index":"_id_","commitTimestamp":null}}
{"t":{"$date":"2022-10-18T22:51:24.635+05:30"},"s":"I",  "c":"STORAGE",  "id":20320,   "ctx":"initandlisten","msg":"createCollection","attr":{"namespace":"local.replset.election","uuidDisposition":"generated","uuid":{"uuid":{"$uuid":"cc8ad79d-3f3c-4e83-9ce8-aa4c55dd653e"}},"options":{}}}
{"t":{"$date":"2022-10-18T22:51:24.645+05:30"},"s":"I",  "c":"INDEX",    "id":20345,   "ctx":"initandlisten","msg":"Index build: done building","attr":{"buildUUID":null,"namespace":"local.replset.election","index":"_id_","commitTimestamp":null}}
{"t":{"$date":"2022-10-18T22:51:24.645+05:30"},"s":"I",  "c":"REPL",     "id":4280501, "ctx":"initandlisten","msg":"Attempting to load local voted for document"}
{"t":{"$date":"2022-10-18T22:51:24.645+05:30"},"s":"I",  "c":"REPL",     "id":21311,   "ctx":"initandlisten","msg":"Did not find local initialized voted for document at startup"}
{"t":{"$date":"2022-10-18T22:51:24.645+05:30"},"s":"I",  "c":"REPL",     "id":4280502, "ctx":"initandlisten","msg":"Searching for local Rollback ID document"}
{"t":{"$date":"2022-10-18T22:51:24.645+05:30"},"s":"I",  "c":"REPL",     "id":21312,   "ctx":"initandlisten","msg":"Did not find local Rollback ID document at startup. Creating one"}
{"t":{"$date":"2022-10-18T22:51:24.645+05:30"},"s":"I",  "c":"STORAGE",  "id":20320,   "ctx":"initandlisten","msg":"createCollection","attr":{"namespace":"local.system.rollback.id","uuidDisposition":"generated","uuid":{"uuid":{"$uuid":"06266418-b183-4df3-a5d1-29fd88bb0d9d"}},"options":{}}}
{"t":{"$date":"2022-10-18T22:51:24.655+05:30"},"s":"I",  "c":"INDEX",    "id":20345,   "ctx":"initandlisten","msg":"Index build: done building","attr":{"buildUUID":null,"namespace":"local.system.rollback.id","index":"_id_","commitTimestamp":null}}
{"t":{"$date":"2022-10-18T22:51:24.655+05:30"},"s":"I",  "c":"REPL",     "id":21531,   "ctx":"initandlisten","msg":"Initialized the rollback ID","attr":{"rbid":1}}
{"t":{"$date":"2022-10-18T22:51:24.655+05:30"},"s":"I",  "c":"REPL",     "id":21313,   "ctx":"initandlisten","msg":"Did not find local replica set configuration document at startup","attr":{"error":{"code":47,"codeName":"NoMatchingDocument","errmsg":"Did not find replica set configuration document in local.system.replset"}}}
{"t":{"$date":"2022-10-18T22:51:24.655+05:30"},"s":"I",  "c":"REPL",     "id":6015317, "ctx":"initandlisten","msg":"Setting new configuration state","attr":{"newState":"ConfigUninitialized","oldState":"ConfigStartingUp"}}
{"t":{"$date":"2022-10-18T22:51:24.655+05:30"},"s":"I",  "c":"STORAGE",  "id":20320,   "ctx":"initandlisten","msg":"createCollection","attr":{"namespace":"local.system.views","uuidDisposition":"generated","uuid":{"uuid":{"$uuid":"5ba911c9-83c2-4e07-97b5-be219a439ef8"}},"options":{}}}
{"t":{"$date":"2022-10-18T22:51:24.665+05:30"},"s":"I",  "c":"INDEX",    "id":20345,   "ctx":"initandlisten","msg":"Index build: done building","attr":{"buildUUID":null,"namespace":"local.system.views","index":"_id_","commitTimestamp":null}}
{"t":{"$date":"2022-10-18T22:51:24.667+05:30"},"s":"I",  "c":"CONTROL",  "id":20714,   "ctx":"LogicalSessionCacheRefresh","msg":"Failed to refresh session cache, will try again at the next refresh interval","attr":{"error":"ShardingStateNotInitialized: sharding state is not yet initialized"}}
{"t":{"$date":"2022-10-18T22:51:24.667+05:30"},"s":"I",  "c":"CONTROL",  "id":20712,   "ctx":"LogicalSessionCacheReap","msg":"Sessions collection is not set up; waiting until next sessions reap interval","attr":{"error":"ShardingStateNotInitialized: sharding state is not yet initialized"}}
{"t":{"$date":"2022-10-18T22:51:24.667+05:30"},"s":"I",  "c":"REPL",     "id":40440,   "ctx":"initandlisten","msg":"Starting the TopologyVersionObserver"}
{"t":{"$date":"2022-10-18T22:51:24.668+05:30"},"s":"I",  "c":"REPL",     "id":40445,   "ctx":"TopologyVersionObserver","msg":"Started TopologyVersionObserver"}
{"t":{"$date":"2022-10-18T22:51:24.668+05:30"},"s":"I",  "c":"NETWORK",  "id":23015,   "ctx":"listener","msg":"Listening on","attr":{"address":"0.0.0.0"}}
{"t":{"$date":"2022-10-18T22:51:24.668+05:30"},"s":"I",  "c":"NETWORK",  "id":23016,   "ctx":"listener","msg":"Waiting for connections","attr":{"port":27021,"ssl":"off"}}
{"t":{"$date":"2022-10-18T22:51:43.676+05:30"},"s":"I",  "c":"NETWORK",  "id":22943,   "ctx":"listener","msg":"Connection accepted","attr":{"remote":"127.0.0.1:61650","uuid":"b97dc059-20ea-48a1-ab5c-628fe8596081","connectionId":1,"connectionCount":1}}
{"t":{"$date":"2022-10-18T22:51:43.676+05:30"},"s":"I",  "c":"NETWORK",  "id":51800,   "ctx":"conn1","msg":"client metadata","attr":{"remote":"127.0.0.1:61650","client":"conn1","doc":{"application":{"name":"MongoDB Shell"},"driver":{"name":"MongoDB Internal Client","version":"5.0.9"},"os":{"type":"Windows","name":"Microsoft Windows 10","architecture":"x86_64","version":"10.0 (build 22000)"}}}}
{"t":{"$date":"2022-10-18T22:51:50.874+05:30"},"s":"I",  "c":"COMMAND",  "id":21577,   "ctx":"conn1","msg":"Initiate: no configuration specified. Using a default configuration for the set"}
{"t":{"$date":"2022-10-18T22:51:50.874+05:30"},"s":"I",  "c":"COMMAND",  "id":21578,   "ctx":"conn1","msg":"Created configuration for initiation","attr":{"config":"{ _id: \"sh02\", version: 1, members: [ { _id: 0, host: \"HP-Omen15:27021\" } ] }"}}
{"t":{"$date":"2022-10-18T22:51:50.875+05:30"},"s":"I",  "c":"REPL",     "id":21356,   "ctx":"conn1","msg":"replSetInitiate admin command received from client"}
{"t":{"$date":"2022-10-18T22:51:50.875+05:30"},"s":"I",  "c":"REPL",     "id":6015317, "ctx":"conn1","msg":"Setting new configuration state","attr":{"newState":"ConfigInitiating","oldState":"ConfigUninitialized"}}
{"t":{"$date":"2022-10-18T22:51:50.875+05:30"},"s":"I",  "c":"STORAGE",  "id":20320,   "ctx":"conn1","msg":"createCollection","attr":{"namespace":"admin.system.version","uuidDisposition":"provided","uuid":{"uuid":{"$uuid":"40c4ae66-3b93-47ca-a987-6d30d8a006a0"}},"options":{"uuid":{"$uuid":"40c4ae66-3b93-47ca-a987-6d30d8a006a0"}}}}
{"t":{"$date":"2022-10-18T22:51:50.886+05:30"},"s":"I",  "c":"INDEX",    "id":20345,   "ctx":"conn1","msg":"Index build: done building","attr":{"buildUUID":null,"namespace":"admin.system.version","index":"_id_","commitTimestamp":null}}
{"t":{"$date":"2022-10-18T22:51:50.887+05:30"},"s":"I",  "c":"REPL",     "id":20459,   "ctx":"conn1","msg":"Setting featureCompatibilityVersion","attr":{"newVersion":"4.4"}}
{"t":{"$date":"2022-10-18T22:51:50.887+05:30"},"s":"I",  "c":"NETWORK",  "id":4915702, "ctx":"conn1","msg":"Updated wire specification","attr":{"oldSpec":{"incomingExternalClient":{"minWireVersion":0,"maxWireVersion":13},"incomingInternalClient":{"minWireVersion":0,"maxWireVersion":13},"outgoing":{"minWireVersion":0,"maxWireVersion":13},"isInternalClient":true},"newSpec":{"incomingExternalClient":{"minWireVersion":0,"maxWireVersion":13},"incomingInternalClient":{"minWireVersion":9,"maxWireVersion":13},"outgoing":{"minWireVersion":9,"maxWireVersion":13},"isInternalClient":true}}}
{"t":{"$date":"2022-10-18T22:51:50.893+05:30"},"s":"I",  "c":"REPL",     "id":21357,   "ctx":"conn1","msg":"replSetInitiate config object parses ok","attr":{"numMembers":1}}
{"t":{"$date":"2022-10-18T22:51:50.894+05:30"},"s":"I",  "c":"REPL",     "id":21251,   "ctx":"conn1","msg":"Creating replication oplog","attr":{"oplogSizeMB":990}}
{"t":{"$date":"2022-10-18T22:51:50.894+05:30"},"s":"I",  "c":"STORAGE",  "id":20320,   "ctx":"conn1","msg":"createCollection","attr":{"namespace":"local.oplog.rs","uuidDisposition":"generated","uuid":{"uuid":{"$uuid":"fc615979-1d72-4a49-a11b-61171dbc1721"}},"options":{"capped":true,"size":1038090240,"autoIndexId":false}}}
{"t":{"$date":"2022-10-18T22:51:50.899+05:30"},"s":"I",  "c":"STORAGE",  "id":22383,   "ctx":"conn1","msg":"The size storer reports that the oplog contains","attr":{"numRecords":0,"dataSize":0}}
{"t":{"$date":"2022-10-18T22:51:50.899+05:30"},"s":"I",  "c":"STORAGE",  "id":22382,   "ctx":"conn1","msg":"WiredTiger record store oplog processing finished","attr":{"durationMillis":0}}
{"t":{"$date":"2022-10-18T22:51:50.903+05:30"},"s":"I",  "c":"STORAGE",  "id":22430,   "ctx":"conn1","msg":"WiredTiger message","attr":{"message":"[1666113710:903732][32112:140724152197488], WT_SESSION.checkpoint: [WT_VERB_CHECKPOINT_PROGRESS] saving checkpoint snapshot min: 68, snapshot max: 68 snapshot count: 0, oldest timestamp: (0, 0) , meta checkpoint timestamp: (0, 0) base write gen: 1"}}
{"t":{"$date":"2022-10-18T22:51:50.954+05:30"},"s":"I",  "c":"STORAGE",  "id":20320,   "ctx":"conn1","msg":"createCollection","attr":{"namespace":"local.system.replset","uuidDisposition":"generated","uuid":{"uuid":{"$uuid":"8e5ba652-b0e0-47e2-9d02-d2569757adaf"}},"options":{}}}
{"t":{"$date":"2022-10-18T22:51:50.966+05:30"},"s":"I",  "c":"INDEX",    "id":20345,   "ctx":"conn1","msg":"Index build: done building","attr":{"buildUUID":null,"namespace":"local.system.replset","index":"_id_","commitTimestamp":{"$timestamp":{"t":1666113710,"i":1}}}}
{"t":{"$date":"2022-10-18T22:51:50.975+05:30"},"s":"I",  "c":"STORAGE",  "id":22430,   "ctx":"conn1","msg":"WiredTiger message","attr":{"message":"[1666113710:974995][32112:140724152197488], WT_SESSION.checkpoint: [WT_VERB_CHECKPOINT_PROGRESS] saving checkpoint snapshot min: 77, snapshot max: 77 snapshot count: 0, oldest timestamp: (0, 0) , meta checkpoint timestamp: (0, 0) base write gen: 1"}}
{"t":{"$date":"2022-10-18T22:51:50.988+05:30"},"s":"I",  "c":"REPL",     "id":5872101, "ctx":"conn1","msg":"Taking a stable checkpoint for replSetInitiate"}
{"t":{"$date":"2022-10-18T22:51:50.988+05:30"},"s":"I",  "c":"REPL",     "id":5872100, "ctx":"conn1","msg":"Updating commit point for initiate","attr":{"_lastCommittedOpTimeAndWallTime":"{ ts: Timestamp(1666113710, 1), t: -1 }, 2022-10-18T22:51:50.966+05:30"}}
{"t":{"$date":"2022-10-18T22:51:50.988+05:30"},"s":"I",  "c":"STORAGE",  "id":22310,   "ctx":"conn1","msg":"Triggering the first stable checkpoint","attr":{"initialDataTimestamp":{"$timestamp":{"t":1666113710,"i":1}},"prevStableTimestamp":{"$timestamp":{"t":0,"i":0}},"currStableTimestamp":{"$timestamp":{"t":1666113710,"i":1}}}}
{"t":{"$date":"2022-10-18T22:51:50.988+05:30"},"s":"I",  "c":"STORAGE",  "id":22430,   "ctx":"conn1","msg":"WiredTiger message","attr":{"message":"[1666113710:988007][32112:140724152197488], WT_SESSION.checkpoint: [WT_VERB_CHECKPOINT_PROGRESS] saving checkpoint snapshot min: 79, snapshot max: 79 snapshot count: 0, oldest timestamp: (1666113710, 1) , meta checkpoint timestamp: (1666113710, 1) base write gen: 1"}}
{"t":{"$date":"2022-10-18T22:51:50.998+05:30"},"s":"I",  "c":"REPL",     "id":6015317, "ctx":"conn1","msg":"Setting new configuration state","attr":{"newState":"ConfigSteady","oldState":"ConfigInitiating"}}
{"t":{"$date":"2022-10-18T22:51:50.998+05:30"},"s":"I",  "c":"REPL",     "id":21392,   "ctx":"conn1","msg":"New replica set config in use","attr":{"config":{"_id":"sh02","version":1,"term":0,"members":[{"_id":0,"host":"HP-Omen15:27021","arbiterOnly":false,"buildIndexes":true,"hidden":false,"priority":1,"tags":{},"slaveDelay":0,"votes":1}],"protocolVersion":1,"writeConcernMajorityJournalDefault":true,"settings":{"chainingAllowed":true,"heartbeatIntervalMillis":2000,"heartbeatTimeoutSecs":10,"electionTimeoutMillis":10000,"catchUpTimeoutMillis":-1,"catchUpTakeoverDelayMillis":30000,"getLastErrorModes":{},"getLastErrorDefaults":{"w":1,"wtimeout":0},"replicaSetId":{"$oid":"634ee0ae9e40c0152157510e"}}}}}
{"t":{"$date":"2022-10-18T22:51:50.998+05:30"},"s":"I",  "c":"REPL",     "id":21393,   "ctx":"conn1","msg":"Found self in config","attr":{"hostAndPort":"HP-Omen15:27021"}}
{"t":{"$date":"2022-10-18T22:51:50.998+05:30"},"s":"I",  "c":"REPL",     "id":21358,   "ctx":"conn1","msg":"Replica set state transition","attr":{"newState":"STARTUP2","oldState":"STARTUP"}}
{"t":{"$date":"2022-10-18T22:51:50.998+05:30"},"s":"I",  "c":"STORAGE",  "id":22430,   "ctx":"Checkpointer","msg":"WiredTiger message","attr":{"message":"[1666113710:998008][32112:140724152197488], WT_SESSION.checkpoint: [WT_VERB_CHECKPOINT_PROGRESS] saving checkpoint snapshot min: 81, snapshot max: 81 snapshot count: 0, oldest timestamp: (1666113710, 1) , meta checkpoint timestamp: (1666113710, 1) base write gen: 1"}}
{"t":{"$date":"2022-10-18T22:51:50.998+05:30"},"s":"I",  "c":"REPL",     "id":21306,   "ctx":"conn1","msg":"Starting replication storage threads"}
{"t":{"$date":"2022-10-18T22:51:50.998+05:30"},"s":"I",  "c":"REPL",     "id":4280512, "ctx":"conn1","msg":"No initial sync required. Attempting to begin steady replication"}
{"t":{"$date":"2022-10-18T22:51:50.999+05:30"},"s":"I",  "c":"REPL",     "id":21358,   "ctx":"conn1","msg":"Replica set state transition","attr":{"newState":"RECOVERING","oldState":"STARTUP2"}}
{"t":{"$date":"2022-10-18T22:51:50.999+05:30"},"s":"I",  "c":"STORAGE",  "id":20320,   "ctx":"conn1","msg":"createCollection","attr":{"namespace":"local.replset.initialSyncId","uuidDisposition":"generated","uuid":{"uuid":{"$uuid":"c94c9938-f29c-420d-9c5b-f78c76e7bd9e"}},"options":{}}}
{"t":{"$date":"2022-10-18T22:51:51.013+05:30"},"s":"I",  "c":"INDEX",    "id":20345,   "ctx":"conn1","msg":"Index build: done building","attr":{"buildUUID":null,"namespace":"local.replset.initialSyncId","index":"_id_","commitTimestamp":null}}
{"t":{"$date":"2022-10-18T22:51:51.013+05:30"},"s":"I",  "c":"REPL",     "id":21299,   "ctx":"conn1","msg":"Starting replication fetcher thread"}
{"t":{"$date":"2022-10-18T22:51:51.013+05:30"},"s":"I",  "c":"REPL",     "id":21300,   "ctx":"conn1","msg":"Starting replication applier thread"}
{"t":{"$date":"2022-10-18T22:51:51.013+05:30"},"s":"I",  "c":"REPL",     "id":21301,   "ctx":"conn1","msg":"Starting replication reporter thread"}
{"t":{"$date":"2022-10-18T22:51:51.013+05:30"},"s":"I",  "c":"REPL",     "id":21224,   "ctx":"OplogApplier-0","msg":"Starting oplog application"}
{"t":{"$date":"2022-10-18T22:51:51.013+05:30"},"s":"I",  "c":"COMMAND",  "id":51803,   "ctx":"conn1","msg":"Slow query","attr":{"type":"command","ns":"local.system.replset","appName":"MongoDB Shell","command":{"replSetInitiate":{"$undefined":true},"lsid":{"id":{"$uuid":"c81129c1-e5ed-4f42-8dd3-f794a710b478"}},"$db":"admin"},"numYields":0,"reslen":143,"locks":{"ParallelBatchWriterMode":{"acquireCount":{"r":15}},"ReplicationStateTransition":{"acquireCount":{"w":16}},"Global":{"acquireCount":{"r":8,"w":6,"W":2}},"Database":{"acquireCount":{"r":6,"w":6,"R":1}},"Collection":{"acquireCount":{"r":2,"w":5}},"Mutex":{"acquireCount":{"r":12}},"oplog":{"acquireCount":{"w":1}}},"flowControl":{"acquireCount":5,"timeAcquiringMicros":11},"storage":{},"remote":"127.0.0.1:61650","protocol":"op_msg","durationMillis":138}}
{"t":{"$date":"2022-10-18T22:51:51.014+05:30"},"s":"I",  "c":"REPL",     "id":21358,   "ctx":"OplogApplier-0","msg":"Replica set state transition","attr":{"newState":"SECONDARY","oldState":"RECOVERING"}}
{"t":{"$date":"2022-10-18T22:51:51.019+05:30"},"s":"I",  "c":"ELECTION", "id":4615652, "ctx":"OplogApplier-0","msg":"Starting an election, since we've seen no PRIMARY in election timeout period","attr":{"electionTimeoutPeriodMillis":10000}}
{"t":{"$date":"2022-10-18T22:51:51.019+05:30"},"s":"I",  "c":"ELECTION", "id":21438,   "ctx":"OplogApplier-0","msg":"Conducting a dry run election to see if we could be elected","attr":{"currentTerm":0}}
{"t":{"$date":"2022-10-18T22:51:51.019+05:30"},"s":"I",  "c":"ELECTION", "id":21444,   "ctx":"ReplCoord-0","msg":"Dry election run succeeded, running for election","attr":{"newTerm":1}}
{"t":{"$date":"2022-10-18T22:51:51.019+05:30"},"s":"I",  "c":"ELECTION", "id":6015300, "ctx":"ReplCoord-0","msg":"Storing last vote document in local storage for my election","attr":{"lastVote":{"term":1,"candidateIndex":0}}}
{"t":{"$date":"2022-10-18T22:51:51.021+05:30"},"s":"I",  "c":"ELECTION", "id":21450,   "ctx":"ReplCoord-0","msg":"Election succeeded, assuming primary role","attr":{"term":1}}
{"t":{"$date":"2022-10-18T22:51:51.021+05:30"},"s":"I",  "c":"REPL",     "id":21358,   "ctx":"ReplCoord-0","msg":"Replica set state transition","attr":{"newState":"PRIMARY","oldState":"SECONDARY"}}
{"t":{"$date":"2022-10-18T22:51:51.021+05:30"},"s":"I",  "c":"REPL",     "id":21106,   "ctx":"ReplCoord-0","msg":"Resetting sync source to empty","attr":{"previousSyncSource":":27017"}}
{"t":{"$date":"2022-10-18T22:51:51.021+05:30"},"s":"I",  "c":"REPL",     "id":21359,   "ctx":"ReplCoord-0","msg":"Entering primary catch-up mode"}
{"t":{"$date":"2022-10-18T22:51:51.021+05:30"},"s":"I",  "c":"REPL",     "id":6015304, "ctx":"ReplCoord-0","msg":"Skipping primary catchup since we are the only node in the replica set."}
{"t":{"$date":"2022-10-18T22:51:51.021+05:30"},"s":"I",  "c":"REPL",     "id":21363,   "ctx":"ReplCoord-0","msg":"Exited primary catch-up mode"}
{"t":{"$date":"2022-10-18T22:51:51.021+05:30"},"s":"I",  "c":"REPL",     "id":21107,   "ctx":"ReplCoord-0","msg":"Stopping replication producer"}
{"t":{"$date":"2022-10-18T22:51:51.021+05:30"},"s":"I",  "c":"REPL",     "id":21239,   "ctx":"ReplBatcher","msg":"Oplog buffer has been drained","attr":{"term":1}}
{"t":{"$date":"2022-10-18T22:51:51.022+05:30"},"s":"I",  "c":"REPL",     "id":21239,   "ctx":"ReplBatcher","msg":"Oplog buffer has been drained","attr":{"term":1}}
{"t":{"$date":"2022-10-18T22:51:51.022+05:30"},"s":"I",  "c":"REPL",     "id":21343,   "ctx":"RstlKillOpThread","msg":"Starting to kill user operations"}
{"t":{"$date":"2022-10-18T22:51:51.022+05:30"},"s":"I",  "c":"REPL",     "id":21344,   "ctx":"RstlKillOpThread","msg":"Stopped killing user operations"}
{"t":{"$date":"2022-10-18T22:51:51.022+05:30"},"s":"I",  "c":"REPL",     "id":21340,   "ctx":"RstlKillOpThread","msg":"State transition ops metrics","attr":{"metrics":{"lastStateTransition":"stepUp","userOpsKilled":0,"userOpsRunning":0}}}
{"t":{"$date":"2022-10-18T22:51:51.022+05:30"},"s":"I",  "c":"REPL",     "id":4508103, "ctx":"OplogApplier-0","msg":"Increment the config term via reconfig"}
{"t":{"$date":"2022-10-18T22:51:51.022+05:30"},"s":"I",  "c":"REPL",     "id":6015313, "ctx":"OplogApplier-0","msg":"Replication config state is Steady, starting reconfig"}
{"t":{"$date":"2022-10-18T22:51:51.022+05:30"},"s":"I",  "c":"REPL",     "id":6015317, "ctx":"OplogApplier-0","msg":"Setting new configuration state","attr":{"newState":"ConfigReconfiguring","oldState":"ConfigSteady"}}
{"t":{"$date":"2022-10-18T22:51:51.023+05:30"},"s":"I",  "c":"REPL",     "id":21353,   "ctx":"OplogApplier-0","msg":"replSetReconfig config object parses ok","attr":{"numMembers":1}}
{"t":{"$date":"2022-10-18T22:51:51.023+05:30"},"s":"I",  "c":"REPL",     "id":51814,   "ctx":"OplogApplier-0","msg":"Persisting new config to disk"}
{"t":{"$date":"2022-10-18T22:51:51.024+05:30"},"s":"I",  "c":"REPL",     "id":6015315, "ctx":"OplogApplier-0","msg":"Persisted new config to disk"}
{"t":{"$date":"2022-10-18T22:51:51.024+05:30"},"s":"I",  "c":"REPL",     "id":6015317, "ctx":"OplogApplier-0","msg":"Setting new configuration state","attr":{"newState":"ConfigSteady","oldState":"ConfigReconfiguring"}}
{"t":{"$date":"2022-10-18T22:51:51.024+05:30"},"s":"I",  "c":"REPL",     "id":21392,   "ctx":"OplogApplier-0","msg":"New replica set config in use","attr":{"config":{"_id":"sh02","version":1,"term":1,"members":[{"_id":0,"host":"HP-Omen15:27021","arbiterOnly":false,"buildIndexes":true,"hidden":false,"priority":1,"tags":{},"slaveDelay":0,"votes":1}],"protocolVersion":1,"writeConcernMajorityJournalDefault":true,"settings":{"chainingAllowed":true,"heartbeatIntervalMillis":2000,"heartbeatTimeoutSecs":10,"electionTimeoutMillis":10000,"catchUpTimeoutMillis":-1,"catchUpTakeoverDelayMillis":30000,"getLastErrorModes":{},"getLastErrorDefaults":{"w":1,"wtimeout":0},"replicaSetId":{"$oid":"634ee0ae9e40c0152157510e"}}}}}
{"t":{"$date":"2022-10-18T22:51:51.024+05:30"},"s":"I",  "c":"REPL",     "id":21393,   "ctx":"OplogApplier-0","msg":"Found self in config","attr":{"hostAndPort":"HP-Omen15:27021"}}
{"t":{"$date":"2022-10-18T22:51:51.025+05:30"},"s":"I",  "c":"REPL",     "id":6015310, "ctx":"OplogApplier-0","msg":"Starting to transition to primary."}
{"t":{"$date":"2022-10-18T22:51:51.025+05:30"},"s":"I",  "c":"STORAGE",  "id":20320,   "ctx":"OplogApplier-0","msg":"createCollection","attr":{"namespace":"config.transactions","uuidDisposition":"generated","uuid":{"uuid":{"$uuid":"7b035e78-4d76-4e0d-9f27-a511251aba0a"}},"options":{}}}
{"t":{"$date":"2022-10-18T22:51:51.041+05:30"},"s":"I",  "c":"INDEX",    "id":20345,   "ctx":"OplogApplier-0","msg":"Index build: done building","attr":{"buildUUID":null,"namespace":"config.transactions","index":"_id_","commitTimestamp":{"$timestamp":{"t":1666113711,"i":2}}}}
{"t":{"$date":"2022-10-18T22:51:51.041+05:30"},"s":"I",  "c":"STORAGE",  "id":20320,   "ctx":"OplogApplier-0","msg":"createCollection","attr":{"namespace":"config.image_collection","uuidDisposition":"generated","uuid":{"uuid":{"$uuid":"d48f0f6c-19ff-4fb0-a9f5-4716475b093b"}},"options":{}}}
{"t":{"$date":"2022-10-18T22:51:51.052+05:30"},"s":"I",  "c":"INDEX",    "id":20345,   "ctx":"OplogApplier-0","msg":"Index build: done building","attr":{"buildUUID":null,"namespace":"config.image_collection","index":"_id_","commitTimestamp":{"$timestamp":{"t":1666113711,"i":3}}}}
{"t":{"$date":"2022-10-18T22:51:51.053+05:30"},"s":"I",  "c":"REPL",     "id":6015309, "ctx":"OplogApplier-0","msg":"Logging transition to primary to oplog on stepup"}
{"t":{"$date":"2022-10-18T22:51:51.053+05:30"},"s":"I",  "c":"STORAGE",  "id":20657,   "ctx":"OplogApplier-0","msg":"IndexBuildsCoordinator::onStepUp - this node is stepping up to primary"}
{"t":{"$date":"2022-10-18T22:51:51.053+05:30"},"s":"I",  "c":"STORAGE",  "id":20320,   "ctx":"OplogApplier-0","msg":"createCollection","attr":{"namespace":"config.system.indexBuilds","uuidDisposition":"generated","uuid":{"uuid":{"$uuid":"7acdcd31-c4bc-4f1b-be47-7b4075a853ac"}},"options":{}}}
{"t":{"$date":"2022-10-18T22:51:51.065+05:30"},"s":"I",  "c":"INDEX",    "id":20345,   "ctx":"OplogApplier-0","msg":"Index build: done building","attr":{"buildUUID":null,"namespace":"config.system.indexBuilds","index":"_id_","commitTimestamp":{"$timestamp":{"t":1666113711,"i":5}}}}
{"t":{"$date":"2022-10-18T22:51:51.065+05:30"},"s":"I",  "c":"REPL",     "id":21331,   "ctx":"OplogApplier-0","msg":"Transition to primary complete; database writes are now permitted"}
{"t":{"$date":"2022-10-18T22:51:51.065+05:30"},"s":"I",  "c":"REPL",     "id":6015306, "ctx":"OplogApplier-0","msg":"Applier already left draining state, exiting."}
{"t":{"$date":"2022-10-18T22:51:51.068+05:30"},"s":"I",  "c":"REPL",     "id":5123005, "ctx":"RenameCollectionParticipantService-0","msg":"Rebuilding PrimaryOnlyService due to stepUp","attr":{"service":"RenameCollectionParticipantService"}}
{"t":{"$date":"2022-10-18T22:51:51.068+05:30"},"s":"I",  "c":"REPL",     "id":5123005, "ctx":"ReshardingDonorService-0","msg":"Rebuilding PrimaryOnlyService due to stepUp","attr":{"service":"ReshardingDonorService"}}
{"t":{"$date":"2022-10-18T22:51:51.068+05:30"},"s":"I",  "c":"REPL",     "id":5123005, "ctx":"ReshardingRecipientService-0","msg":"Rebuilding PrimaryOnlyService due to stepUp","attr":{"service":"ReshardingRecipientService"}}
{"t":{"$date":"2022-10-18T22:51:51.069+05:30"},"s":"I",  "c":"REPL",     "id":5123005, "ctx":"ShardingDDLCoordinator-0","msg":"Rebuilding PrimaryOnlyService due to stepUp","attr":{"service":"ShardingDDLCoordinator"}}
{"t":{"$date":"2022-10-18T22:52:20.009+05:30"},"s":"I",  "c":"REPL",     "id":4508702, "ctx":"conn1","msg":"Waiting for the current config to propagate to a majority of nodes"}
{"t":{"$date":"2022-10-18T22:52:20.009+05:30"},"s":"I",  "c":"REPL",     "id":51815,   "ctx":"conn1","msg":"Waiting for the last committed optime in the previous config to be committed in the current config","attr":{"configOplogCommitmentOpTime":{"ts":{"$timestamp":{"t":1666113711,"i":4}},"t":1}}}
{"t":{"$date":"2022-10-18T22:52:20.009+05:30"},"s":"I",  "c":"REPL",     "id":4508701, "ctx":"conn1","msg":"The current replica set config is committed","attr":{"configVersion":1,"configTerm":1,"configWaitDurationMillis":0,"oplogWaitDurationMillis":0,"configOplogCommitmentOpTime":{"ts":{"$timestamp":{"t":1666113711,"i":4}},"t":1}}}
{"t":{"$date":"2022-10-18T22:52:20.009+05:30"},"s":"I",  "c":"REPL",     "id":21352,   "ctx":"conn1","msg":"replSetReconfig admin command received from client","attr":{"newConfig":{"_id":"sh02","version":2,"term":1,"members":[{"_id":0,"host":"HP-Omen15:27021","arbiterOnly":false,"buildIndexes":true,"hidden":false,"priority":1,"tags":{},"slaveDelay":0,"votes":1},{"_id":1,"host":"HP-Omen15:27022"}],"protocolVersion":1,"writeConcernMajorityJournalDefault":true,"settings":{"chainingAllowed":true,"heartbeatIntervalMillis":2000,"heartbeatTimeoutSecs":10,"electionTimeoutMillis":10000,"catchUpTimeoutMillis":-1,"catchUpTakeoverDelayMillis":30000,"getLastErrorModes":{},"getLastErrorDefaults":{"w":1,"wtimeout":0},"replicaSetId":{"$oid":"634ee0ae9e40c0152157510e"}}}}}
{"t":{"$date":"2022-10-18T22:52:20.009+05:30"},"s":"I",  "c":"REPL",     "id":6015313, "ctx":"conn1","msg":"Replication config state is Steady, starting reconfig"}
{"t":{"$date":"2022-10-18T22:52:20.009+05:30"},"s":"I",  "c":"REPL",     "id":6015317, "ctx":"conn1","msg":"Setting new configuration state","attr":{"newState":"ConfigReconfiguring","oldState":"ConfigSteady"}}
{"t":{"$date":"2022-10-18T22:52:20.009+05:30"},"s":"I",  "c":"REPL",     "id":6015314, "ctx":"conn1","msg":"Finding self in new config"}
{"t":{"$date":"2022-10-18T22:52:20.017+05:30"},"s":"I",  "c":"REPL",     "id":21353,   "ctx":"conn1","msg":"replSetReconfig config object parses ok","attr":{"numMembers":2}}
{"t":{"$date":"2022-10-18T22:52:20.017+05:30"},"s":"I",  "c":"REPL",     "id":4509600, "ctx":"conn1","msg":"Executing quorum check for reconfig"}
{"t":{"$date":"2022-10-18T22:52:20.017+05:30"},"s":"I",  "c":"REPL",     "id":21752,   "ctx":"conn1","msg":"Scheduling remote command request","attr":{"context":"reconfig quorum check","request":"RemoteCommand 1 -- target:HP-Omen15:27022 db:admin cmd:{ replSetHeartbeat: \"sh02\", configVersion: 2, configTerm: 1, hbv: 1, from: \"HP-Omen15:27021\", fromId: 0, term: 1 }"}}
{"t":{"$date":"2022-10-18T22:52:20.017+05:30"},"s":"I",  "c":"CONNPOOL", "id":22576,   "ctx":"ReplNetwork","msg":"Connecting","attr":{"hostAndPort":"HP-Omen15:27022"}}
{"t":{"$date":"2022-10-18T22:52:20.019+05:30"},"s":"I",  "c":"REPL",     "id":51814,   "ctx":"conn1","msg":"Persisting new config to disk"}
{"t":{"$date":"2022-10-18T22:52:20.021+05:30"},"s":"I",  "c":"REPL",     "id":6015315, "ctx":"conn1","msg":"Persisted new config to disk"}
{"t":{"$date":"2022-10-18T22:52:20.021+05:30"},"s":"I",  "c":"REPL",     "id":6015317, "ctx":"conn1","msg":"Setting new configuration state","attr":{"newState":"ConfigSteady","oldState":"ConfigReconfiguring"}}
{"t":{"$date":"2022-10-18T22:52:20.021+05:30"},"s":"I",  "c":"REPL",     "id":21392,   "ctx":"conn1","msg":"New replica set config in use","attr":{"config":{"_id":"sh02","version":2,"term":1,"members":[{"_id":0,"host":"HP-Omen15:27021","arbiterOnly":false,"buildIndexes":true,"hidden":false,"priority":1,"tags":{},"slaveDelay":0,"votes":1},{"_id":1,"host":"HP-Omen15:27022","arbiterOnly":false,"buildIndexes":true,"hidden":false,"priority":1,"tags":{},"slaveDelay":0,"votes":1}],"protocolVersion":1,"writeConcernMajorityJournalDefault":true,"settings":{"chainingAllowed":true,"heartbeatIntervalMillis":2000,"heartbeatTimeoutSecs":10,"electionTimeoutMillis":10000,"catchUpTimeoutMillis":-1,"catchUpTakeoverDelayMillis":30000,"getLastErrorModes":{},"getLastErrorDefaults":{"w":1,"wtimeout":0},"replicaSetId":{"$oid":"634ee0ae9e40c0152157510e"}}}}}
{"t":{"$date":"2022-10-18T22:52:20.021+05:30"},"s":"I",  "c":"REPL",     "id":21393,   "ctx":"conn1","msg":"Found self in config","attr":{"hostAndPort":"HP-Omen15:27021"}}
{"t":{"$date":"2022-10-18T22:52:20.021+05:30"},"s":"I",  "c":"REPL",     "id":4508702, "ctx":"conn1","msg":"Waiting for the current config to propagate to a majority of nodes"}
{"t":{"$date":"2022-10-18T22:52:20.021+05:30"},"s":"I",  "c":"REPL",     "id":21215,   "ctx":"ReplCoord-2","msg":"Member is in new state","attr":{"hostAndPort":"HP-Omen15:27022","newState":"STARTUP"}}
{"t":{"$date":"2022-10-18T22:52:20.022+05:30"},"s":"I",  "c":"NETWORK",  "id":22943,   "ctx":"listener","msg":"Connection accepted","attr":{"remote":"192.168.56.1:61706","uuid":"b30cdbd4-e734-491d-83d2-d9ec2a71a92a","connectionId":4,"connectionCount":2}}
{"t":{"$date":"2022-10-18T22:52:20.023+05:30"},"s":"I",  "c":"NETWORK",  "id":51800,   "ctx":"conn4","msg":"client metadata","attr":{"remote":"192.168.56.1:61706","client":"conn4","doc":{"driver":{"name":"NetworkInterfaceTL","version":"5.0.9"},"os":{"type":"Windows","name":"Microsoft Windows 10","architecture":"x86_64","version":"10.0 (build 22000)"}}}}
{"t":{"$date":"2022-10-18T22:52:20.025+05:30"},"s":"I",  "c":"NETWORK",  "id":22943,   "ctx":"listener","msg":"Connection accepted","attr":{"remote":"192.168.56.1:61707","uuid":"ed5084eb-9d38-48f2-9973-17e90d081cf8","connectionId":5,"connectionCount":3}}
{"t":{"$date":"2022-10-18T22:52:20.025+05:30"},"s":"W",  "c":"COMMAND",  "id":5578800, "ctx":"conn5","msg":"Deprecated operation requested. For more details see https://dochub.mongodb.org/core/legacy-opcode-compatibility","attr":{"op":"query","clientInfo":{"address":"192.168.56.1:61707"}}}
{"t":{"$date":"2022-10-18T22:52:20.025+05:30"},"s":"I",  "c":"NETWORK",  "id":22944,   "ctx":"conn5","msg":"Connection ended","attr":{"remote":"192.168.56.1:61707","uuid":"ed5084eb-9d38-48f2-9973-17e90d081cf8","connectionId":5,"connectionCount":2}}
{"t":{"$date":"2022-10-18T22:52:21.116+05:30"},"s":"I",  "c":"NETWORK",  "id":22943,   "ctx":"listener","msg":"Connection accepted","attr":{"remote":"192.168.56.1:61709","uuid":"bab4fcba-476b-4af0-9837-822af660565d","connectionId":6,"connectionCount":3}}
{"t":{"$date":"2022-10-18T22:52:21.116+05:30"},"s":"I",  "c":"NETWORK",  "id":51800,   "ctx":"conn6","msg":"client metadata","attr":{"remote":"192.168.56.1:61709","client":"conn6","doc":{"driver":{"name":"NetworkInterfaceTL","version":"5.0.9"},"os":{"type":"Windows","name":"Microsoft Windows 10","architecture":"x86_64","version":"10.0 (build 22000)"}}}}
{"t":{"$date":"2022-10-18T22:52:21.118+05:30"},"s":"I",  "c":"CONNPOOL", "id":22576,   "ctx":"MirrorMaestro","msg":"Connecting","attr":{"hostAndPort":"HP-Omen15:27022"}}
{"t":{"$date":"2022-10-18T22:52:21.120+05:30"},"s":"I",  "c":"NETWORK",  "id":22943,   "ctx":"listener","msg":"Connection accepted","attr":{"remote":"192.168.56.1:61712","uuid":"70132bdb-d0f7-4b90-bf07-5337ede5b0ba","connectionId":8,"connectionCount":4}}
{"t":{"$date":"2022-10-18T22:52:21.120+05:30"},"s":"I",  "c":"NETWORK",  "id":22943,   "ctx":"listener","msg":"Connection accepted","attr":{"remote":"192.168.56.1:61711","uuid":"a5691fa9-88f0-47ac-bda0-884a7565be89","connectionId":9,"connectionCount":5}}
{"t":{"$date":"2022-10-18T22:52:21.120+05:30"},"s":"I",  "c":"NETWORK",  "id":51800,   "ctx":"conn9","msg":"client metadata","attr":{"remote":"192.168.56.1:61711","client":"conn9","doc":{"driver":{"name":"MongoDB Internal Client","version":"5.0.9"},"os":{"type":"Windows","name":"Microsoft Windows 10","architecture":"x86_64","version":"10.0 (build 22000)"}}}}
{"t":{"$date":"2022-10-18T22:52:21.121+05:30"},"s":"W",  "c":"NETWORK",  "id":4615610, "ctx":"MirrorMaestro-0","msg":"Failed to check socket connectivity","attr":{"error":{"code":6,"codeName":"HostUnreachable","errmsg":"Connection closed by peer"}}}
{"t":{"$date":"2022-10-18T22:52:21.121+05:30"},"s":"I",  "c":"CONNPOOL", "id":22561,   "ctx":"MirrorMaestro-0","msg":"Dropping unhealthy pooled connection","attr":{"hostAndPort":"HP-Omen15:27022"}}
{"t":{"$date":"2022-10-18T22:52:21.135+05:30"},"s":"I",  "c":"NETWORK",  "id":51800,   "ctx":"conn8","msg":"client metadata","attr":{"remote":"192.168.56.1:61712","client":"conn8","doc":{"application":{"name":"OplogFetcher"},"driver":{"name":"MongoDB Internal Client","version":"5.0.9"},"os":{"type":"Windows","name":"Microsoft Windows 10","architecture":"x86_64","version":"10.0 (build 22000)"}}}}
{"t":{"$date":"2022-10-18T22:52:21.274+05:30"},"s":"I",  "c":"NETWORK",  "id":22944,   "ctx":"conn9","msg":"Connection ended","attr":{"remote":"192.168.56.1:61711","uuid":"a5691fa9-88f0-47ac-bda0-884a7565be89","connectionId":9,"connectionCount":4}}
{"t":{"$date":"2022-10-18T22:52:22.031+05:30"},"s":"I",  "c":"REPL",     "id":21215,   "ctx":"ReplCoord-1","msg":"Member is in new state","attr":{"hostAndPort":"HP-Omen15:27022","newState":"STARTUP2"}}
{"t":{"$date":"2022-10-18T22:52:22.031+05:30"},"s":"I",  "c":"REPL",     "id":4689401, "ctx":"conn1","msg":"Propagated current replica set config to a majority of nodes","attr":{"configVersion":2,"configTerm":1,"configWaitDurationMillis":2009}}
{"t":{"$date":"2022-10-18T22:52:22.031+05:30"},"s":"I",  "c":"COMMAND",  "id":51803,   "ctx":"conn1","msg":"Slow query","attr":{"type":"command","ns":"local.system.replset","appName":"MongoDB Shell","command":{"replSetReconfig":{"_id":"sh02","version":2,"term":1,"members":[{"_id":0,"host":"HP-Omen15:27021","arbiterOnly":false,"buildIndexes":true,"hidden":false,"priority":1,"tags":{},"slaveDelay":0,"votes":1},{"_id":1,"host":"HP-Omen15:27022"}],"protocolVersion":1,"writeConcernMajorityJournalDefault":true,"settings":{"chainingAllowed":true,"heartbeatIntervalMillis":2000,"heartbeatTimeoutSecs":10,"electionTimeoutMillis":10000,"catchUpTimeoutMillis":-1,"catchUpTakeoverDelayMillis":30000,"getLastErrorModes":{},"getLastErrorDefaults":{"w":1,"wtimeout":0},"replicaSetId":{"$oid":"634ee0ae9e40c0152157510e"}}},"lsid":{"id":{"$uuid":"c81129c1-e5ed-4f42-8dd3-f794a710b478"}},"$clusterTime":{"clusterTime":{"$timestamp":{"t":1666113731,"i":1}},"signature":{"hash":{"$binary":{"base64":"AAAAAAAAAAAAAAAAAAAAAAAAAAA=","subType":"0"}},"keyId":0}},"$db":"admin"},"numYields":0,"reslen":163,"locks":{"ParallelBatchWriterMode":{"acquireCount":{"r":2}},"ReplicationStateTransition":{"acquireCount":{"w":2}},"Global":{"acquireCount":{"w":2}},"Database":{"acquireCount":{"W":1}},"Mutex":{"acquireCount":{"r":1}}},"flowControl":{"acquireCount":1,"timeAcquiringMicros":2},"storage":{},"remote":"127.0.0.1:61650","protocol":"op_msg","durationMillis":2021}}
{"t":{"$date":"2022-10-18T22:52:28.065+05:30"},"s":"I",  "c":"REPL",     "id":21215,   "ctx":"ReplCoord-1","msg":"Member is in new state","attr":{"hostAndPort":"HP-Omen15:27022","newState":"SECONDARY"}}
{"t":{"$date":"2022-10-18T22:52:30.648+05:30"},"s":"I",  "c":"REPL",     "id":4508702, "ctx":"conn1","msg":"Waiting for the current config to propagate to a majority of nodes"}
{"t":{"$date":"2022-10-18T22:52:30.649+05:30"},"s":"I",  "c":"REPL",     "id":51815,   "ctx":"conn1","msg":"Waiting for the last committed optime in the previous config to be committed in the current config","attr":{"configOplogCommitmentOpTime":{"ts":{"$timestamp":{"t":1666113740,"i":1}},"t":1}}}
{"t":{"$date":"2022-10-18T22:52:30.649+05:30"},"s":"I",  "c":"REPL",     "id":4508701, "ctx":"conn1","msg":"The current replica set config is committed","attr":{"configVersion":2,"configTerm":1,"configWaitDurationMillis":0,"oplogWaitDurationMillis":0,"configOplogCommitmentOpTime":{"ts":{"$timestamp":{"t":1666113740,"i":1}},"t":1}}}
{"t":{"$date":"2022-10-18T22:52:30.649+05:30"},"s":"I",  "c":"REPL",     "id":21352,   "ctx":"conn1","msg":"replSetReconfig admin command received from client","attr":{"newConfig":{"_id":"sh02","version":3,"term":1,"members":[{"_id":0,"host":"HP-Omen15:27021","arbiterOnly":false,"buildIndexes":true,"hidden":false,"priority":1,"tags":{},"slaveDelay":0,"votes":1},{"_id":1,"host":"HP-Omen15:27022","arbiterOnly":false,"buildIndexes":true,"hidden":false,"priority":1,"tags":{},"slaveDelay":0,"votes":1},{"_id":2,"host":"HP-Omen15:27023"}],"protocolVersion":1,"writeConcernMajorityJournalDefault":true,"settings":{"chainingAllowed":true,"heartbeatIntervalMillis":2000,"heartbeatTimeoutSecs":10,"electionTimeoutMillis":10000,"catchUpTimeoutMillis":-1,"catchUpTakeoverDelayMillis":30000,"getLastErrorModes":{},"getLastErrorDefaults":{"w":1,"wtimeout":0},"replicaSetId":{"$oid":"634ee0ae9e40c0152157510e"}}}}}
{"t":{"$date":"2022-10-18T22:52:30.649+05:30"},"s":"I",  "c":"REPL",     "id":6015313, "ctx":"conn1","msg":"Replication config state is Steady, starting reconfig"}
{"t":{"$date":"2022-10-18T22:52:30.649+05:30"},"s":"I",  "c":"REPL",     "id":6015317, "ctx":"conn1","msg":"Setting new configuration state","attr":{"newState":"ConfigReconfiguring","oldState":"ConfigSteady"}}
{"t":{"$date":"2022-10-18T22:52:30.649+05:30"},"s":"I",  "c":"REPL",     "id":6015314, "ctx":"conn1","msg":"Finding self in new config"}
{"t":{"$date":"2022-10-18T22:52:30.667+05:30"},"s":"I",  "c":"REPL",     "id":21353,   "ctx":"conn1","msg":"replSetReconfig config object parses ok","attr":{"numMembers":3}}
{"t":{"$date":"2022-10-18T22:52:30.667+05:30"},"s":"I",  "c":"REPL",     "id":4509600, "ctx":"conn1","msg":"Executing quorum check for reconfig"}
{"t":{"$date":"2022-10-18T22:52:30.667+05:30"},"s":"I",  "c":"REPL",     "id":21752,   "ctx":"conn1","msg":"Scheduling remote command request","attr":{"context":"reconfig quorum check","request":"RemoteCommand 11 -- target:HP-Omen15:27022 db:admin cmd:{ replSetHeartbeat: \"sh02\", configVersion: 3, configTerm: 1, hbv: 1, from: \"HP-Omen15:27021\", fromId: 0, term: 1 }"}}
{"t":{"$date":"2022-10-18T22:52:30.667+05:30"},"s":"I",  "c":"REPL",     "id":21752,   "ctx":"conn1","msg":"Scheduling remote command request","attr":{"context":"reconfig quorum check","request":"RemoteCommand 12 -- target:HP-Omen15:27023 db:admin cmd:{ replSetHeartbeat: \"sh02\", configVersion: 3, configTerm: 1, hbv: 1, from: \"HP-Omen15:27021\", fromId: 0, term: 1 }"}}
{"t":{"$date":"2022-10-18T22:52:30.668+05:30"},"s":"I",  "c":"CONNPOOL", "id":22576,   "ctx":"ReplNetwork","msg":"Connecting","attr":{"hostAndPort":"HP-Omen15:27023"}}
{"t":{"$date":"2022-10-18T22:52:30.669+05:30"},"s":"I",  "c":"REPL",     "id":51814,   "ctx":"conn1","msg":"Persisting new config to disk"}
{"t":{"$date":"2022-10-18T22:52:30.670+05:30"},"s":"W",  "c":"NETWORK",  "id":4615610, "ctx":"conn8","msg":"Failed to check socket connectivity","attr":{"error":{"code":9001,"codeName":"SocketException","errmsg":"An established connection was aborted by the software in your host machine."}}}
{"t":{"$date":"2022-10-18T22:52:30.670+05:30"},"s":"I",  "c":"-",        "id":20883,   "ctx":"conn8","msg":"Interrupted operation as its client disconnected","attr":{"opId":2809}}
{"t":{"$date":"2022-10-18T22:52:30.670+05:30"},"s":"W",  "c":"QUERY",    "id":20478,   "ctx":"conn8","msg":"getMore command executor error","attr":{"error":{"code":279,"codeName":"ClientDisconnect","errmsg":"operation was interrupted because a client disconnected"},"stats":{"stage":"COLLSCAN","nReturned":1,"works":13,"advanced":1,"needTime":6,"needYield":0,"saveState":6,"restoreState":5,"isEOF":0,"direction":"forward","minRecord":7155904024716247041,"docsExamined":1},"cmd":{"getMore":5079500017637744339,"collection":"oplog.rs","batchSize":13981010,"maxTimeMS":5000,"term":1,"lastKnownCommittedOpTime":{"ts":{"$timestamp":{"t":0,"i":0}},"t":-1}}}}
{"t":{"$date":"2022-10-18T22:52:30.670+05:30"},"s":"I",  "c":"NETWORK",  "id":22989,   "ctx":"conn8","msg":"Error sending response to client. Ending connection from remote","attr":{"error":{"code":9001,"codeName":"SocketException","errmsg":"An established connection was aborted by the software in your host machine."},"remote":"192.168.56.1:61712","connectionId":8}}
{"t":{"$date":"2022-10-18T22:52:30.670+05:30"},"s":"I",  "c":"NETWORK",  "id":22944,   "ctx":"conn8","msg":"Connection ended","attr":{"remote":"192.168.56.1:61712","uuid":"70132bdb-d0f7-4b90-bf07-5337ede5b0ba","connectionId":8,"connectionCount":3}}
{"t":{"$date":"2022-10-18T22:52:30.672+05:30"},"s":"I",  "c":"REPL",     "id":6015315, "ctx":"conn1","msg":"Persisted new config to disk"}
{"t":{"$date":"2022-10-18T22:52:30.672+05:30"},"s":"I",  "c":"REPL",     "id":6015317, "ctx":"conn1","msg":"Setting new configuration state","attr":{"newState":"ConfigSteady","oldState":"ConfigReconfiguring"}}
{"t":{"$date":"2022-10-18T22:52:30.673+05:30"},"s":"I",  "c":"REPL",     "id":21392,   "ctx":"conn1","msg":"New replica set config in use","attr":{"config":{"_id":"sh02","version":3,"term":1,"members":[{"_id":0,"host":"HP-Omen15:27021","arbiterOnly":false,"buildIndexes":true,"hidden":false,"priority":1,"tags":{},"slaveDelay":0,"votes":1},{"_id":1,"host":"HP-Omen15:27022","arbiterOnly":false,"buildIndexes":true,"hidden":false,"priority":1,"tags":{},"slaveDelay":0,"votes":1},{"_id":2,"host":"HP-Omen15:27023","arbiterOnly":false,"buildIndexes":true,"hidden":false,"priority":1,"tags":{},"slaveDelay":0,"votes":1}],"protocolVersion":1,"writeConcernMajorityJournalDefault":true,"settings":{"chainingAllowed":true,"heartbeatIntervalMillis":2000,"heartbeatTimeoutSecs":10,"electionTimeoutMillis":10000,"catchUpTimeoutMillis":-1,"catchUpTakeoverDelayMillis":30000,"getLastErrorModes":{},"getLastErrorDefaults":{"w":1,"wtimeout":0},"replicaSetId":{"$oid":"634ee0ae9e40c0152157510e"}}}}}
{"t":{"$date":"2022-10-18T22:52:30.673+05:30"},"s":"I",  "c":"NETWORK",  "id":22943,   "ctx":"listener","msg":"Connection accepted","attr":{"remote":"192.168.56.1:61721","uuid":"52823118-7406-4b1a-bc10-be125512a5af","connectionId":14,"connectionCount":4}}
{"t":{"$date":"2022-10-18T22:52:30.673+05:30"},"s":"I",  "c":"REPL",     "id":21393,   "ctx":"conn1","msg":"Found self in config","attr":{"hostAndPort":"HP-Omen15:27021"}}
{"t":{"$date":"2022-10-18T22:52:30.673+05:30"},"s":"I",  "c":"REPL",     "id":4508702, "ctx":"conn1","msg":"Waiting for the current config to propagate to a majority of nodes"}
{"t":{"$date":"2022-10-18T22:52:30.673+05:30"},"s":"I",  "c":"NETWORK",  "id":51800,   "ctx":"conn14","msg":"client metadata","attr":{"remote":"192.168.56.1:61721","client":"conn14","doc":{"driver":{"name":"NetworkInterfaceTL","version":"5.0.9"},"os":{"type":"Windows","name":"Microsoft Windows 10","architecture":"x86_64","version":"10.0 (build 22000)"}}}}
{"t":{"$date":"2022-10-18T22:52:30.673+05:30"},"s":"I",  "c":"REPL",     "id":21215,   "ctx":"ReplCoord-1","msg":"Member is in new state","attr":{"hostAndPort":"HP-Omen15:27023","newState":"STARTUP"}}
{"t":{"$date":"2022-10-18T22:52:30.675+05:30"},"s":"I",  "c":"NETWORK",  "id":22943,   "ctx":"listener","msg":"Connection accepted","attr":{"remote":"192.168.56.1:61722","uuid":"6544d3bd-8508-4415-8ef1-c995fc75e5c2","connectionId":15,"connectionCount":5}}
{"t":{"$date":"2022-10-18T22:52:30.675+05:30"},"s":"I",  "c":"NETWORK",  "id":22943,   "ctx":"listener","msg":"Connection accepted","attr":{"remote":"192.168.56.1:61723","uuid":"a48a6809-2176-4f2c-90f5-10af4a4d07dd","connectionId":16,"connectionCount":6}}
{"t":{"$date":"2022-10-18T22:52:30.675+05:30"},"s":"I",  "c":"NETWORK",  "id":22944,   "ctx":"conn15","msg":"Connection ended","attr":{"remote":"192.168.56.1:61722","uuid":"6544d3bd-8508-4415-8ef1-c995fc75e5c2","connectionId":15,"connectionCount":5}}
{"t":{"$date":"2022-10-18T22:52:30.675+05:30"},"s":"I",  "c":"NETWORK",  "id":22944,   "ctx":"conn16","msg":"Connection ended","attr":{"remote":"192.168.56.1:61723","uuid":"a48a6809-2176-4f2c-90f5-10af4a4d07dd","connectionId":16,"connectionCount":4}}
{"t":{"$date":"2022-10-18T22:52:31.218+05:30"},"s":"I",  "c":"NETWORK",  "id":22943,   "ctx":"listener","msg":"Connection accepted","attr":{"remote":"192.168.56.1:61730","uuid":"07e3d986-f897-408f-95df-e093f6bf21aa","connectionId":17,"connectionCount":5}}
{"t":{"$date":"2022-10-18T22:52:31.219+05:30"},"s":"I",  "c":"NETWORK",  "id":51800,   "ctx":"conn17","msg":"client metadata","attr":{"remote":"192.168.56.1:61730","client":"conn17","doc":{"application":{"name":"OplogFetcher"},"driver":{"name":"MongoDB Internal Client","version":"5.0.9"},"os":{"type":"Windows","name":"Microsoft Windows 10","architecture":"x86_64","version":"10.0 (build 22000)"}}}}
{"t":{"$date":"2022-10-18T22:52:31.220+05:30"},"s":"W",  "c":"NETWORK",  "id":4615610, "ctx":"MirrorMaestro-0","msg":"Failed to check socket connectivity","attr":{"error":{"code":6,"codeName":"HostUnreachable","errmsg":"Connection closed by peer"}}}
{"t":{"$date":"2022-10-18T22:52:31.220+05:30"},"s":"I",  "c":"CONNPOOL", "id":22561,   "ctx":"MirrorMaestro-0","msg":"Dropping unhealthy pooled connection","attr":{"hostAndPort":"HP-Omen15:27022"}}
{"t":{"$date":"2022-10-18T22:52:31.220+05:30"},"s":"I",  "c":"CONNPOOL", "id":22576,   "ctx":"MirrorMaestro","msg":"Connecting","attr":{"hostAndPort":"HP-Omen15:27022"}}
{"t":{"$date":"2022-10-18T22:52:31.769+05:30"},"s":"I",  "c":"NETWORK",  "id":22943,   "ctx":"listener","msg":"Connection accepted","attr":{"remote":"192.168.56.1:61732","uuid":"ef007f27-df0f-4d0e-945a-8bd1d8d50c34","connectionId":19,"connectionCount":6}}
{"t":{"$date":"2022-10-18T22:52:31.770+05:30"},"s":"I",  "c":"NETWORK",  "id":51800,   "ctx":"conn19","msg":"client metadata","attr":{"remote":"192.168.56.1:61732","client":"conn19","doc":{"driver":{"name":"NetworkInterfaceTL","version":"5.0.9"},"os":{"type":"Windows","name":"Microsoft Windows 10","architecture":"x86_64","version":"10.0 (build 22000)"}}}}
{"t":{"$date":"2022-10-18T22:52:31.771+05:30"},"s":"I",  "c":"CONNPOOL", "id":22576,   "ctx":"MirrorMaestro","msg":"Connecting","attr":{"hostAndPort":"HP-Omen15:27023"}}
{"t":{"$date":"2022-10-18T22:52:31.773+05:30"},"s":"I",  "c":"NETWORK",  "id":22943,   "ctx":"listener","msg":"Connection accepted","attr":{"remote":"192.168.56.1:61734","uuid":"9dd9f801-961c-40ce-9276-747b2b152f3b","connectionId":21,"connectionCount":7}}
{"t":{"$date":"2022-10-18T22:52:31.773+05:30"},"s":"I",  "c":"NETWORK",  "id":22943,   "ctx":"listener","msg":"Connection accepted","attr":{"remote":"192.168.56.1:61735","uuid":"1bc2d304-c479-476f-9993-ee8532935151","connectionId":22,"connectionCount":8}}
{"t":{"$date":"2022-10-18T22:52:31.774+05:30"},"s":"I",  "c":"NETWORK",  "id":51800,   "ctx":"conn21","msg":"client metadata","attr":{"remote":"192.168.56.1:61734","client":"conn21","doc":{"application":{"name":"OplogFetcher"},"driver":{"name":"MongoDB Internal Client","version":"5.0.9"},"os":{"type":"Windows","name":"Microsoft Windows 10","architecture":"x86_64","version":"10.0 (build 22000)"}}}}
{"t":{"$date":"2022-10-18T22:52:31.774+05:30"},"s":"I",  "c":"NETWORK",  "id":51800,   "ctx":"conn22","msg":"client metadata","attr":{"remote":"192.168.56.1:61735","client":"conn22","doc":{"driver":{"name":"MongoDB Internal Client","version":"5.0.9"},"os":{"type":"Windows","name":"Microsoft Windows 10","architecture":"x86_64","version":"10.0 (build 22000)"}}}}
{"t":{"$date":"2022-10-18T22:52:31.918+05:30"},"s":"I",  "c":"NETWORK",  "id":22944,   "ctx":"conn22","msg":"Connection ended","attr":{"remote":"192.168.56.1:61735","uuid":"1bc2d304-c479-476f-9993-ee8532935151","connectionId":22,"connectionCount":7}}
{"t":{"$date":"2022-10-18T22:52:32.682+05:30"},"s":"I",  "c":"REPL",     "id":21215,   "ctx":"ReplCoord-3","msg":"Member is in new state","attr":{"hostAndPort":"HP-Omen15:27023","newState":"STARTUP2"}}
{"t":{"$date":"2022-10-18T22:52:32.683+05:30"},"s":"I",  "c":"REPL",     "id":4689401, "ctx":"conn1","msg":"Propagated current replica set config to a majority of nodes","attr":{"configVersion":3,"configTerm":1,"configWaitDurationMillis":2009}}
{"t":{"$date":"2022-10-18T22:52:32.683+05:30"},"s":"I",  "c":"COMMAND",  "id":51803,   "ctx":"conn1","msg":"Slow query","attr":{"type":"command","ns":"local.system.replset","appName":"MongoDB Shell","command":{"replSetReconfig":{"_id":"sh02","version":3,"term":1,"members":[{"_id":0,"host":"HP-Omen15:27021","arbiterOnly":false,"buildIndexes":true,"hidden":false,"priority":1,"tags":{},"slaveDelay":0,"votes":1},{"_id":1,"host":"HP-Omen15:27022","arbiterOnly":false,"buildIndexes":true,"hidden":false,"priority":1,"tags":{},"slaveDelay":0,"votes":1},{"_id":2,"host":"HP-Omen15:27023"}],"protocolVersion":1,"writeConcernMajorityJournalDefault":true,"settings":{"chainingAllowed":true,"heartbeatIntervalMillis":2000,"heartbeatTimeoutSecs":10,"electionTimeoutMillis":10000,"catchUpTimeoutMillis":-1,"catchUpTakeoverDelayMillis":30000,"getLastErrorModes":{},"getLastErrorDefaults":{"w":1,"wtimeout":0},"replicaSetId":{"$oid":"634ee0ae9e40c0152157510e"}}},"lsid":{"id":{"$uuid":"c81129c1-e5ed-4f42-8dd3-f794a710b478"}},"$clusterTime":{"clusterTime":{"$timestamp":{"t":1666113740,"i":1}},"signature":{"hash":{"$binary":{"base64":"AAAAAAAAAAAAAAAAAAAAAAAAAAA=","subType":"0"}},"keyId":0}},"$db":"admin"},"numYields":0,"reslen":163,"locks":{"ParallelBatchWriterMode":{"acquireCount":{"r":2}},"ReplicationStateTransition":{"acquireCount":{"w":2}},"Global":{"acquireCount":{"w":2}},"Database":{"acquireCount":{"W":1}},"Mutex":{"acquireCount":{"r":1}}},"flowControl":{"acquireCount":1,"timeAcquiringMicros":2},"storage":{},"remote":"127.0.0.1:61650","protocol":"op_msg","durationMillis":2034}}
{"t":{"$date":"2022-10-18T22:52:38.709+05:30"},"s":"I",  "c":"REPL",     "id":21215,   "ctx":"ReplCoord-3","msg":"Member is in new state","attr":{"hostAndPort":"HP-Omen15:27023","newState":"SECONDARY"}}
{"t":{"$date":"2022-10-18T22:52:41.097+05:30"},"s":"W",  "c":"NETWORK",  "id":4615610, "ctx":"conn21","msg":"Failed to check socket connectivity","attr":{"error":{"code":9001,"codeName":"SocketException","errmsg":"An established connection was aborted by the software in your host machine."}}}
{"t":{"$date":"2022-10-18T22:52:41.097+05:30"},"s":"I",  "c":"-",        "id":20883,   "ctx":"conn21","msg":"Interrupted operation as its client disconnected","attr":{"opId":3030}}
{"t":{"$date":"2022-10-18T22:52:41.097+05:30"},"s":"W",  "c":"QUERY",    "id":20478,   "ctx":"conn21","msg":"getMore command executor error","attr":{"error":{"code":279,"codeName":"ClientDisconnect","errmsg":"operation was interrupted because a client disconnected"},"stats":{"stage":"COLLSCAN","nReturned":1,"works":13,"advanced":1,"needTime":6,"needYield":0,"saveState":6,"restoreState":5,"isEOF":0,"direction":"forward","minRecord":7155904067665920001,"docsExamined":1},"cmd":{"getMore":7505969304767975759,"collection":"oplog.rs","batchSize":13981010,"maxTimeMS":5000,"term":1,"lastKnownCommittedOpTime":{"ts":{"$timestamp":{"t":0,"i":0}},"t":-1}}}}
{"t":{"$date":"2022-10-18T22:52:41.097+05:30"},"s":"I",  "c":"NETWORK",  "id":22989,   "ctx":"conn21","msg":"Error sending response to client. Ending connection from remote","attr":{"error":{"code":9001,"codeName":"SocketException","errmsg":"An established connection was aborted by the software in your host machine."},"remote":"192.168.56.1:61734","connectionId":21}}
{"t":{"$date":"2022-10-18T22:52:41.097+05:30"},"s":"I",  "c":"NETWORK",  "id":22944,   "ctx":"conn21","msg":"Connection ended","attr":{"remote":"192.168.56.1:61734","uuid":"9dd9f801-961c-40ce-9276-747b2b152f3b","connectionId":21,"connectionCount":6}}
{"t":{"$date":"2022-10-18T22:52:49.258+05:30"},"s":"I",  "c":"NETWORK",  "id":22944,   "ctx":"conn1","msg":"Connection ended","attr":{"remote":"127.0.0.1:61650","uuid":"b97dc059-20ea-48a1-ab5c-628fe8596081","connectionId":1,"connectionCount":5}}
{"t":{"$date":"2022-10-18T22:52:51.023+05:30"},"s":"I",  "c":"STORAGE",  "id":22430,   "ctx":"Checkpointer","msg":"WiredTiger message","attr":{"message":"[1666113771:23439][32112:140724152197488], WT_SESSION.checkpoint: [WT_VERB_CHECKPOINT_PROGRESS] saving checkpoint snapshot min: 128, snapshot max: 128 snapshot count: 0, oldest timestamp: (1666113710, 1) , meta checkpoint timestamp: (1666113761, 1) base write gen: 1"}}
{"t":{"$date":"2022-10-18T22:53:32.335+05:30"},"s":"I",  "c":"CONNPOOL", "id":22576,   "ctx":"MirrorMaestro","msg":"Connecting","attr":{"hostAndPort":"HP-Omen15:27023"}}
{"t":{"$date":"2022-10-18T22:53:51.055+05:30"},"s":"I",  "c":"STORAGE",  "id":22430,   "ctx":"Checkpointer","msg":"WiredTiger message","attr":{"message":"[1666113831:54850][32112:140724152197488], WT_SESSION.checkpoint: [WT_VERB_CHECKPOINT_PROGRESS] saving checkpoint snapshot min: 143, snapshot max: 143 snapshot count: 0, oldest timestamp: (1666113710, 1) , meta checkpoint timestamp: (1666113821, 1) base write gen: 1"}}
{"t":{"$date":"2022-10-18T22:54:51.073+05:30"},"s":"I",  "c":"STORAGE",  "id":22430,   "ctx":"Checkpointer","msg":"WiredTiger message","attr":{"message":"[1666113891:73106][32112:140724152197488], WT_SESSION.checkpoint: [WT_VERB_CHECKPOINT_PROGRESS] saving checkpoint snapshot min: 158, snapshot max: 158 snapshot count: 0, oldest timestamp: (1666113710, 1) , meta checkpoint timestamp: (1666113881, 1) base write gen: 1"}}
{"t":{"$date":"2022-10-18T22:55:51.103+05:30"},"s":"I",  "c":"STORAGE",  "id":22430,   "ctx":"Checkpointer","msg":"WiredTiger message","attr":{"message":"[1666113951:103190][32112:140724152197488], WT_SESSION.checkpoint: [WT_VERB_CHECKPOINT_PROGRESS] saving checkpoint snapshot min: 173, snapshot max: 173 snapshot count: 0, oldest timestamp: (1666113710, 1) , meta checkpoint timestamp: (1666113941, 1) base write gen: 1"}}
{"t":{"$date":"2022-10-18T22:56:24.667+05:30"},"s":"I",  "c":"CONTROL",  "id":20712,   "ctx":"LogicalSessionCacheReap","msg":"Sessions collection is not set up; waiting until next sessions reap interval","attr":{"error":"ShardingStateNotInitialized: sharding state is not yet initialized"}}
{"t":{"$date":"2022-10-18T22:56:24.667+05:30"},"s":"I",  "c":"CONTROL",  "id":20714,   "ctx":"LogicalSessionCacheRefresh","msg":"Failed to refresh session cache, will try again at the next refresh interval","attr":{"error":"ShardingStateNotInitialized: sharding state is not yet initialized"}}
{"t":{"$date":"2022-10-18T22:56:51.132+05:30"},"s":"I",  "c":"STORAGE",  "id":22430,   "ctx":"Checkpointer","msg":"WiredTiger message","attr":{"message":"[1666114011:132330][32112:140724152197488], WT_SESSION.checkpoint: [WT_VERB_CHECKPOINT_PROGRESS] saving checkpoint snapshot min: 188, snapshot max: 188 snapshot count: 0, oldest timestamp: (1666113710, 1) , meta checkpoint timestamp: (1666114001, 1) base write gen: 1"}}
{"t":{"$date":"2022-10-18T22:57:31.778+05:30"},"s":"I",  "c":"CONNPOOL", "id":22572,   "ctx":"MirrorMaestro","msg":"Dropping all pooled connections","attr":{"hostAndPort":"HP-Omen15:27023","error":"ConnectionPoolExpired: Pool for HP-Omen15:27023 has expired."}}
{"t":{"$date":"2022-10-18T22:57:31.778+05:30"},"s":"I",  "c":"CONNPOOL", "id":22572,   "ctx":"MirrorMaestro","msg":"Dropping all pooled connections","attr":{"hostAndPort":"HP-Omen15:27022","error":"ConnectionPoolExpired: Pool for HP-Omen15:27022 has expired."}}
{"t":{"$date":"2022-10-18T22:57:31.967+05:30"},"s":"I",  "c":"NETWORK",  "id":22944,   "ctx":"conn19","msg":"Connection ended","attr":{"remote":"192.168.56.1:61732","uuid":"ef007f27-df0f-4d0e-945a-8bd1d8d50c34","connectionId":19,"connectionCount":4}}
{"t":{"$date":"2022-10-18T22:57:51.160+05:30"},"s":"I",  "c":"STORAGE",  "id":22430,   "ctx":"Checkpointer","msg":"WiredTiger message","attr":{"message":"[1666114071:160364][32112:140724152197488], WT_SESSION.checkpoint: [WT_VERB_CHECKPOINT_PROGRESS] saving checkpoint snapshot min: 203, snapshot max: 203 snapshot count: 0, oldest timestamp: (1666113761, 1) , meta checkpoint timestamp: (1666114061, 1) base write gen: 1"}}
{"t":{"$date":"2022-10-18T22:58:51.188+05:30"},"s":"I",  "c":"STORAGE",  "id":22430,   "ctx":"Checkpointer","msg":"WiredTiger message","attr":{"message":"[1666114131:188608][32112:140724152197488], WT_SESSION.checkpoint: [WT_VERB_CHECKPOINT_PROGRESS] saving checkpoint snapshot min: 218, snapshot max: 218 snapshot count: 0, oldest timestamp: (1666113821, 1) , meta checkpoint timestamp: (1666114121, 1) base write gen: 1"}}
{"t":{"$date":"2022-10-18T22:59:51.223+05:30"},"s":"I",  "c":"STORAGE",  "id":22430,   "ctx":"Checkpointer","msg":"WiredTiger message","attr":{"message":"[1666114191:223380][32112:140724152197488], WT_SESSION.checkpoint: [WT_VERB_CHECKPOINT_PROGRESS] saving checkpoint snapshot min: 233, snapshot max: 233 snapshot count: 0, oldest timestamp: (1666113881, 1) , meta checkpoint timestamp: (1666114181, 1) base write gen: 1"}}
{"t":{"$date":"2022-10-18T23:00:51.243+05:30"},"s":"I",  "c":"STORAGE",  "id":22430,   "ctx":"Checkpointer","msg":"WiredTiger message","attr":{"message":"[1666114251:243047][32112:140724152197488], WT_SESSION.checkpoint: [WT_VERB_CHECKPOINT_PROGRESS] saving checkpoint snapshot min: 248, snapshot max: 248 snapshot count: 0, oldest timestamp: (1666113941, 1) , meta checkpoint timestamp: (1666114241, 1) base write gen: 1"}}
{"t":{"$date":"2022-10-18T23:01:24.683+05:30"},"s":"I",  "c":"CONTROL",  "id":20712,   "ctx":"LogicalSessionCacheReap","msg":"Sessions collection is not set up; waiting until next sessions reap interval","attr":{"error":"ShardingStateNotInitialized: sharding state is not yet initialized"}}
{"t":{"$date":"2022-10-18T23:01:24.683+05:30"},"s":"I",  "c":"CONTROL",  "id":20714,   "ctx":"LogicalSessionCacheRefresh","msg":"Failed to refresh session cache, will try again at the next refresh interval","attr":{"error":"ShardingStateNotInitialized: sharding state is not yet initialized"}}
{"t":{"$date":"2022-10-18T23:01:51.265+05:30"},"s":"I",  "c":"STORAGE",  "id":22430,   "ctx":"Checkpointer","msg":"WiredTiger message","attr":{"message":"[1666114311:264427][32112:140724152197488], WT_SESSION.checkpoint: [WT_VERB_CHECKPOINT_PROGRESS] saving checkpoint snapshot min: 263, snapshot max: 263 snapshot count: 0, oldest timestamp: (1666114001, 1) , meta checkpoint timestamp: (1666114301, 1) base write gen: 1"}}
{"t":{"$date":"2022-10-18T23:02:51.290+05:30"},"s":"I",  "c":"STORAGE",  "id":22430,   "ctx":"Checkpointer","msg":"WiredTiger message","attr":{"message":"[1666114371:290308][32112:140724152197488], WT_SESSION.checkpoint: [WT_VERB_CHECKPOINT_PROGRESS] saving checkpoint snapshot min: 278, snapshot max: 278 snapshot count: 0, oldest timestamp: (1666114061, 1) , meta checkpoint timestamp: (1666114361, 1) base write gen: 1"}}
{"t":{"$date":"2022-10-18T23:03:51.313+05:30"},"s":"I",  "c":"STORAGE",  "id":22430,   "ctx":"Checkpointer","msg":"WiredTiger message","attr":{"message":"[1666114431:313053][32112:140724152197488], WT_SESSION.checkpoint: [WT_VERB_CHECKPOINT_PROGRESS] saving checkpoint snapshot min: 293, snapshot max: 293 snapshot count: 0, oldest timestamp: (1666114121, 1) , meta checkpoint timestamp: (1666114421, 1) base write gen: 1"}}
{"t":{"$date":"2022-10-18T23:04:51.332+05:30"},"s":"I",  "c":"STORAGE",  "id":22430,   "ctx":"Checkpointer","msg":"WiredTiger message","attr":{"message":"[1666114491:332187][32112:140724152197488], WT_SESSION.checkpoint: [WT_VERB_CHECKPOINT_PROGRESS] saving checkpoint snapshot min: 308, snapshot max: 308 snapshot count: 0, oldest timestamp: (1666114181, 1) , meta checkpoint timestamp: (1666114481, 1) base write gen: 1"}}
{"t":{"$date":"2022-10-18T23:05:51.358+05:30"},"s":"I",  "c":"STORAGE",  "id":22430,   "ctx":"Checkpointer","msg":"WiredTiger message","attr":{"message":"[1666114551:357729][32112:140724152197488], WT_SESSION.checkpoint: [WT_VERB_CHECKPOINT_PROGRESS] saving checkpoint snapshot min: 323, snapshot max: 323 snapshot count: 0, oldest timestamp: (1666114241, 1) , meta checkpoint timestamp: (1666114541, 1) base write gen: 1"}}
{"t":{"$date":"2022-10-18T23:06:24.689+05:30"},"s":"I",  "c":"CONTROL",  "id":20712,   "ctx":"LogicalSessionCacheReap","msg":"Sessions collection is not set up; waiting until next sessions reap interval","attr":{"error":"ShardingStateNotInitialized: sharding state is not yet initialized"}}
{"t":{"$date":"2022-10-18T23:06:24.689+05:30"},"s":"I",  "c":"CONTROL",  "id":20714,   "ctx":"LogicalSessionCacheRefresh","msg":"Failed to refresh session cache, will try again at the next refresh interval","attr":{"error":"ShardingStateNotInitialized: sharding state is not yet initialized"}}
{"t":{"$date":"2022-10-18T23:06:51.381+05:30"},"s":"I",  "c":"STORAGE",  "id":22430,   "ctx":"Checkpointer","msg":"WiredTiger message","attr":{"message":"[1666114611:381380][32112:140724152197488], WT_SESSION.checkpoint: [WT_VERB_CHECKPOINT_PROGRESS] saving checkpoint snapshot min: 338, snapshot max: 338 snapshot count: 0, oldest timestamp: (1666114301, 1) , meta checkpoint timestamp: (1666114601, 1) base write gen: 1"}}
{"t":{"$date":"2022-10-18T23:07:51.398+05:30"},"s":"I",  "c":"STORAGE",  "id":22430,   "ctx":"Checkpointer","msg":"WiredTiger message","attr":{"message":"[1666114671:398449][32112:140724152197488], WT_SESSION.checkpoint: [WT_VERB_CHECKPOINT_PROGRESS] saving checkpoint snapshot min: 353, snapshot max: 353 snapshot count: 0, oldest timestamp: (1666114361, 1) , meta checkpoint timestamp: (1666114661, 1) base write gen: 1"}}
{"t":{"$date":"2022-10-18T23:08:51.415+05:30"},"s":"I",  "c":"STORAGE",  "id":22430,   "ctx":"Checkpointer","msg":"WiredTiger message","attr":{"message":"[1666114731:414912][32112:140724152197488], WT_SESSION.checkpoint: [WT_VERB_CHECKPOINT_PROGRESS] saving checkpoint snapshot min: 368, snapshot max: 368 snapshot count: 0, oldest timestamp: (1666114421, 1) , meta checkpoint timestamp: (1666114721, 1) base write gen: 1"}}
{"t":{"$date":"2022-10-18T23:09:51.440+05:30"},"s":"I",  "c":"STORAGE",  "id":22430,   "ctx":"Checkpointer","msg":"WiredTiger message","attr":{"message":"[1666114791:439632][32112:140724152197488], WT_SESSION.checkpoint: [WT_VERB_CHECKPOINT_PROGRESS] saving checkpoint snapshot min: 383, snapshot max: 383 snapshot count: 0, oldest timestamp: (1666114481, 1) , meta checkpoint timestamp: (1666114781, 1) base write gen: 1"}}
{"t":{"$date":"2022-10-18T23:10:51.456+05:30"},"s":"I",  "c":"STORAGE",  "id":22430,   "ctx":"Checkpointer","msg":"WiredTiger message","attr":{"message":"[1666114851:456511][32112:140724152197488], WT_SESSION.checkpoint: [WT_VERB_CHECKPOINT_PROGRESS] saving checkpoint snapshot min: 398, snapshot max: 398 snapshot count: 0, oldest timestamp: (1666114542, 1) , meta checkpoint timestamp: (1666114842, 1) base write gen: 1"}}
{"t":{"$date":"2022-10-18T23:11:24.694+05:30"},"s":"I",  "c":"CONTROL",  "id":20714,   "ctx":"LogicalSessionCacheRefresh","msg":"Failed to refresh session cache, will try again at the next refresh interval","attr":{"error":"ShardingStateNotInitialized: sharding state is not yet initialized"}}
{"t":{"$date":"2022-10-18T23:11:24.694+05:30"},"s":"I",  "c":"CONTROL",  "id":20712,   "ctx":"LogicalSessionCacheReap","msg":"Sessions collection is not set up; waiting until next sessions reap interval","attr":{"error":"ShardingStateNotInitialized: sharding state is not yet initialized"}}
{"t":{"$date":"2022-10-18T23:11:51.474+05:30"},"s":"I",  "c":"STORAGE",  "id":22430,   "ctx":"Checkpointer","msg":"WiredTiger message","attr":{"message":"[1666114911:474222][32112:140724152197488], WT_SESSION.checkpoint: [WT_VERB_CHECKPOINT_PROGRESS] saving checkpoint snapshot min: 413, snapshot max: 413 snapshot count: 0, oldest timestamp: (1666114602, 1) , meta checkpoint timestamp: (1666114902, 1) base write gen: 1"}}
{"t":{"$date":"2022-10-18T23:12:51.492+05:30"},"s":"I",  "c":"STORAGE",  "id":22430,   "ctx":"Checkpointer","msg":"WiredTiger message","attr":{"message":"[1666114971:492736][32112:140724152197488], WT_SESSION.checkpoint: [WT_VERB_CHECKPOINT_PROGRESS] saving checkpoint snapshot min: 428, snapshot max: 428 snapshot count: 0, oldest timestamp: (1666114662, 1) , meta checkpoint timestamp: (1666114962, 1) base write gen: 1"}}
{"t":{"$date":"2022-10-18T23:13:34.853+05:30"},"s":"I",  "c":"CONTROL",  "id":23373,   "ctx":"thread93","msg":"CTRL_CLOSE_EVENT signal"}
{"t":{"$date":"2022-10-18T23:13:34.853+05:30"},"s":"I",  "c":"CONTROL",  "id":23371,   "ctx":"consoleTerminate","msg":"Received event, will terminate after current command ends","attr":{"controlCode":"CTRL_CLOSE_EVENT"}}
{"t":{"$date":"2022-10-18T23:13:34.854+05:30"},"s":"I",  "c":"REPL",     "id":4784900, "ctx":"consoleTerminate","msg":"Stepping down the ReplicationCoordinator for shutdown","attr":{"waitTimeMillis":15000}}
{"t":{"$date":"2022-10-18T23:13:34.854+05:30"},"s":"I",  "c":"REPL",     "id":21343,   "ctx":"RstlKillOpThread","msg":"Starting to kill user operations"}
{"t":{"$date":"2022-10-18T23:13:34.854+05:30"},"s":"I",  "c":"REPL",     "id":21344,   "ctx":"RstlKillOpThread","msg":"Stopped killing user operations"}
{"t":{"$date":"2022-10-18T23:13:34.855+05:30"},"s":"I",  "c":"REPL",     "id":21340,   "ctx":"RstlKillOpThread","msg":"State transition ops metrics","attr":{"metrics":{"lastStateTransition":"stepDown","userOpsKilled":0,"userOpsRunning":1}}}
{"t":{"$date":"2022-10-18T23:13:34.855+05:30"},"s":"I",  "c":"COMMAND",  "id":6015318, "ctx":"consoleTerminate","msg":"Yielding locks for prepared transactions."}
{"t":{"$date":"2022-10-18T23:13:34.855+05:30"},"s":"I",  "c":"COMMAND",  "id":6015319, "ctx":"consoleTerminate","msg":"Invalidating sessions for stepdown."}
{"t":{"$date":"2022-10-18T23:13:34.855+05:30"},"s":"I",  "c":"REPL",     "id":21358,   "ctx":"consoleTerminate","msg":"Replica set state transition","attr":{"newState":"SECONDARY","oldState":"PRIMARY"}}
{"t":{"$date":"2022-10-18T23:13:34.856+05:30"},"s":"I",  "c":"REPL",     "id":5123007, "ctx":"consoleTerminate","msg":"Interrupting PrimaryOnlyService due to stepDown","attr":{"service":"RenameCollectionParticipantService","numInstances":0,"numOperationContexts":0}}
{"t":{"$date":"2022-10-18T23:13:34.856+05:30"},"s":"I",  "c":"REPL",     "id":5123007, "ctx":"consoleTerminate","msg":"Interrupting PrimaryOnlyService due to stepDown","attr":{"service":"ReshardingDonorService","numInstances":0,"numOperationContexts":0}}
{"t":{"$date":"2022-10-18T23:13:34.856+05:30"},"s":"I",  "c":"REPL",     "id":5123007, "ctx":"consoleTerminate","msg":"Interrupting PrimaryOnlyService due to stepDown","attr":{"service":"ShardingDDLCoordinator","numInstances":0,"numOperationContexts":0}}
{"t":{"$date":"2022-10-18T23:13:34.856+05:30"},"s":"I",  "c":"REPL",     "id":5123007, "ctx":"consoleTerminate","msg":"Interrupting PrimaryOnlyService due to stepDown","attr":{"service":"ReshardingRecipientService","numInstances":0,"numOperationContexts":0}}
{"t":{"$date":"2022-10-18T23:13:34.856+05:30"},"s":"I",  "c":"REPL",     "id":21347,   "ctx":"consoleTerminate","msg":"Handing off election","attr":{"target":"HP-Omen15:27022"}}
{"t":{"$date":"2022-10-18T23:13:34.856+05:30"},"s":"I",  "c":"COMMAND",  "id":4784901, "ctx":"consoleTerminate","msg":"Shutting down the MirrorMaestro"}
{"t":{"$date":"2022-10-18T23:13:34.856+05:30"},"s":"I",  "c":"REPL",     "id":40441,   "ctx":"consoleTerminate","msg":"Stopping TopologyVersionObserver"}
{"t":{"$date":"2022-10-18T23:13:34.857+05:30"},"s":"I",  "c":"REPL",     "id":40447,   "ctx":"TopologyVersionObserver","msg":"Stopped TopologyVersionObserver"}
{"t":{"$date":"2022-10-18T23:13:34.857+05:30"},"s":"I",  "c":"SHARDING", "id":4784902, "ctx":"consoleTerminate","msg":"Shutting down the WaitForMajorityService"}
{"t":{"$date":"2022-10-18T23:13:34.860+05:30"},"s":"I",  "c":"CONTROL",  "id":4784903, "ctx":"consoleTerminate","msg":"Shutting down the LogicalSessionCache"}
{"t":{"$date":"2022-10-18T23:13:34.860+05:30"},"s":"I",  "c":"NETWORK",  "id":20562,   "ctx":"consoleTerminate","msg":"Shutdown: going to close listening sockets"}
{"t":{"$date":"2022-10-18T23:13:34.861+05:30"},"s":"I",  "c":"NETWORK",  "id":4784905, "ctx":"consoleTerminate","msg":"Shutting down the global connection pool"}
{"t":{"$date":"2022-10-18T23:13:34.861+05:30"},"s":"I",  "c":"CONTROL",  "id":4784906, "ctx":"consoleTerminate","msg":"Shutting down the FlowControlTicketholder"}
{"t":{"$date":"2022-10-18T23:13:34.861+05:30"},"s":"I",  "c":"-",        "id":20520,   "ctx":"consoleTerminate","msg":"Stopping further Flow Control ticket acquisitions."}
{"t":{"$date":"2022-10-18T23:13:34.861+05:30"},"s":"I",  "c":"CONTROL",  "id":4784908, "ctx":"consoleTerminate","msg":"Shutting down the PeriodicThreadToAbortExpiredTransactions"}
{"t":{"$date":"2022-10-18T23:13:34.862+05:30"},"s":"I",  "c":"REPL",     "id":4784909, "ctx":"consoleTerminate","msg":"Shutting down the ReplicationCoordinator"}
{"t":{"$date":"2022-10-18T23:13:34.862+05:30"},"s":"I",  "c":"REPL",     "id":5074000, "ctx":"consoleTerminate","msg":"Shutting down the replica set aware services."}
{"t":{"$date":"2022-10-18T23:13:34.862+05:30"},"s":"I",  "c":"REPL",     "id":5123006, "ctx":"consoleTerminate","msg":"Shutting down PrimaryOnlyService","attr":{"service":"RenameCollectionParticipantService","numInstances":0,"numOperationContexts":0}}
{"t":{"$date":"2022-10-18T23:13:34.862+05:30"},"s":"I",  "c":"ASIO",     "id":22582,   "ctx":"RenameCollectionParticipantServiceNetwork","msg":"Killing all outstanding egress activity."}
{"t":{"$date":"2022-10-18T23:13:34.862+05:30"},"s":"I",  "c":"REPL",     "id":5123006, "ctx":"consoleTerminate","msg":"Shutting down PrimaryOnlyService","attr":{"service":"ReshardingDonorService","numInstances":0,"numOperationContexts":0}}
{"t":{"$date":"2022-10-18T23:13:34.863+05:30"},"s":"I",  "c":"ASIO",     "id":22582,   "ctx":"ReshardingDonorServiceNetwork","msg":"Killing all outstanding egress activity."}
{"t":{"$date":"2022-10-18T23:13:34.864+05:30"},"s":"I",  "c":"REPL",     "id":5123006, "ctx":"consoleTerminate","msg":"Shutting down PrimaryOnlyService","attr":{"service":"ShardingDDLCoordinator","numInstances":0,"numOperationContexts":0}}
{"t":{"$date":"2022-10-18T23:13:34.864+05:30"},"s":"I",  "c":"ASIO",     "id":22582,   "ctx":"ShardingDDLCoordinatorNetwork","msg":"Killing all outstanding egress activity."}
{"t":{"$date":"2022-10-18T23:13:34.867+05:30"},"s":"I",  "c":"REPL",     "id":5123006, "ctx":"consoleTerminate","msg":"Shutting down PrimaryOnlyService","attr":{"service":"ReshardingRecipientService","numInstances":0,"numOperationContexts":0}}
{"t":{"$date":"2022-10-18T23:13:34.867+05:30"},"s":"I",  "c":"ASIO",     "id":22582,   "ctx":"ReshardingRecipientServiceNetwork","msg":"Killing all outstanding egress activity."}
{"t":{"$date":"2022-10-18T23:13:34.868+05:30"},"s":"I",  "c":"REPL",     "id":21328,   "ctx":"consoleTerminate","msg":"Shutting down replication subsystems"}
{"t":{"$date":"2022-10-18T23:13:34.868+05:30"},"s":"I",  "c":"REPL",     "id":21302,   "ctx":"consoleTerminate","msg":"Stopping replication reporter thread"}
{"t":{"$date":"2022-10-18T23:13:34.868+05:30"},"s":"I",  "c":"REPL",     "id":21303,   "ctx":"consoleTerminate","msg":"Stopping replication fetcher thread"}
{"t":{"$date":"2022-10-18T23:13:34.868+05:30"},"s":"I",  "c":"REPL",     "id":21304,   "ctx":"consoleTerminate","msg":"Stopping replication applier thread"}
{"t":{"$date":"2022-10-18T23:13:35.266+05:30"},"s":"I",  "c":"REPL",     "id":21225,   "ctx":"OplogApplier-0","msg":"Finished oplog application"}
{"t":{"$date":"2022-10-18T23:13:35.859+05:30"},"s":"I",  "c":"REPL",     "id":21107,   "ctx":"BackgroundSync","msg":"Stopping replication producer"}
{"t":{"$date":"2022-10-18T23:13:35.859+05:30"},"s":"I",  "c":"REPL",     "id":5698300, "ctx":"consoleTerminate","msg":"Stopping replication applier writer pool"}
{"t":{"$date":"2022-10-18T23:13:35.859+05:30"},"s":"I",  "c":"REPL",     "id":21307,   "ctx":"consoleTerminate","msg":"Stopping replication storage threads"}
{"t":{"$date":"2022-10-18T23:13:35.859+05:30"},"s":"I",  "c":"ASIO",     "id":22582,   "ctx":"OplogApplierNetwork","msg":"Killing all outstanding egress activity."}
{"t":{"$date":"2022-10-18T23:13:35.860+05:30"},"s":"I",  "c":"ASIO",     "id":22582,   "ctx":"consoleTerminate","msg":"Killing all outstanding egress activity."}
{"t":{"$date":"2022-10-18T23:13:35.860+05:30"},"s":"I",  "c":"ASIO",     "id":22582,   "ctx":"ReplCoordExternNetwork","msg":"Killing all outstanding egress activity."}
{"t":{"$date":"2022-10-18T23:13:35.861+05:30"},"s":"I",  "c":"ASIO",     "id":22582,   "ctx":"ReplNetwork","msg":"Killing all outstanding egress activity."}
{"t":{"$date":"2022-10-18T23:13:35.861+05:30"},"s":"I",  "c":"CONNPOOL", "id":22572,   "ctx":"ReplNetwork","msg":"Dropping all pooled connections","attr":{"hostAndPort":"HP-Omen15:27022","error":"ShutdownInProgress: Shutting down the connection pool"}}
{"t":{"$date":"2022-10-18T23:13:35.861+05:30"},"s":"I",  "c":"CONNPOOL", "id":22572,   "ctx":"ReplNetwork","msg":"Dropping all pooled connections","attr":{"hostAndPort":"HP-Omen15:27023","error":"ShutdownInProgress: Shutting down the connection pool"}}
{"t":{"$date":"2022-10-18T23:13:35.862+05:30"},"s":"I",  "c":"SHARDING", "id":4784910, "ctx":"consoleTerminate","msg":"Shutting down the ShardingInitializationMongoD"}
{"t":{"$date":"2022-10-18T23:13:35.864+05:30"},"s":"I",  "c":"REPL",     "id":4784911, "ctx":"consoleTerminate","msg":"Enqueuing the ReplicationStateTransitionLock for shutdown"}
{"t":{"$date":"2022-10-18T23:13:35.864+05:30"},"s":"I",  "c":"-",        "id":4784912, "ctx":"consoleTerminate","msg":"Killing all operations for shutdown"}
{"t":{"$date":"2022-10-18T23:13:35.864+05:30"},"s":"I",  "c":"-",        "id":4695300, "ctx":"consoleTerminate","msg":"Interrupted all currently running operations","attr":{"opsKilled":5}}
{"t":{"$date":"2022-10-18T23:13:35.864+05:30"},"s":"I",  "c":"TENANT_M", "id":5093807, "ctx":"consoleTerminate","msg":"Shutting down all TenantMigrationAccessBlockers on global shutdown"}
{"t":{"$date":"2022-10-18T23:13:35.864+05:30"},"s":"I",  "c":"COMMAND",  "id":4784913, "ctx":"consoleTerminate","msg":"Shutting down all open transactions"}
{"t":{"$date":"2022-10-18T23:13:35.864+05:30"},"s":"I",  "c":"REPL",     "id":4784914, "ctx":"consoleTerminate","msg":"Acquiring the ReplicationStateTransitionLock for shutdown"}
{"t":{"$date":"2022-10-18T23:13:35.864+05:30"},"s":"I",  "c":"INDEX",    "id":4784915, "ctx":"consoleTerminate","msg":"Shutting down the IndexBuildsCoordinator"}
{"t":{"$date":"2022-10-18T23:13:35.865+05:30"},"s":"I",  "c":"REPL",     "id":4784916, "ctx":"consoleTerminate","msg":"Reacquiring the ReplicationStateTransitionLock for shutdown"}
{"t":{"$date":"2022-10-18T23:13:35.865+05:30"},"s":"I",  "c":"REPL",     "id":4784917, "ctx":"consoleTerminate","msg":"Attempting to mark clean shutdown"}
{"t":{"$date":"2022-10-18T23:13:35.865+05:30"},"s":"I",  "c":"NETWORK",  "id":4784918, "ctx":"consoleTerminate","msg":"Shutting down the ReplicaSetMonitor"}
{"t":{"$date":"2022-10-18T23:13:35.865+05:30"},"s":"I",  "c":"SHARDING", "id":4784921, "ctx":"consoleTerminate","msg":"Shutting down the MigrationUtilExecutor"}
{"t":{"$date":"2022-10-18T23:13:35.866+05:30"},"s":"I",  "c":"ASIO",     "id":22582,   "ctx":"MigrationUtil-TaskExecutor","msg":"Killing all outstanding egress activity."}
{"t":{"$date":"2022-10-18T23:13:35.866+05:30"},"s":"I",  "c":"COMMAND",  "id":4784923, "ctx":"consoleTerminate","msg":"Shutting down the ServiceEntryPoint"}
{"t":{"$date":"2022-10-18T23:13:35.866+05:30"},"s":"I",  "c":"CONTROL",  "id":4784925, "ctx":"consoleTerminate","msg":"Shutting down free monitoring"}
{"t":{"$date":"2022-10-18T23:13:35.866+05:30"},"s":"I",  "c":"CONTROL",  "id":20609,   "ctx":"consoleTerminate","msg":"Shutting down free monitoring"}
{"t":{"$date":"2022-10-18T23:13:35.866+05:30"},"s":"I",  "c":"CONTROL",  "id":4784927, "ctx":"consoleTerminate","msg":"Shutting down the HealthLog"}
{"t":{"$date":"2022-10-18T23:13:35.866+05:30"},"s":"I",  "c":"CONTROL",  "id":4784928, "ctx":"consoleTerminate","msg":"Shutting down the TTL monitor"}
{"t":{"$date":"2022-10-18T23:13:35.866+05:30"},"s":"I",  "c":"INDEX",    "id":3684100, "ctx":"consoleTerminate","msg":"Shutting down TTL collection monitor thread"}
{"t":{"$date":"2022-10-18T23:13:35.866+05:30"},"s":"I",  "c":"INDEX",    "id":3684101, "ctx":"consoleTerminate","msg":"Finished shutting down TTL collection monitor thread"}
{"t":{"$date":"2022-10-18T23:13:35.866+05:30"},"s":"I",  "c":"CONTROL",  "id":4784929, "ctx":"consoleTerminate","msg":"Acquiring the global lock for shutdown"}
{"t":{"$date":"2022-10-18T23:13:35.866+05:30"},"s":"I",  "c":"CONTROL",  "id":4784930, "ctx":"consoleTerminate","msg":"Shutting down the storage engine"}
{"t":{"$date":"2022-10-18T23:13:35.866+05:30"},"s":"I",  "c":"STORAGE",  "id":22320,   "ctx":"consoleTerminate","msg":"Shutting down journal flusher thread"}
{"t":{"$date":"2022-10-18T23:13:35.866+05:30"},"s":"I",  "c":"STORAGE",  "id":22321,   "ctx":"consoleTerminate","msg":"Finished shutting down journal flusher thread"}
{"t":{"$date":"2022-10-18T23:13:35.866+05:30"},"s":"I",  "c":"STORAGE",  "id":22322,   "ctx":"consoleTerminate","msg":"Shutting down checkpoint thread"}
{"t":{"$date":"2022-10-18T23:13:35.866+05:30"},"s":"I",  "c":"STORAGE",  "id":22323,   "ctx":"consoleTerminate","msg":"Finished shutting down checkpoint thread"}
{"t":{"$date":"2022-10-18T23:13:35.866+05:30"},"s":"I",  "c":"STORAGE",  "id":20282,   "ctx":"consoleTerminate","msg":"Deregistering all the collections"}
{"t":{"$date":"2022-10-18T23:13:35.866+05:30"},"s":"I",  "c":"STORAGE",  "id":22261,   "ctx":"consoleTerminate","msg":"Timestamp monitor shutting down"}
{"t":{"$date":"2022-10-18T23:13:35.867+05:30"},"s":"I",  "c":"STORAGE",  "id":22317,   "ctx":"consoleTerminate","msg":"WiredTigerKVEngine shutting down"}
{"t":{"$date":"2022-10-18T23:13:35.867+05:30"},"s":"I",  "c":"STORAGE",  "id":22372,   "ctx":"OplogVisibilityThread","msg":"Oplog visibility thread shutting down."}
{"t":{"$date":"2022-10-18T23:13:35.867+05:30"},"s":"I",  "c":"STORAGE",  "id":22318,   "ctx":"consoleTerminate","msg":"Shutting down session sweeper thread"}
{"t":{"$date":"2022-10-18T23:13:35.867+05:30"},"s":"I",  "c":"STORAGE",  "id":22319,   "ctx":"consoleTerminate","msg":"Finished shutting down session sweeper thread"}
{"t":{"$date":"2022-10-18T23:13:35.869+05:30"},"s":"I",  "c":"STORAGE",  "id":22324,   "ctx":"consoleTerminate","msg":"Closing WiredTiger in preparation for reconfiguring","attr":{"closeConfig":"leak_memory=true,"}}
{"t":{"$date":"2022-10-18T23:13:35.871+05:30"},"s":"I",  "c":"STORAGE",  "id":22430,   "ctx":"consoleTerminate","msg":"WiredTiger message","attr":{"message":"[1666115015:871255][32112:140724152197488], close_ckpt: [WT_VERB_CHECKPOINT_PROGRESS] saving checkpoint snapshot min: 443, snapshot max: 443 snapshot count: 0, oldest timestamp: (1666114712, 1) , meta checkpoint timestamp: (1666115012, 1) base write gen: 1"}}
{"t":{"$date":"2022-10-18T23:13:35.898+05:30"},"s":"I",  "c":"STORAGE",  "id":4795905, "ctx":"consoleTerminate","msg":"WiredTiger closed","attr":{"durationMillis":29}}
{"t":{"$date":"2022-10-18T23:13:36.091+05:30"},"s":"I",  "c":"STORAGE",  "id":22430,   "ctx":"consoleTerminate","msg":"WiredTiger message","attr":{"message":"[1666115016:91098][32112:140724152197488], txn-recover: [WT_VERB_RECOVERY_PROGRESS] Recovering log 1 through 2"}}
{"t":{"$date":"2022-10-18T23:13:36.158+05:30"},"s":"I",  "c":"STORAGE",  "id":22430,   "ctx":"consoleTerminate","msg":"WiredTiger message","attr":{"message":"[1666115016:158100][32112:140724152197488], txn-recover: [WT_VERB_RECOVERY_PROGRESS] Recovering log 2 through 2"}}
{"t":{"$date":"2022-10-18T23:13:36.238+05:30"},"s":"I",  "c":"STORAGE",  "id":22430,   "ctx":"consoleTerminate","msg":"WiredTiger message","attr":{"message":"[1666115016:238098][32112:140724152197488], txn-recover: [WT_VERB_RECOVERY_ALL] Main recovery loop: starting at 1/148992 to 2/256"}}
{"t":{"$date":"2022-10-18T23:13:36.239+05:30"},"s":"I",  "c":"STORAGE",  "id":22430,   "ctx":"consoleTerminate","msg":"WiredTiger message","attr":{"message":"[1666115016:239417][32112:140724152197488], txn-recover: [WT_VERB_RECOVERY_PROGRESS] Recovering log 1 through 2"}}
{"t":{"$date":"2022-10-18T23:13:36.316+05:30"},"s":"I",  "c":"STORAGE",  "id":22430,   "ctx":"consoleTerminate","msg":"WiredTiger message","attr":{"message":"[1666115016:316111][32112:140724152197488], txn-recover: [WT_VERB_RECOVERY_PROGRESS] Recovering log 2 through 2"}}
{"t":{"$date":"2022-10-18T23:13:36.380+05:30"},"s":"I",  "c":"STORAGE",  "id":22430,   "ctx":"consoleTerminate","msg":"WiredTiger message","attr":{"message":"[1666115016:380098][32112:140724152197488], txn-recover: [WT_VERB_RECOVERY_ALL] Set global recovery timestamp: (1666115012, 1)"}}
{"t":{"$date":"2022-10-18T23:13:36.380+05:30"},"s":"I",  "c":"STORAGE",  "id":22430,   "ctx":"consoleTerminate","msg":"WiredTiger message","attr":{"message":"[1666115016:380098][32112:140724152197488], txn-recover: [WT_VERB_RECOVERY_ALL] Set global oldest timestamp: (1666114712, 1)"}}
{"t":{"$date":"2022-10-18T23:13:36.383+05:30"},"s":"I",  "c":"STORAGE",  "id":22430,   "ctx":"consoleTerminate","msg":"WiredTiger message","attr":{"message":"[1666115016:383257][32112:140724152197488], WT_SESSION.checkpoint: [WT_VERB_CHECKPOINT_PROGRESS] saving checkpoint snapshot min: 9, snapshot max: 9 snapshot count: 0, oldest timestamp: (1666114712, 1) , meta checkpoint timestamp: (1666115012, 1) base write gen: 106"}}
{"t":{"$date":"2022-10-18T23:13:36.395+05:30"},"s":"I",  "c":"STORAGE",  "id":4795904, "ctx":"consoleTerminate","msg":"WiredTiger re-opened","attr":{"durationMillis":497}}
{"t":{"$date":"2022-10-18T23:13:36.395+05:30"},"s":"I",  "c":"STORAGE",  "id":22325,   "ctx":"consoleTerminate","msg":"Reconfiguring","attr":{"newConfig":"compatibility=(release=10.0)"}}
{"t":{"$date":"2022-10-18T23:13:36.396+05:30"},"s":"I",  "c":"STORAGE",  "id":4795903, "ctx":"consoleTerminate","msg":"Reconfigure complete","attr":{"durationMillis":1}}
{"t":{"$date":"2022-10-18T23:13:36.397+05:30"},"s":"I",  "c":"STORAGE",  "id":4795902, "ctx":"consoleTerminate","msg":"Closing WiredTiger","attr":{"closeConfig":"leak_memory=true,"}}
{"t":{"$date":"2022-10-18T23:13:36.398+05:30"},"s":"I",  "c":"STORAGE",  "id":22430,   "ctx":"consoleTerminate","msg":"WiredTiger message","attr":{"message":"[1666115016:398104][32112:140724152197488], close_ckpt: [WT_VERB_CHECKPOINT_PROGRESS] saving checkpoint snapshot min: 10, snapshot max: 10 snapshot count: 0, oldest timestamp: (1666114712, 1) , meta checkpoint timestamp: (1666115012, 1) base write gen: 106"}}
{"t":{"$date":"2022-10-18T23:13:36.419+05:30"},"s":"I",  "c":"STORAGE",  "id":4795901, "ctx":"consoleTerminate","msg":"WiredTiger closed","attr":{"durationMillis":22}}
{"t":{"$date":"2022-10-18T23:13:36.419+05:30"},"s":"I",  "c":"STORAGE",  "id":22281,   "ctx":"consoleTerminate","msg":"shutdown: removing fs lock..."}
{"t":{"$date":"2022-10-18T23:13:36.420+05:30"},"s":"I",  "c":"-",        "id":4784931, "ctx":"consoleTerminate","msg":"Dropping the scope cache for shutdown"}
{"t":{"$date":"2022-10-18T23:13:36.420+05:30"},"s":"I",  "c":"FTDC",     "id":4784926, "ctx":"consoleTerminate","msg":"Shutting down full-time data capture"}
{"t":{"$date":"2022-10-18T23:13:36.420+05:30"},"s":"I",  "c":"FTDC",     "id":20626,   "ctx":"consoleTerminate","msg":"Shutting down full-time diagnostic data capture"}
{"t":{"$date":"2022-10-18T23:13:36.420+05:30"},"s":"I",  "c":"CONTROL",  "id":20565,   "ctx":"consoleTerminate","msg":"Now exiting"}
{"t":{"$date":"2022-10-18T23:13:36.421+05:30"},"s":"I",  "c":"CONTROL",  "id":23138,   "ctx":"consoleTerminate","msg":"Shutting down","attr":{"exitCode":12}}
