{"t":{"$date":"2022-10-18T22:51:30.442+05:30"},"s":"I",  "c":"CONTROL",  "id":23285,   "ctx":"-","msg":"Automatically disabling TLS 1.0, to force-enable TLS 1.0 specify --sslDisabledProtocols 'none'"}
{"t":{"$date":"2022-10-18T22:51:30.444+05:30"},"s":"I",  "c":"NETWORK",  "id":4915701, "ctx":"-","msg":"Initialized wire specification","attr":{"spec":{"incomingExternalClient":{"minWireVersion":0,"maxWireVersion":13},"incomingInternalClient":{"minWireVersion":0,"maxWireVersion":13},"outgoing":{"minWireVersion":0,"maxWireVersion":13},"isInternalClient":true}}}
{"t":{"$date":"2022-10-18T22:51:30.447+05:30"},"s":"W",  "c":"ASIO",     "id":22601,   "ctx":"main","msg":"No TransportLayer configured during NetworkInterface startup"}
{"t":{"$date":"2022-10-18T22:51:30.449+05:30"},"s":"I",  "c":"NETWORK",  "id":4648602, "ctx":"main","msg":"Implicit TCP FastOpen in use."}
{"t":{"$date":"2022-10-18T22:51:30.451+05:30"},"s":"W",  "c":"ASIO",     "id":22601,   "ctx":"main","msg":"No TransportLayer configured during NetworkInterface startup"}
{"t":{"$date":"2022-10-18T22:51:30.451+05:30"},"s":"I",  "c":"REPL",     "id":5123008, "ctx":"main","msg":"Successfully registered PrimaryOnlyService","attr":{"service":"RenameCollectionParticipantService","ns":"config.localRenameParticipants"}}
{"t":{"$date":"2022-10-18T22:51:30.451+05:30"},"s":"I",  "c":"REPL",     "id":5123008, "ctx":"main","msg":"Successfully registered PrimaryOnlyService","attr":{"service":"ShardingDDLCoordinator","ns":"config.system.sharding_ddl_coordinators"}}
{"t":{"$date":"2022-10-18T22:51:30.451+05:30"},"s":"I",  "c":"REPL",     "id":5123008, "ctx":"main","msg":"Successfully registered PrimaryOnlyService","attr":{"service":"ReshardingDonorService","ns":"config.localReshardingOperations.donor"}}
{"t":{"$date":"2022-10-18T22:51:30.451+05:30"},"s":"I",  "c":"REPL",     "id":5123008, "ctx":"main","msg":"Successfully registered PrimaryOnlyService","attr":{"service":"ReshardingRecipientService","ns":"config.localReshardingOperations.recipient"}}
{"t":{"$date":"2022-10-18T22:51:30.451+05:30"},"s":"I",  "c":"CONTROL",  "id":5945603, "ctx":"main","msg":"Multi threading initialized"}
{"t":{"$date":"2022-10-18T22:51:30.452+05:30"},"s":"I",  "c":"CONTROL",  "id":4615611, "ctx":"initandlisten","msg":"MongoDB starting","attr":{"pid":19640,"port":27022,"dbPath":"sh02/sh022/db","architecture":"64-bit","host":"HP-Omen15"}}
{"t":{"$date":"2022-10-18T22:51:30.453+05:30"},"s":"I",  "c":"CONTROL",  "id":23398,   "ctx":"initandlisten","msg":"Target operating system minimum version","attr":{"targetMinOS":"Windows 7/Windows Server 2008 R2"}}
{"t":{"$date":"2022-10-18T22:51:30.453+05:30"},"s":"I",  "c":"CONTROL",  "id":23403,   "ctx":"initandlisten","msg":"Build Info","attr":{"buildInfo":{"version":"5.0.9","gitVersion":"6f7dae919422dcd7f4892c10ff20cdc721ad00e6","modules":[],"allocator":"tcmalloc","environment":{"distmod":"windows","distarch":"x86_64","target_arch":"x86_64"}}}}
{"t":{"$date":"2022-10-18T22:51:30.453+05:30"},"s":"I",  "c":"CONTROL",  "id":51765,   "ctx":"initandlisten","msg":"Operating System","attr":{"os":{"name":"Microsoft Windows 10","version":"10.0 (build 22000)"}}}
{"t":{"$date":"2022-10-18T22:51:30.453+05:30"},"s":"I",  "c":"CONTROL",  "id":21951,   "ctx":"initandlisten","msg":"Options set by command line","attr":{"options":{"config":"sh022.conf","net":{"bindIp":"*","port":27022},"replication":{"replSetName":"sh02"},"sharding":{"clusterRole":"shardsvr"},"storage":{"dbPath":"sh02/sh022/db/"},"systemLog":{"destination":"file","logAppend":true,"path":"sh02/sh022/log/sh022.log"}}}}
{"t":{"$date":"2022-10-18T22:51:30.454+05:30"},"s":"I",  "c":"STORAGE",  "id":22315,   "ctx":"initandlisten","msg":"Opening WiredTiger","attr":{"config":"create,cache_size=7346M,session_max=33000,eviction=(threads_min=4,threads_max=4),config_base=false,statistics=(fast),log=(enabled=true,archive=true,path=journal,compressor=snappy),builtin_extension_config=(zstd=(compression_level=6)),file_manager=(close_idle_time=600,close_scan_interval=10,close_handle_minimum=250),statistics_log=(wait=0),verbose=[recovery_progress,checkpoint_progress,compact_progress],"}}
{"t":{"$date":"2022-10-18T22:51:30.487+05:30"},"s":"I",  "c":"STORAGE",  "id":22430,   "ctx":"initandlisten","msg":"WiredTiger message","attr":{"message":"[1666113690:487736][19640:140724152197488], txn-recover: [WT_VERB_RECOVERY_ALL] Set global recovery timestamp: (0, 0)"}}
{"t":{"$date":"2022-10-18T22:51:30.488+05:30"},"s":"I",  "c":"STORAGE",  "id":22430,   "ctx":"initandlisten","msg":"WiredTiger message","attr":{"message":"[1666113690:487736][19640:140724152197488], txn-recover: [WT_VERB_RECOVERY_ALL] Set global oldest timestamp: (0, 0)"}}
{"t":{"$date":"2022-10-18T22:51:30.494+05:30"},"s":"I",  "c":"STORAGE",  "id":4795906, "ctx":"initandlisten","msg":"WiredTiger opened","attr":{"durationMillis":40}}
{"t":{"$date":"2022-10-18T22:51:30.494+05:30"},"s":"I",  "c":"RECOVERY", "id":23987,   "ctx":"initandlisten","msg":"WiredTiger recoveryTimestamp","attr":{"recoveryTimestamp":{"$timestamp":{"t":0,"i":0}}}}
{"t":{"$date":"2022-10-18T22:51:30.507+05:30"},"s":"I",  "c":"STORAGE",  "id":4366408, "ctx":"initandlisten","msg":"No table logging settings modifications are required for existing WiredTiger tables","attr":{"loggingEnabled":false}}
{"t":{"$date":"2022-10-18T22:51:30.507+05:30"},"s":"I",  "c":"STORAGE",  "id":22262,   "ctx":"initandlisten","msg":"Timestamp monitor starting"}
{"t":{"$date":"2022-10-18T22:51:30.515+05:30"},"s":"W",  "c":"CONTROL",  "id":22120,   "ctx":"initandlisten","msg":"Access control is not enabled for the database. Read and write access to data and configuration is unrestricted","tags":["startupWarnings"]}
{"t":{"$date":"2022-10-18T22:51:30.516+05:30"},"s":"I",  "c":"STORAGE",  "id":5071100, "ctx":"initandlisten","msg":"Clearing temp directory"}
{"t":{"$date":"2022-10-18T22:51:30.516+05:30"},"s":"I",  "c":"CONTROL",  "id":20536,   "ctx":"initandlisten","msg":"Flow Control is enabled on this deployment"}
{"t":{"$date":"2022-10-18T22:51:30.517+05:30"},"s":"W",  "c":"SHARDING", "id":22074,   "ctx":"initandlisten","msg":"Started with --shardsvr, but no shardIdentity document was found on disk. This most likely means this server has not yet been added to a sharded cluster","attr":{"namespace":"admin.system.version"}}
{"t":{"$date":"2022-10-18T22:51:30.745+05:30"},"s":"I",  "c":"FTDC",     "id":20625,   "ctx":"initandlisten","msg":"Initializing full-time diagnostic data capture","attr":{"dataDirectory":"sh02/sh022/db/diagnostic.data"}}
{"t":{"$date":"2022-10-18T22:51:30.746+05:30"},"s":"I",  "c":"STORAGE",  "id":20320,   "ctx":"initandlisten","msg":"createCollection","attr":{"namespace":"local.startup_log","uuidDisposition":"generated","uuid":{"uuid":{"$uuid":"e689c97f-acd1-4306-8cc8-f101dbd8d28b"}},"options":{"capped":true,"size":10485760}}}
{"t":{"$date":"2022-10-18T22:51:30.757+05:30"},"s":"I",  "c":"INDEX",    "id":20345,   "ctx":"initandlisten","msg":"Index build: done building","attr":{"buildUUID":null,"namespace":"local.startup_log","index":"_id_","commitTimestamp":null}}
{"t":{"$date":"2022-10-18T22:51:30.757+05:30"},"s":"I",  "c":"REPL",     "id":6015317, "ctx":"initandlisten","msg":"Setting new configuration state","attr":{"newState":"ConfigStartingUp","oldState":"ConfigPreStart"}}
{"t":{"$date":"2022-10-18T22:51:30.758+05:30"},"s":"I",  "c":"REPL",     "id":4280500, "ctx":"initandlisten","msg":"Attempting to create internal replication collections"}
{"t":{"$date":"2022-10-18T22:51:30.758+05:30"},"s":"I",  "c":"STORAGE",  "id":20320,   "ctx":"initandlisten","msg":"createCollection","attr":{"namespace":"local.replset.oplogTruncateAfterPoint","uuidDisposition":"generated","uuid":{"uuid":{"$uuid":"5f47cc0a-14db-4dfd-a141-fbee730b7ff0"}},"options":{}}}
{"t":{"$date":"2022-10-18T22:51:30.769+05:30"},"s":"I",  "c":"INDEX",    "id":20345,   "ctx":"initandlisten","msg":"Index build: done building","attr":{"buildUUID":null,"namespace":"local.replset.oplogTruncateAfterPoint","index":"_id_","commitTimestamp":null}}
{"t":{"$date":"2022-10-18T22:51:30.769+05:30"},"s":"I",  "c":"STORAGE",  "id":20320,   "ctx":"initandlisten","msg":"createCollection","attr":{"namespace":"local.replset.minvalid","uuidDisposition":"generated","uuid":{"uuid":{"$uuid":"fd6680c6-16b7-491e-b83d-7fce9d4c0824"}},"options":{}}}
{"t":{"$date":"2022-10-18T22:51:30.782+05:30"},"s":"I",  "c":"INDEX",    "id":20345,   "ctx":"initandlisten","msg":"Index build: done building","attr":{"buildUUID":null,"namespace":"local.replset.minvalid","index":"_id_","commitTimestamp":null}}
{"t":{"$date":"2022-10-18T22:51:30.783+05:30"},"s":"I",  "c":"STORAGE",  "id":20320,   "ctx":"initandlisten","msg":"createCollection","attr":{"namespace":"local.replset.election","uuidDisposition":"generated","uuid":{"uuid":{"$uuid":"562d695d-adf9-429c-8485-b664b9695681"}},"options":{}}}
{"t":{"$date":"2022-10-18T22:51:30.795+05:30"},"s":"I",  "c":"INDEX",    "id":20345,   "ctx":"initandlisten","msg":"Index build: done building","attr":{"buildUUID":null,"namespace":"local.replset.election","index":"_id_","commitTimestamp":null}}
{"t":{"$date":"2022-10-18T22:51:30.795+05:30"},"s":"I",  "c":"REPL",     "id":4280501, "ctx":"initandlisten","msg":"Attempting to load local voted for document"}
{"t":{"$date":"2022-10-18T22:51:30.795+05:30"},"s":"I",  "c":"REPL",     "id":21311,   "ctx":"initandlisten","msg":"Did not find local initialized voted for document at startup"}
{"t":{"$date":"2022-10-18T22:51:30.795+05:30"},"s":"I",  "c":"REPL",     "id":4280502, "ctx":"initandlisten","msg":"Searching for local Rollback ID document"}
{"t":{"$date":"2022-10-18T22:51:30.795+05:30"},"s":"I",  "c":"REPL",     "id":21312,   "ctx":"initandlisten","msg":"Did not find local Rollback ID document at startup. Creating one"}
{"t":{"$date":"2022-10-18T22:51:30.795+05:30"},"s":"I",  "c":"STORAGE",  "id":20320,   "ctx":"initandlisten","msg":"createCollection","attr":{"namespace":"local.system.rollback.id","uuidDisposition":"generated","uuid":{"uuid":{"$uuid":"5754d738-4308-4e0a-a5bf-d7e49c07b7f8"}},"options":{}}}
{"t":{"$date":"2022-10-18T22:51:30.805+05:30"},"s":"I",  "c":"INDEX",    "id":20345,   "ctx":"initandlisten","msg":"Index build: done building","attr":{"buildUUID":null,"namespace":"local.system.rollback.id","index":"_id_","commitTimestamp":null}}
{"t":{"$date":"2022-10-18T22:51:30.805+05:30"},"s":"I",  "c":"REPL",     "id":21531,   "ctx":"initandlisten","msg":"Initialized the rollback ID","attr":{"rbid":1}}
{"t":{"$date":"2022-10-18T22:51:30.805+05:30"},"s":"I",  "c":"REPL",     "id":21313,   "ctx":"initandlisten","msg":"Did not find local replica set configuration document at startup","attr":{"error":{"code":47,"codeName":"NoMatchingDocument","errmsg":"Did not find replica set configuration document in local.system.replset"}}}
{"t":{"$date":"2022-10-18T22:51:30.805+05:30"},"s":"I",  "c":"REPL",     "id":6015317, "ctx":"initandlisten","msg":"Setting new configuration state","attr":{"newState":"ConfigUninitialized","oldState":"ConfigStartingUp"}}
{"t":{"$date":"2022-10-18T22:51:30.805+05:30"},"s":"I",  "c":"STORAGE",  "id":20320,   "ctx":"initandlisten","msg":"createCollection","attr":{"namespace":"local.system.views","uuidDisposition":"generated","uuid":{"uuid":{"$uuid":"38d1fc1e-619f-4054-8f4b-f8d204e20c9a"}},"options":{}}}
{"t":{"$date":"2022-10-18T22:51:30.816+05:30"},"s":"I",  "c":"INDEX",    "id":20345,   "ctx":"initandlisten","msg":"Index build: done building","attr":{"buildUUID":null,"namespace":"local.system.views","index":"_id_","commitTimestamp":null}}
{"t":{"$date":"2022-10-18T22:51:30.818+05:30"},"s":"I",  "c":"CONTROL",  "id":20714,   "ctx":"LogicalSessionCacheRefresh","msg":"Failed to refresh session cache, will try again at the next refresh interval","attr":{"error":"ShardingStateNotInitialized: sharding state is not yet initialized"}}
{"t":{"$date":"2022-10-18T22:51:30.818+05:30"},"s":"I",  "c":"CONTROL",  "id":20712,   "ctx":"LogicalSessionCacheReap","msg":"Sessions collection is not set up; waiting until next sessions reap interval","attr":{"error":"ShardingStateNotInitialized: sharding state is not yet initialized"}}
{"t":{"$date":"2022-10-18T22:51:30.818+05:30"},"s":"I",  "c":"REPL",     "id":40440,   "ctx":"initandlisten","msg":"Starting the TopologyVersionObserver"}
{"t":{"$date":"2022-10-18T22:51:30.819+05:30"},"s":"I",  "c":"REPL",     "id":40445,   "ctx":"TopologyVersionObserver","msg":"Started TopologyVersionObserver"}
{"t":{"$date":"2022-10-18T22:51:30.820+05:30"},"s":"I",  "c":"NETWORK",  "id":23015,   "ctx":"listener","msg":"Listening on","attr":{"address":"0.0.0.0"}}
{"t":{"$date":"2022-10-18T22:51:30.820+05:30"},"s":"I",  "c":"NETWORK",  "id":23016,   "ctx":"listener","msg":"Waiting for connections","attr":{"port":27022,"ssl":"off"}}
{"t":{"$date":"2022-10-18T22:52:20.016+05:30"},"s":"I",  "c":"NETWORK",  "id":22943,   "ctx":"listener","msg":"Connection accepted","attr":{"remote":"192.168.56.1:61704","uuid":"86e7609b-3eec-4944-8315-baefb2ea8ab7","connectionId":1,"connectionCount":1}}
{"t":{"$date":"2022-10-18T22:52:20.016+05:30"},"s":"W",  "c":"COMMAND",  "id":5578800, "ctx":"conn1","msg":"Deprecated operation requested. For more details see https://dochub.mongodb.org/core/legacy-opcode-compatibility","attr":{"op":"query","clientInfo":{"address":"192.168.56.1:61704"}}}
{"t":{"$date":"2022-10-18T22:52:20.017+05:30"},"s":"I",  "c":"NETWORK",  "id":22944,   "ctx":"conn1","msg":"Connection ended","attr":{"remote":"192.168.56.1:61704","uuid":"86e7609b-3eec-4944-8315-baefb2ea8ab7","connectionId":1,"connectionCount":0}}
{"t":{"$date":"2022-10-18T22:52:20.018+05:30"},"s":"I",  "c":"NETWORK",  "id":22943,   "ctx":"listener","msg":"Connection accepted","attr":{"remote":"192.168.56.1:61705","uuid":"65fcf77a-c950-4bb1-b86a-654d567f22b9","connectionId":2,"connectionCount":1}}
{"t":{"$date":"2022-10-18T22:52:20.018+05:30"},"s":"I",  "c":"NETWORK",  "id":51800,   "ctx":"conn2","msg":"client metadata","attr":{"remote":"192.168.56.1:61705","client":"conn2","doc":{"driver":{"name":"NetworkInterfaceTL","version":"5.0.9"},"os":{"type":"Windows","name":"Microsoft Windows 10","architecture":"x86_64","version":"10.0 (build 22000)"}}}}
{"t":{"$date":"2022-10-18T22:52:20.019+05:30"},"s":"I",  "c":"REPL",     "id":21400,   "ctx":"conn2","msg":"Scheduling heartbeat to fetch a new config since we are not a member of our current config","attr":{"senderHost":"HP-Omen15:27021"}}
{"t":{"$date":"2022-10-18T22:52:20.019+05:30"},"s":"I",  "c":"CONNPOOL", "id":22576,   "ctx":"ReplNetwork","msg":"Connecting","attr":{"hostAndPort":"HP-Omen15:27021"}}
{"t":{"$date":"2022-10-18T22:52:20.024+05:30"},"s":"I",  "c":"REPL",     "id":6015317, "ctx":"ReplCoord-0","msg":"Setting new configuration state","attr":{"newState":"ConfigHBReconfiguring","oldState":"ConfigUninitialized"}}
{"t":{"$date":"2022-10-18T22:52:20.030+05:30"},"s":"I",  "c":"STORAGE",  "id":20320,   "ctx":"ReplCoord-0","msg":"createCollection","attr":{"namespace":"local.system.replset","uuidDisposition":"generated","uuid":{"uuid":{"$uuid":"1bc7edb1-3ce6-404d-b646-5aca6c105c3d"}},"options":{}}}
{"t":{"$date":"2022-10-18T22:52:20.041+05:30"},"s":"I",  "c":"INDEX",    "id":20345,   "ctx":"ReplCoord-0","msg":"Index build: done building","attr":{"buildUUID":null,"namespace":"local.system.replset","index":"_id_","commitTimestamp":null}}
{"t":{"$date":"2022-10-18T22:52:20.042+05:30"},"s":"I",  "c":"REPL",     "id":6015317, "ctx":"ReplCoord-0","msg":"Setting new configuration state","attr":{"newState":"ConfigSteady","oldState":"ConfigHBReconfiguring"}}
{"t":{"$date":"2022-10-18T22:52:20.043+05:30"},"s":"I",  "c":"REPL",     "id":21392,   "ctx":"ReplCoord-0","msg":"New replica set config in use","attr":{"config":{"_id":"sh02","version":2,"term":1,"members":[{"_id":0,"host":"HP-Omen15:27021","arbiterOnly":false,"buildIndexes":true,"hidden":false,"priority":1,"tags":{},"slaveDelay":0,"votes":1},{"_id":1,"host":"HP-Omen15:27022","arbiterOnly":false,"buildIndexes":true,"hidden":false,"priority":1,"tags":{},"slaveDelay":0,"votes":1}],"protocolVersion":1,"writeConcernMajorityJournalDefault":true,"settings":{"chainingAllowed":true,"heartbeatIntervalMillis":2000,"heartbeatTimeoutSecs":10,"electionTimeoutMillis":10000,"catchUpTimeoutMillis":-1,"catchUpTakeoverDelayMillis":30000,"getLastErrorModes":{},"getLastErrorDefaults":{"w":1,"wtimeout":0},"replicaSetId":{"$oid":"634ee0ae9e40c0152157510e"}}}}}
{"t":{"$date":"2022-10-18T22:52:20.043+05:30"},"s":"I",  "c":"REPL",     "id":21393,   "ctx":"ReplCoord-0","msg":"Found self in config","attr":{"hostAndPort":"HP-Omen15:27022"}}
{"t":{"$date":"2022-10-18T22:52:20.043+05:30"},"s":"I",  "c":"REPL",     "id":21358,   "ctx":"ReplCoord-0","msg":"Replica set state transition","attr":{"newState":"STARTUP2","oldState":"STARTUP"}}
{"t":{"$date":"2022-10-18T22:52:20.043+05:30"},"s":"I",  "c":"REPL",     "id":21306,   "ctx":"ReplCoord-0","msg":"Starting replication storage threads"}
{"t":{"$date":"2022-10-18T22:52:20.043+05:30"},"s":"I",  "c":"REPL",     "id":4280513, "ctx":"ReplCoord-0","msg":"Initial sync required. Attempting to start initial sync..."}
{"t":{"$date":"2022-10-18T22:52:20.043+05:30"},"s":"I",  "c":"REPL",     "id":21215,   "ctx":"ReplCoord-1","msg":"Member is in new state","attr":{"hostAndPort":"HP-Omen15:27021","newState":"PRIMARY"}}
{"t":{"$date":"2022-10-18T22:52:20.044+05:30"},"s":"I",  "c":"STORAGE",  "id":20320,   "ctx":"ReplCoord-0","msg":"createCollection","attr":{"namespace":"local.temp_oplog_buffer","uuidDisposition":"generated","uuid":{"uuid":{"$uuid":"6e86b7ae-e45f-43cb-8206-bde60e3316f1"}},"options":{"temp":true}}}
{"t":{"$date":"2022-10-18T22:52:20.055+05:30"},"s":"I",  "c":"INDEX",    "id":20345,   "ctx":"ReplCoord-0","msg":"Index build: done building","attr":{"buildUUID":null,"namespace":"local.temp_oplog_buffer","index":"_id_","commitTimestamp":null}}
{"t":{"$date":"2022-10-18T22:52:20.056+05:30"},"s":"I",  "c":"REPL",     "id":4280514, "ctx":"ReplCoord-0","msg":"Initial sync started"}
{"t":{"$date":"2022-10-18T22:52:20.056+05:30"},"s":"I",  "c":"INITSYNC", "id":21164,   "ctx":"ReplCoordExtern-0","msg":"Starting initial sync attempt","attr":{"initialSyncAttempt":1,"initialSyncMaxAttempts":10}}
{"t":{"$date":"2022-10-18T22:52:20.056+05:30"},"s":"I",  "c":"STORAGE",  "id":20318,   "ctx":"ReplCoordExtern-0","msg":"Finishing collection drop","attr":{"namespace":"local.temp_oplog_buffer","uuid":{"uuid":{"$uuid":"6e86b7ae-e45f-43cb-8206-bde60e3316f1"}}}}
{"t":{"$date":"2022-10-18T22:52:20.056+05:30"},"s":"I",  "c":"STORAGE",  "id":22206,   "ctx":"ReplCoordExtern-0","msg":"Deferring table drop for index","attr":{"index":"_id_","namespace":"local.temp_oplog_buffer","uuid":{"uuid":{"$uuid":"6e86b7ae-e45f-43cb-8206-bde60e3316f1"}},"ident":"index-15--6051847456334622063","commitTimestamp":{"$timestamp":{"t":0,"i":0}}}}
{"t":{"$date":"2022-10-18T22:52:20.056+05:30"},"s":"I",  "c":"STORAGE",  "id":22214,   "ctx":"ReplCoordExtern-0","msg":"Deferring table drop for collection","attr":{"namespace":"local.temp_oplog_buffer","ident":"collection-14--6051847456334622063","commitTimestamp":{"$timestamp":{"t":0,"i":0}}}}
{"t":{"$date":"2022-10-18T22:52:20.056+05:30"},"s":"I",  "c":"STORAGE",  "id":20320,   "ctx":"ReplCoordExtern-0","msg":"createCollection","attr":{"namespace":"local.temp_oplog_buffer","uuidDisposition":"generated","uuid":{"uuid":{"$uuid":"801d0f70-ad01-41bf-b349-7f83db7cb483"}},"options":{"temp":true}}}
{"t":{"$date":"2022-10-18T22:52:20.067+05:30"},"s":"I",  "c":"INDEX",    "id":20345,   "ctx":"ReplCoordExtern-0","msg":"Index build: done building","attr":{"buildUUID":null,"namespace":"local.temp_oplog_buffer","index":"_id_","commitTimestamp":null}}
{"t":{"$date":"2022-10-18T22:52:20.067+05:30"},"s":"I",  "c":"REPL",     "id":21783,   "ctx":"ReplCoordExtern-0","msg":"Waiting for pings from other members before syncing","attr":{"pingsNeeded":1}}
{"t":{"$date":"2022-10-18T22:52:20.854+05:30"},"s":"I",  "c":"STORAGE",  "id":22260,   "ctx":"TimestampMonitor","msg":"Removing drop-pending idents with drop timestamps before timestamp","attr":{"timestamp":{"$timestamp":{"t":0,"i":1}}}}
{"t":{"$date":"2022-10-18T22:52:20.854+05:30"},"s":"I",  "c":"STORAGE",  "id":22237,   "ctx":"TimestampMonitor","msg":"Completing drop for ident","attr":{"ident":"index-15--6051847456334622063","dropTimestamp":{"$timestamp":{"t":0,"i":0}}}}
{"t":{"$date":"2022-10-18T22:52:20.859+05:30"},"s":"I",  "c":"STORAGE",  "id":22237,   "ctx":"TimestampMonitor","msg":"Completing drop for ident","attr":{"ident":"collection-14--6051847456334622063","dropTimestamp":{"$timestamp":{"t":0,"i":0}}}}
{"t":{"$date":"2022-10-18T22:52:21.072+05:30"},"s":"I",  "c":"REPL",     "id":3873117, "ctx":"ReplCoordExtern-1","msg":"Choosing primary as sync source","attr":{"primary":"HP-Omen15:27021"}}
{"t":{"$date":"2022-10-18T22:52:21.072+05:30"},"s":"I",  "c":"INITSYNC", "id":21173,   "ctx":"ReplCoordExtern-1","msg":"Initial syncer oplog truncation finished","attr":{"durationMillis":0}}
{"t":{"$date":"2022-10-18T22:52:21.072+05:30"},"s":"I",  "c":"REPL",     "id":21251,   "ctx":"ReplCoordExtern-1","msg":"Creating replication oplog","attr":{"oplogSizeMB":990}}
{"t":{"$date":"2022-10-18T22:52:21.072+05:30"},"s":"I",  "c":"STORAGE",  "id":20320,   "ctx":"ReplCoordExtern-1","msg":"createCollection","attr":{"namespace":"local.oplog.rs","uuidDisposition":"generated","uuid":{"uuid":{"$uuid":"05497e12-e662-409e-b609-12a30b34c637"}},"options":{"capped":true,"size":1038090240,"autoIndexId":false}}}
{"t":{"$date":"2022-10-18T22:52:21.078+05:30"},"s":"I",  "c":"STORAGE",  "id":22383,   "ctx":"ReplCoordExtern-1","msg":"The size storer reports that the oplog contains","attr":{"numRecords":0,"dataSize":0}}
{"t":{"$date":"2022-10-18T22:52:21.078+05:30"},"s":"I",  "c":"STORAGE",  "id":22382,   "ctx":"ReplCoordExtern-1","msg":"WiredTiger record store oplog processing finished","attr":{"durationMillis":0}}
{"t":{"$date":"2022-10-18T22:52:21.083+05:30"},"s":"I",  "c":"STORAGE",  "id":22430,   "ctx":"ReplCoordExtern-1","msg":"WiredTiger message","attr":{"message":"[1666113741:83032][19640:140724152197488], WT_SESSION.checkpoint: [WT_VERB_CHECKPOINT_PROGRESS] saving checkpoint snapshot min: 89, snapshot max: 89 snapshot count: 0, oldest timestamp: (0, 1) , meta checkpoint timestamp: (0, 0) base write gen: 1"}}
{"t":{"$date":"2022-10-18T22:52:21.114+05:30"},"s":"I",  "c":"STORAGE",  "id":4833200, "ctx":"ReplCoordExtern-1","msg":"About to abort all index builders running","attr":{"reason":"Aborting index builds for initial sync"}}
{"t":{"$date":"2022-10-18T22:52:21.114+05:30"},"s":"I",  "c":"REPL",     "id":21754,   "ctx":"ReplCoordExtern-1","msg":"dropReplicatedDatabases - dropping databases","attr":{"numDatabases":1}}
{"t":{"$date":"2022-10-18T22:52:21.114+05:30"},"s":"I",  "c":"REPL",     "id":21756,   "ctx":"ReplCoordExtern-1","msg":"dropReplicatedDatabases - dropped databases","attr":{"numDatabases":1}}
{"t":{"$date":"2022-10-18T22:52:21.114+05:30"},"s":"I",  "c":"CONNPOOL", "id":22576,   "ctx":"ReplCoordExternNetwork","msg":"Connecting","attr":{"hostAndPort":"HP-Omen15:27021"}}
{"t":{"$date":"2022-10-18T22:52:21.119+05:30"},"s":"I",  "c":"NETWORK",  "id":22943,   "ctx":"listener","msg":"Connection accepted","attr":{"remote":"192.168.56.1:61710","uuid":"61facdef-4f96-4125-ae6b-4a8139dd6c3c","connectionId":6,"connectionCount":2}}
{"t":{"$date":"2022-10-18T22:52:21.119+05:30"},"s":"I",  "c":"NETWORK",  "id":51800,   "ctx":"conn6","msg":"client metadata","attr":{"remote":"192.168.56.1:61710","client":"conn6","doc":{"driver":{"name":"NetworkInterfaceTL","version":"5.0.9"},"os":{"type":"Windows","name":"Microsoft Windows 10","architecture":"x86_64","version":"10.0 (build 22000)"}}}}
{"t":{"$date":"2022-10-18T22:52:21.120+05:30"},"s":"E",  "c":"COMMAND",  "id":4879802, "ctx":"conn6","msg":"Failed to handle request","attr":{"error":"NotWritablePrimary: Not-primary error while processing 'find' operation  on 'local' database via fire-and-forget command execution."}}
{"t":{"$date":"2022-10-18T22:52:21.120+05:30"},"s":"I",  "c":"NETWORK",  "id":22944,   "ctx":"conn6","msg":"Connection ended","attr":{"remote":"192.168.56.1:61710","uuid":"61facdef-4f96-4125-ae6b-4a8139dd6c3c","connectionId":6,"connectionCount":1}}
{"t":{"$date":"2022-10-18T22:52:21.122+05:30"},"s":"I",  "c":"NETWORK",  "id":22943,   "ctx":"listener","msg":"Connection accepted","attr":{"remote":"192.168.56.1:61713","uuid":"5a6ad0a3-bb8d-4755-ab97-7d3da29661a6","connectionId":8,"connectionCount":2}}
{"t":{"$date":"2022-10-18T22:52:21.122+05:30"},"s":"I",  "c":"NETWORK",  "id":51800,   "ctx":"conn8","msg":"client metadata","attr":{"remote":"192.168.56.1:61713","client":"conn8","doc":{"driver":{"name":"NetworkInterfaceTL","version":"5.0.9"},"os":{"type":"Windows","name":"Microsoft Windows 10","architecture":"x86_64","version":"10.0 (build 22000)"}}}}
{"t":{"$date":"2022-10-18T22:52:21.126+05:30"},"s":"I",  "c":"STORAGE",  "id":20320,   "ctx":"ReplCoordExtern-0","msg":"createCollection","attr":{"namespace":"admin.system.version","uuidDisposition":"provided","uuid":{"uuid":{"$uuid":"40c4ae66-3b93-47ca-a987-6d30d8a006a0"}},"options":{"uuid":{"$uuid":"40c4ae66-3b93-47ca-a987-6d30d8a006a0"}}}}
{"t":{"$date":"2022-10-18T22:52:21.136+05:30"},"s":"E",  "c":"COMMAND",  "id":4879802, "ctx":"conn8","msg":"Failed to handle request","attr":{"error":"NotWritablePrimary: Not-primary error while processing 'find' operation  on 'local' database via fire-and-forget command execution."}}
{"t":{"$date":"2022-10-18T22:52:21.136+05:30"},"s":"I",  "c":"NETWORK",  "id":22944,   "ctx":"conn8","msg":"Connection ended","attr":{"remote":"192.168.56.1:61713","uuid":"5a6ad0a3-bb8d-4755-ab97-7d3da29661a6","connectionId":8,"connectionCount":1}}
{"t":{"$date":"2022-10-18T22:52:21.149+05:30"},"s":"I",  "c":"INDEX",    "id":20384,   "ctx":"ReplCoordExtern-0","msg":"Index build: starting","attr":{"buildUUID":null,"collectionUUID":{"uuid":{"$uuid":"40c4ae66-3b93-47ca-a987-6d30d8a006a0"}},"namespace":"admin.system.version","properties":{"v":2,"key":{"_id":1},"name":"_id_"},"method":"Hybrid","maxTemporaryMemoryUsageMB":200}}
{"t":{"$date":"2022-10-18T22:52:21.150+05:30"},"s":"I",  "c":"NETWORK",  "id":4915702, "ctx":"ReplWriterWorker-0","msg":"Updated wire specification","attr":{"oldSpec":{"incomingExternalClient":{"minWireVersion":0,"maxWireVersion":13},"incomingInternalClient":{"minWireVersion":0,"maxWireVersion":13},"outgoing":{"minWireVersion":0,"maxWireVersion":13},"isInternalClient":true},"newSpec":{"incomingExternalClient":{"minWireVersion":0,"maxWireVersion":13},"incomingInternalClient":{"minWireVersion":9,"maxWireVersion":13},"outgoing":{"minWireVersion":9,"maxWireVersion":13},"isInternalClient":true}}}
{"t":{"$date":"2022-10-18T22:52:21.152+05:30"},"s":"I",  "c":"INDEX",    "id":20685,   "ctx":"ReplCoordExtern-0","msg":"Index build: inserted keys from external sorter into index","attr":{"namespace":"admin.system.version","index":"_id_","keysInserted":1,"durationMillis":0}}
{"t":{"$date":"2022-10-18T22:52:21.154+05:30"},"s":"I",  "c":"INDEX",    "id":20345,   "ctx":"ReplCoordExtern-0","msg":"Index build: done building","attr":{"buildUUID":null,"namespace":"admin.system.version","index":"_id_","commitTimestamp":null}}
{"t":{"$date":"2022-10-18T22:52:21.176+05:30"},"s":"I",  "c":"STORAGE",  "id":20320,   "ctx":"ReplCoordExtern-0","msg":"createCollection","attr":{"namespace":"config.system.indexBuilds","uuidDisposition":"provided","uuid":{"uuid":{"$uuid":"7acdcd31-c4bc-4f1b-be47-7b4075a853ac"}},"options":{"uuid":{"$uuid":"7acdcd31-c4bc-4f1b-be47-7b4075a853ac"}}}}
{"t":{"$date":"2022-10-18T22:52:21.199+05:30"},"s":"I",  "c":"INDEX",    "id":20384,   "ctx":"ReplCoordExtern-0","msg":"Index build: starting","attr":{"buildUUID":null,"collectionUUID":{"uuid":{"$uuid":"7acdcd31-c4bc-4f1b-be47-7b4075a853ac"}},"namespace":"config.system.indexBuilds","properties":{"v":2,"key":{"_id":1},"name":"_id_"},"method":"Hybrid","maxTemporaryMemoryUsageMB":200}}
{"t":{"$date":"2022-10-18T22:52:21.200+05:30"},"s":"I",  "c":"INDEX",    "id":20685,   "ctx":"ReplCoordExtern-0","msg":"Index build: inserted keys from external sorter into index","attr":{"namespace":"config.system.indexBuilds","index":"_id_","keysInserted":0,"durationMillis":0}}
{"t":{"$date":"2022-10-18T22:52:21.202+05:30"},"s":"I",  "c":"INDEX",    "id":20345,   "ctx":"ReplCoordExtern-0","msg":"Index build: done building","attr":{"buildUUID":null,"namespace":"config.system.indexBuilds","index":"_id_","commitTimestamp":null}}
{"t":{"$date":"2022-10-18T22:52:21.209+05:30"},"s":"I",  "c":"STORAGE",  "id":20320,   "ctx":"ReplCoordExtern-0","msg":"createCollection","attr":{"namespace":"config.transactions","uuidDisposition":"provided","uuid":{"uuid":{"$uuid":"7b035e78-4d76-4e0d-9f27-a511251aba0a"}},"options":{"uuid":{"$uuid":"7b035e78-4d76-4e0d-9f27-a511251aba0a"}}}}
{"t":{"$date":"2022-10-18T22:52:21.230+05:30"},"s":"I",  "c":"INDEX",    "id":20384,   "ctx":"ReplCoordExtern-0","msg":"Index build: starting","attr":{"buildUUID":null,"collectionUUID":{"uuid":{"$uuid":"7b035e78-4d76-4e0d-9f27-a511251aba0a"}},"namespace":"config.transactions","properties":{"v":2,"key":{"_id":1},"name":"_id_"},"method":"Hybrid","maxTemporaryMemoryUsageMB":200}}
{"t":{"$date":"2022-10-18T22:52:21.232+05:30"},"s":"I",  "c":"INDEX",    "id":20685,   "ctx":"ReplCoordExtern-0","msg":"Index build: inserted keys from external sorter into index","attr":{"namespace":"config.transactions","index":"_id_","keysInserted":0,"durationMillis":0}}
{"t":{"$date":"2022-10-18T22:52:21.234+05:30"},"s":"I",  "c":"INDEX",    "id":20345,   "ctx":"ReplCoordExtern-0","msg":"Index build: done building","attr":{"buildUUID":null,"namespace":"config.transactions","index":"_id_","commitTimestamp":null}}
{"t":{"$date":"2022-10-18T22:52:21.241+05:30"},"s":"I",  "c":"STORAGE",  "id":20320,   "ctx":"ReplCoordExtern-0","msg":"createCollection","attr":{"namespace":"config.image_collection","uuidDisposition":"provided","uuid":{"uuid":{"$uuid":"d48f0f6c-19ff-4fb0-a9f5-4716475b093b"}},"options":{"uuid":{"$uuid":"d48f0f6c-19ff-4fb0-a9f5-4716475b093b"}}}}
{"t":{"$date":"2022-10-18T22:52:21.266+05:30"},"s":"I",  "c":"INDEX",    "id":20384,   "ctx":"ReplCoordExtern-0","msg":"Index build: starting","attr":{"buildUUID":null,"collectionUUID":{"uuid":{"$uuid":"d48f0f6c-19ff-4fb0-a9f5-4716475b093b"}},"namespace":"config.image_collection","properties":{"v":2,"key":{"_id":1},"name":"_id_"},"method":"Hybrid","maxTemporaryMemoryUsageMB":200}}
{"t":{"$date":"2022-10-18T22:52:21.268+05:30"},"s":"I",  "c":"INDEX",    "id":20685,   "ctx":"ReplCoordExtern-0","msg":"Index build: inserted keys from external sorter into index","attr":{"namespace":"config.image_collection","index":"_id_","keysInserted":0,"durationMillis":0}}
{"t":{"$date":"2022-10-18T22:52:21.270+05:30"},"s":"I",  "c":"INDEX",    "id":20345,   "ctx":"ReplCoordExtern-0","msg":"Index build: done building","attr":{"buildUUID":null,"namespace":"config.image_collection","index":"_id_","commitTimestamp":null}}
{"t":{"$date":"2022-10-18T22:52:21.274+05:30"},"s":"I",  "c":"INITSYNC", "id":21183,   "ctx":"ReplCoordExtern-0","msg":"Finished cloning data. Beginning oplog replay","attr":{"databaseClonerFinishStatus":"OK"}}
{"t":{"$date":"2022-10-18T22:52:21.275+05:30"},"s":"I",  "c":"INITSYNC", "id":21186,   "ctx":"ReplCoordExtern-2","msg":"No need to apply operations","attr":{"stopTimestamp":{"":{"$timestamp":{"t":1666113740,"i":1}}}}}
{"t":{"$date":"2022-10-18T22:52:26.143+05:30"},"s":"I",  "c":"NETWORK",  "id":20125,   "ctx":"ReplCoordExtern-1","msg":"DBClientConnection failed to receive message","attr":{"connString":"HP-Omen15:27021","error":"SocketException: An established connection was aborted by the software in your host machine."}}
{"t":{"$date":"2022-10-18T22:52:26.158+05:30"},"s":"I",  "c":"NETWORK",  "id":20120,   "ctx":"ReplCoordExtern-1","msg":"Trying to reconnect","attr":{"connString":"HP-Omen15:27021 failed"}}
{"t":{"$date":"2022-10-18T22:52:26.158+05:30"},"s":"I",  "c":"NETWORK",  "id":20121,   "ctx":"ReplCoordExtern-1","msg":"Reconnect attempt failed","attr":{"connString":"HP-Omen15:27021 failed","error":""}}
{"t":{"$date":"2022-10-18T22:52:26.158+05:30"},"s":"I",  "c":"-",        "id":4615600, "ctx":"ReplCoordExtern-1","msg":"caught exception in destructor","attr":{"exception":"socket exception [CONNECT_ERROR] server [socket exception [FAILED_STATE] server [HP-Omen15:27021 failed]]","function":"mongo::DBClientCursor::kill"}}
{"t":{"$date":"2022-10-18T22:52:26.158+05:30"},"s":"I",  "c":"INITSYNC", "id":21181,   "ctx":"ReplCoordExtern-1","msg":"Finished fetching oplog during initial sync","attr":{"oplogFetcherFinishStatus":"CallbackCanceled: oplog fetcher shutting down","lastFetched":"{ ts: Timestamp(0, 0), t: -1 }"}}
{"t":{"$date":"2022-10-18T22:52:26.158+05:30"},"s":"I",  "c":"INITSYNC", "id":21191,   "ctx":"ReplCoordExtern-1","msg":"Initial sync attempt finishing up"}
{"t":{"$date":"2022-10-18T22:52:26.159+05:30"},"s":"I",  "c":"INITSYNC", "id":21192,   "ctx":"ReplCoordExtern-1","msg":"Initial sync status and statistics","attr":{"status":"successful","statistics":{"failedInitialSyncAttempts":0,"maxFailedInitialSyncAttempts":10,"initialSyncStart":{"$date":"2022-10-18T17:22:20.055Z"},"totalInitialSyncElapsedMillis":6104,"initialSyncAttempts":[{"durationMillis":5039,"status":"OK","syncSource":"HP-Omen15:27021","rollBackId":1,"operationsRetried":1,"totalTimeUnreachableMillis":15}],"approxTotalDataSize":59,"approxTotalBytesCopied":59,"remainingInitialSyncEstimatedMillis":0,"appliedOps":0,"initialSyncOplogStart":{"$timestamp":{"t":1666113740,"i":1}},"initialSyncOplogEnd":{"$timestamp":{"t":1666113740,"i":1}},"totalTimeUnreachableMillis":15,"databases":{"databasesToClone":0,"databasesCloned":2,"admin":{"collections":1,"clonedCollections":1,"start":{"$date":"2022-10-18T17:22:21.123Z"},"end":{"$date":"2022-10-18T17:22:21.157Z"},"elapsedMillis":34,"admin.system.version":{"documentsToCopy":1,"documentsCopied":1,"indexes":1,"fetchedBatches":1,"bytesToCopy":59,"approxBytesCopied":59,"start":{"$date":"2022-10-18T17:22:21.123Z"},"end":{"$date":"2022-10-18T17:22:21.157Z"},"elapsedMillis":34,"receivedBatches":1}},"config":{"collections":3,"clonedCollections":3,"start":{"$date":"2022-10-18T17:22:21.167Z"},"end":{"$date":"2022-10-18T17:22:21.274Z"},"elapsedMillis":107,"config.system.indexBuilds":{"documentsToCopy":0,"documentsCopied":0,"indexes":1,"fetchedBatches":0,"bytesToCopy":0,"start":{"$date":"2022-10-18T17:22:21.167Z"},"end":{"$date":"2022-10-18T17:22:21.206Z"},"elapsedMillis":39,"receivedBatches":0},"config.transactions":{"documentsToCopy":0,"documentsCopied":0,"indexes":1,"fetchedBatches":0,"bytesToCopy":0,"start":{"$date":"2022-10-18T17:22:21.206Z"},"end":{"$date":"2022-10-18T17:22:21.238Z"},"elapsedMillis":32,"receivedBatches":0},"config.image_collection":{"documentsToCopy":0,"documentsCopied":0,"indexes":1,"fetchedBatches":0,"bytesToCopy":0,"start":{"$date":"2022-10-18T17:22:21.238Z"},"end":{"$date":"2022-10-18T17:22:21.274Z"},"elapsedMillis":36,"receivedBatches":0}}}}}}
{"t":{"$date":"2022-10-18T22:52:26.159+05:30"},"s":"I",  "c":"STORAGE",  "id":20318,   "ctx":"ReplCoordExtern-2","msg":"Finishing collection drop","attr":{"namespace":"local.temp_oplog_buffer","uuid":{"uuid":{"$uuid":"801d0f70-ad01-41bf-b349-7f83db7cb483"}}}}
{"t":{"$date":"2022-10-18T22:52:26.159+05:30"},"s":"I",  "c":"STORAGE",  "id":22206,   "ctx":"ReplCoordExtern-2","msg":"Deferring table drop for index","attr":{"index":"_id_","namespace":"local.temp_oplog_buffer","uuid":{"uuid":{"$uuid":"801d0f70-ad01-41bf-b349-7f83db7cb483"}},"ident":"index-17--6051847456334622063","commitTimestamp":{"$timestamp":{"t":0,"i":0}}}}
{"t":{"$date":"2022-10-18T22:52:26.159+05:30"},"s":"I",  "c":"STORAGE",  "id":22214,   "ctx":"ReplCoordExtern-2","msg":"Deferring table drop for collection","attr":{"namespace":"local.temp_oplog_buffer","ident":"collection-16--6051847456334622063","commitTimestamp":{"$timestamp":{"t":0,"i":0}}}}
{"t":{"$date":"2022-10-18T22:52:26.160+05:30"},"s":"I",  "c":"STORAGE",  "id":20320,   "ctx":"ReplCoordExtern-2","msg":"createCollection","attr":{"namespace":"local.replset.initialSyncId","uuidDisposition":"generated","uuid":{"uuid":{"$uuid":"6e86cc64-b00f-4d59-9a10-1449712ce55a"}},"options":{}}}
{"t":{"$date":"2022-10-18T22:52:26.174+05:30"},"s":"I",  "c":"INDEX",    "id":20345,   "ctx":"ReplCoordExtern-2","msg":"Index build: done building","attr":{"buildUUID":null,"namespace":"local.replset.initialSyncId","index":"_id_","commitTimestamp":null}}
{"t":{"$date":"2022-10-18T22:52:26.176+05:30"},"s":"I",  "c":"INITSYNC", "id":21163,   "ctx":"ReplCoordExtern-2","msg":"Initial sync done","attr":{"durationSeconds":6}}
{"t":{"$date":"2022-10-18T22:52:26.176+05:30"},"s":"I",  "c":"REPL",     "id":21358,   "ctx":"ReplCoordExtern-2","msg":"Replica set state transition","attr":{"newState":"RECOVERING","oldState":"STARTUP2"}}
{"t":{"$date":"2022-10-18T22:52:26.176+05:30"},"s":"I",  "c":"REPL",     "id":21299,   "ctx":"ReplCoordExtern-2","msg":"Starting replication fetcher thread"}
{"t":{"$date":"2022-10-18T22:52:26.176+05:30"},"s":"I",  "c":"REPL",     "id":21300,   "ctx":"ReplCoordExtern-2","msg":"Starting replication applier thread"}
{"t":{"$date":"2022-10-18T22:52:26.176+05:30"},"s":"I",  "c":"REPL",     "id":21301,   "ctx":"ReplCoordExtern-2","msg":"Starting replication reporter thread"}
{"t":{"$date":"2022-10-18T22:52:26.176+05:30"},"s":"I",  "c":"REPL",     "id":4853000, "ctx":"ReplCoordExtern-2","msg":"initial sync complete."}
{"t":{"$date":"2022-10-18T22:52:26.176+05:30"},"s":"I",  "c":"REPL",     "id":21224,   "ctx":"OplogApplier-0","msg":"Starting oplog application"}
{"t":{"$date":"2022-10-18T22:52:26.176+05:30"},"s":"I",  "c":"REPL",     "id":21358,   "ctx":"OplogApplier-0","msg":"Replica set state transition","attr":{"newState":"SECONDARY","oldState":"RECOVERING"}}
{"t":{"$date":"2022-10-18T22:52:26.176+05:30"},"s":"I",  "c":"REPL",     "id":21106,   "ctx":"OplogApplier-0","msg":"Resetting sync source to empty","attr":{"previousSyncSource":":27017"}}
{"t":{"$date":"2022-10-18T22:52:26.177+05:30"},"s":"I",  "c":"REPL",     "id":21798,   "ctx":"BackgroundSync","msg":"Could not find member to sync from"}
{"t":{"$date":"2022-10-18T22:52:26.177+05:30"},"s":"I",  "c":"STORAGE",  "id":22310,   "ctx":"ReplCoord-2","msg":"Triggering the first stable checkpoint","attr":{"initialDataTimestamp":{"$timestamp":{"t":1666113740,"i":1}},"prevStableTimestamp":{"$timestamp":{"t":0,"i":0}},"currStableTimestamp":{"$timestamp":{"t":1666113740,"i":1}}}}
{"t":{"$date":"2022-10-18T22:52:26.180+05:30"},"s":"I",  "c":"STORAGE",  "id":22430,   "ctx":"Checkpointer","msg":"WiredTiger message","attr":{"message":"[1666113746:179951][19640:140724152197488], WT_SESSION.checkpoint: [WT_VERB_CHECKPOINT_PROGRESS] saving checkpoint snapshot min: 193, snapshot max: 193 snapshot count: 0, oldest timestamp: (1666113740, 1) , meta checkpoint timestamp: (1666113740, 1) base write gen: 1"}}
{"t":{"$date":"2022-10-18T22:52:26.877+05:30"},"s":"I",  "c":"STORAGE",  "id":22260,   "ctx":"TimestampMonitor","msg":"Removing drop-pending idents with drop timestamps before timestamp","attr":{"timestamp":{"$timestamp":{"t":1666113740,"i":1}}}}
{"t":{"$date":"2022-10-18T22:52:26.877+05:30"},"s":"I",  "c":"STORAGE",  "id":22237,   "ctx":"TimestampMonitor","msg":"Completing drop for ident","attr":{"ident":"index-17--6051847456334622063","dropTimestamp":{"$timestamp":{"t":0,"i":0}}}}
{"t":{"$date":"2022-10-18T22:52:26.881+05:30"},"s":"I",  "c":"STORAGE",  "id":22237,   "ctx":"TimestampMonitor","msg":"Completing drop for ident","attr":{"ident":"collection-16--6051847456334622063","dropTimestamp":{"$timestamp":{"t":0,"i":0}}}}
{"t":{"$date":"2022-10-18T22:52:30.653+05:30"},"s":"I",  "c":"NETWORK",  "id":22943,   "ctx":"listener","msg":"Connection accepted","attr":{"remote":"192.168.56.1:61718","uuid":"154f8412-196b-41a9-ab5e-60cc762f31a1","connectionId":10,"connectionCount":2}}
{"t":{"$date":"2022-10-18T22:52:30.654+05:30"},"s":"I",  "c":"NETWORK",  "id":22944,   "ctx":"conn10","msg":"Connection ended","attr":{"remote":"192.168.56.1:61718","uuid":"154f8412-196b-41a9-ab5e-60cc762f31a1","connectionId":10,"connectionCount":1}}
{"t":{"$date":"2022-10-18T22:52:30.668+05:30"},"s":"I",  "c":"REPL",     "id":21401,   "ctx":"conn2","msg":"Scheduling heartbeat to fetch a newer config","attr":{"configTerm":1,"configVersion":3,"senderHost":"HP-Omen15:27021"}}
{"t":{"$date":"2022-10-18T22:52:30.673+05:30"},"s":"I",  "c":"REPL",     "id":21401,   "ctx":"conn2","msg":"Scheduling heartbeat to fetch a newer config","attr":{"configTerm":1,"configVersion":3,"senderHost":"HP-Omen15:27021"}}
{"t":{"$date":"2022-10-18T22:52:30.674+05:30"},"s":"I",  "c":"REPL",     "id":6015317, "ctx":"ReplCoord-1","msg":"Setting new configuration state","attr":{"newState":"ConfigHBReconfiguring","oldState":"ConfigSteady"}}
{"t":{"$date":"2022-10-18T22:52:30.676+05:30"},"s":"I",  "c":"NETWORK",  "id":22943,   "ctx":"listener","msg":"Connection accepted","attr":{"remote":"192.168.56.1:61726","uuid":"b392a44e-a790-4094-8f45-f6077b4c7d9b","connectionId":12,"connectionCount":2}}
{"t":{"$date":"2022-10-18T22:52:30.677+05:30"},"s":"I",  "c":"NETWORK",  "id":22944,   "ctx":"conn12","msg":"Connection ended","attr":{"remote":"192.168.56.1:61726","uuid":"b392a44e-a790-4094-8f45-f6077b4c7d9b","connectionId":12,"connectionCount":1}}
{"t":{"$date":"2022-10-18T22:52:30.694+05:30"},"s":"I",  "c":"NETWORK",  "id":22943,   "ctx":"listener","msg":"Connection accepted","attr":{"remote":"192.168.56.1:61728","uuid":"fdf3f18f-a6c1-4afb-a3c6-2afbf494c857","connectionId":13,"connectionCount":2}}
{"t":{"$date":"2022-10-18T22:52:30.694+05:30"},"s":"I",  "c":"NETWORK",  "id":51800,   "ctx":"conn13","msg":"client metadata","attr":{"remote":"192.168.56.1:61728","client":"conn13","doc":{"driver":{"name":"NetworkInterfaceTL","version":"5.0.9"},"os":{"type":"Windows","name":"Microsoft Windows 10","architecture":"x86_64","version":"10.0 (build 22000)"}}}}
{"t":{"$date":"2022-10-18T22:52:30.695+05:30"},"s":"I",  "c":"REPL",     "id":21401,   "ctx":"conn13","msg":"Scheduling heartbeat to fetch a newer config","attr":{"configTerm":1,"configVersion":3,"senderHost":"HP-Omen15:27023"}}
{"t":{"$date":"2022-10-18T22:52:30.695+05:30"},"s":"I",  "c":"CONNPOOL", "id":22576,   "ctx":"ReplNetwork","msg":"Connecting","attr":{"hostAndPort":"HP-Omen15:27023"}}
{"t":{"$date":"2022-10-18T22:52:30.699+05:30"},"s":"I",  "c":"REPL",     "id":6015317, "ctx":"ReplCoord-1","msg":"Setting new configuration state","attr":{"newState":"ConfigSteady","oldState":"ConfigHBReconfiguring"}}
{"t":{"$date":"2022-10-18T22:52:30.700+05:30"},"s":"I",  "c":"REPL",     "id":21392,   "ctx":"ReplCoord-1","msg":"New replica set config in use","attr":{"config":{"_id":"sh02","version":3,"term":1,"members":[{"_id":0,"host":"HP-Omen15:27021","arbiterOnly":false,"buildIndexes":true,"hidden":false,"priority":1,"tags":{},"slaveDelay":0,"votes":1},{"_id":1,"host":"HP-Omen15:27022","arbiterOnly":false,"buildIndexes":true,"hidden":false,"priority":1,"tags":{},"slaveDelay":0,"votes":1},{"_id":2,"host":"HP-Omen15:27023","arbiterOnly":false,"buildIndexes":true,"hidden":false,"priority":1,"tags":{},"slaveDelay":0,"votes":1}],"protocolVersion":1,"writeConcernMajorityJournalDefault":true,"settings":{"chainingAllowed":true,"heartbeatIntervalMillis":2000,"heartbeatTimeoutSecs":10,"electionTimeoutMillis":10000,"catchUpTimeoutMillis":-1,"catchUpTakeoverDelayMillis":30000,"getLastErrorModes":{},"getLastErrorDefaults":{"w":1,"wtimeout":0},"replicaSetId":{"$oid":"634ee0ae9e40c0152157510e"}}}}}
{"t":{"$date":"2022-10-18T22:52:30.700+05:30"},"s":"I",  "c":"REPL",     "id":21393,   "ctx":"ReplCoord-1","msg":"Found self in config","attr":{"hostAndPort":"HP-Omen15:27022"}}
{"t":{"$date":"2022-10-18T22:52:30.700+05:30"},"s":"I",  "c":"REPL",     "id":21215,   "ctx":"ReplCoord-5","msg":"Member is in new state","attr":{"hostAndPort":"HP-Omen15:27023","newState":"STARTUP2"}}
{"t":{"$date":"2022-10-18T22:52:31.216+05:30"},"s":"I",  "c":"REPL",     "id":21799,   "ctx":"BackgroundSync","msg":"Sync source candidate chosen","attr":{"syncSource":"HP-Omen15:27021"}}
{"t":{"$date":"2022-10-18T22:52:31.217+05:30"},"s":"I",  "c":"REPL",     "id":21088,   "ctx":"BackgroundSync","msg":"Changed sync source","attr":{"oldSyncSource":"empty","newSyncSource":"HP-Omen15:27021"}}
{"t":{"$date":"2022-10-18T22:52:31.221+05:30"},"s":"I",  "c":"NETWORK",  "id":22943,   "ctx":"listener","msg":"Connection accepted","attr":{"remote":"192.168.56.1:61731","uuid":"b0f93ac6-512a-451b-a046-69003488d73e","connectionId":17,"connectionCount":3}}
{"t":{"$date":"2022-10-18T22:52:31.221+05:30"},"s":"I",  "c":"NETWORK",  "id":51800,   "ctx":"conn17","msg":"client metadata","attr":{"remote":"192.168.56.1:61731","client":"conn17","doc":{"driver":{"name":"NetworkInterfaceTL","version":"5.0.9"},"os":{"type":"Windows","name":"Microsoft Windows 10","architecture":"x86_64","version":"10.0 (build 22000)"}}}}
{"t":{"$date":"2022-10-18T22:52:37.743+05:30"},"s":"I",  "c":"REPL",     "id":21215,   "ctx":"ReplCoord-0","msg":"Member is in new state","attr":{"hostAndPort":"HP-Omen15:27023","newState":"SECONDARY"}}
{"t":{"$date":"2022-10-18T22:52:41.877+05:30"},"s":"I",  "c":"NETWORK",  "id":22943,   "ctx":"listener","msg":"Connection accepted","attr":{"remote":"192.168.56.1:61740","uuid":"6728a460-2e9e-4124-91cf-cb1b391659c0","connectionId":18,"connectionCount":4}}
{"t":{"$date":"2022-10-18T22:52:41.878+05:30"},"s":"I",  "c":"NETWORK",  "id":51800,   "ctx":"conn18","msg":"client metadata","attr":{"remote":"192.168.56.1:61740","client":"conn18","doc":{"driver":{"name":"NetworkInterfaceTL","version":"5.0.9"},"os":{"type":"Windows","name":"Microsoft Windows 10","architecture":"x86_64","version":"10.0 (build 22000)"}}}}
{"t":{"$date":"2022-10-18T22:52:41.880+05:30"},"s":"I",  "c":"NETWORK",  "id":22943,   "ctx":"listener","msg":"Connection accepted","attr":{"remote":"192.168.56.1:61741","uuid":"6ecaab9c-b56b-45ea-8562-2d699feded17","connectionId":19,"connectionCount":5}}
{"t":{"$date":"2022-10-18T22:52:41.880+05:30"},"s":"I",  "c":"NETWORK",  "id":51800,   "ctx":"conn19","msg":"client metadata","attr":{"remote":"192.168.56.1:61741","client":"conn19","doc":{"application":{"name":"OplogFetcher"},"driver":{"name":"MongoDB Internal Client","version":"5.0.9"},"os":{"type":"Windows","name":"Microsoft Windows 10","architecture":"x86_64","version":"10.0 (build 22000)"}}}}
{"t":{"$date":"2022-10-18T22:53:26.214+05:30"},"s":"I",  "c":"STORAGE",  "id":22430,   "ctx":"Checkpointer","msg":"WiredTiger message","attr":{"message":"[1666113806:214747][19640:140724152197488], WT_SESSION.checkpoint: [WT_VERB_CHECKPOINT_PROGRESS] saving checkpoint snapshot min: 234, snapshot max: 234 snapshot count: 0, oldest timestamp: (1666113740, 1) , meta checkpoint timestamp: (1666113801, 1) base write gen: 1"}}
{"t":{"$date":"2022-10-18T22:54:26.236+05:30"},"s":"I",  "c":"STORAGE",  "id":22430,   "ctx":"Checkpointer","msg":"WiredTiger message","attr":{"message":"[1666113866:235809][19640:140724152197488], WT_SESSION.checkpoint: [WT_VERB_CHECKPOINT_PROGRESS] saving checkpoint snapshot min: 267, snapshot max: 267 snapshot count: 0, oldest timestamp: (1666113740, 1) , meta checkpoint timestamp: (1666113861, 1) base write gen: 1"}}
{"t":{"$date":"2022-10-18T22:55:26.257+05:30"},"s":"I",  "c":"STORAGE",  "id":22430,   "ctx":"Checkpointer","msg":"WiredTiger message","attr":{"message":"[1666113926:257075][19640:140724152197488], WT_SESSION.checkpoint: [WT_VERB_CHECKPOINT_PROGRESS] saving checkpoint snapshot min: 300, snapshot max: 300 snapshot count: 0, oldest timestamp: (1666113740, 1) , meta checkpoint timestamp: (1666113921, 1) base write gen: 1"}}
{"t":{"$date":"2022-10-18T22:56:26.280+05:30"},"s":"I",  "c":"STORAGE",  "id":22430,   "ctx":"Checkpointer","msg":"WiredTiger message","attr":{"message":"[1666113986:280071][19640:140724152197488], WT_SESSION.checkpoint: [WT_VERB_CHECKPOINT_PROGRESS] saving checkpoint snapshot min: 333, snapshot max: 333 snapshot count: 0, oldest timestamp: (1666113740, 1) , meta checkpoint timestamp: (1666113981, 1) base write gen: 1"}}
{"t":{"$date":"2022-10-18T22:56:30.818+05:30"},"s":"I",  "c":"CONTROL",  "id":20714,   "ctx":"LogicalSessionCacheRefresh","msg":"Failed to refresh session cache, will try again at the next refresh interval","attr":{"error":"ShardingStateNotInitialized: sharding state is not yet initialized"}}
{"t":{"$date":"2022-10-18T22:56:30.820+05:30"},"s":"I",  "c":"CONTROL",  "id":20712,   "ctx":"LogicalSessionCacheReap","msg":"Sessions collection is not set up; waiting until next sessions reap interval","attr":{"error":"ShardingStateNotInitialized: sharding state is not yet initialized"}}
{"t":{"$date":"2022-10-18T22:57:26.307+05:30"},"s":"I",  "c":"STORAGE",  "id":22430,   "ctx":"Checkpointer","msg":"WiredTiger message","attr":{"message":"[1666114046:306949][19640:140724152197488], WT_SESSION.checkpoint: [WT_VERB_CHECKPOINT_PROGRESS] saving checkpoint snapshot min: 366, snapshot max: 366 snapshot count: 0, oldest timestamp: (1666113741, 1) , meta checkpoint timestamp: (1666114041, 1) base write gen: 1"}}
{"t":{"$date":"2022-10-18T22:57:31.826+05:30"},"s":"I",  "c":"NETWORK",  "id":22944,   "ctx":"conn17","msg":"Connection ended","attr":{"remote":"192.168.56.1:61731","uuid":"b0f93ac6-512a-451b-a046-69003488d73e","connectionId":17,"connectionCount":4}}
{"t":{"$date":"2022-10-18T22:58:26.333+05:30"},"s":"I",  "c":"STORAGE",  "id":22430,   "ctx":"Checkpointer","msg":"WiredTiger message","attr":{"message":"[1666114106:333012][19640:140724152197488], WT_SESSION.checkpoint: [WT_VERB_CHECKPOINT_PROGRESS] saving checkpoint snapshot min: 399, snapshot max: 399 snapshot count: 0, oldest timestamp: (1666113801, 1) , meta checkpoint timestamp: (1666114101, 1) base write gen: 1"}}
{"t":{"$date":"2022-10-18T22:59:26.362+05:30"},"s":"I",  "c":"STORAGE",  "id":22430,   "ctx":"Checkpointer","msg":"WiredTiger message","attr":{"message":"[1666114166:361844][19640:140724152197488], WT_SESSION.checkpoint: [WT_VERB_CHECKPOINT_PROGRESS] saving checkpoint snapshot min: 432, snapshot max: 432 snapshot count: 0, oldest timestamp: (1666113861, 1) , meta checkpoint timestamp: (1666114161, 1) base write gen: 1"}}
{"t":{"$date":"2022-10-18T23:00:26.393+05:30"},"s":"I",  "c":"STORAGE",  "id":22430,   "ctx":"Checkpointer","msg":"WiredTiger message","attr":{"message":"[1666114226:392141][19640:140724152197488], WT_SESSION.checkpoint: [WT_VERB_CHECKPOINT_PROGRESS] saving checkpoint snapshot min: 465, snapshot max: 465 snapshot count: 0, oldest timestamp: (1666113921, 1) , meta checkpoint timestamp: (1666114221, 1) base write gen: 1"}}
{"t":{"$date":"2022-10-18T23:01:26.424+05:30"},"s":"I",  "c":"STORAGE",  "id":22430,   "ctx":"Checkpointer","msg":"WiredTiger message","attr":{"message":"[1666114286:424514][19640:140724152197488], WT_SESSION.checkpoint: [WT_VERB_CHECKPOINT_PROGRESS] saving checkpoint snapshot min: 498, snapshot max: 498 snapshot count: 0, oldest timestamp: (1666113981, 1) , meta checkpoint timestamp: (1666114281, 1) base write gen: 1"}}
{"t":{"$date":"2022-10-18T23:01:30.829+05:30"},"s":"I",  "c":"CONTROL",  "id":20712,   "ctx":"LogicalSessionCacheReap","msg":"Sessions collection is not set up; waiting until next sessions reap interval","attr":{"error":"ShardingStateNotInitialized: sharding state is not yet initialized"}}
{"t":{"$date":"2022-10-18T23:01:30.830+05:30"},"s":"I",  "c":"CONTROL",  "id":20714,   "ctx":"LogicalSessionCacheRefresh","msg":"Failed to refresh session cache, will try again at the next refresh interval","attr":{"error":"ShardingStateNotInitialized: sharding state is not yet initialized"}}
{"t":{"$date":"2022-10-18T23:02:26.459+05:30"},"s":"I",  "c":"STORAGE",  "id":22430,   "ctx":"Checkpointer","msg":"WiredTiger message","attr":{"message":"[1666114346:459022][19640:140724152197488], WT_SESSION.checkpoint: [WT_VERB_CHECKPOINT_PROGRESS] saving checkpoint snapshot min: 531, snapshot max: 531 snapshot count: 0, oldest timestamp: (1666114041, 1) , meta checkpoint timestamp: (1666114341, 1) base write gen: 1"}}
{"t":{"$date":"2022-10-18T23:03:26.485+05:30"},"s":"I",  "c":"STORAGE",  "id":22430,   "ctx":"Checkpointer","msg":"WiredTiger message","attr":{"message":"[1666114406:485039][19640:140724152197488], WT_SESSION.checkpoint: [WT_VERB_CHECKPOINT_PROGRESS] saving checkpoint snapshot min: 564, snapshot max: 564 snapshot count: 0, oldest timestamp: (1666114101, 1) , meta checkpoint timestamp: (1666114401, 1) base write gen: 1"}}
{"t":{"$date":"2022-10-18T23:04:26.508+05:30"},"s":"I",  "c":"STORAGE",  "id":22430,   "ctx":"Checkpointer","msg":"WiredTiger message","attr":{"message":"[1666114466:507895][19640:140724152197488], WT_SESSION.checkpoint: [WT_VERB_CHECKPOINT_PROGRESS] saving checkpoint snapshot min: 597, snapshot max: 597 snapshot count: 0, oldest timestamp: (1666114161, 1) , meta checkpoint timestamp: (1666114461, 1) base write gen: 1"}}
{"t":{"$date":"2022-10-18T23:05:26.538+05:30"},"s":"I",  "c":"STORAGE",  "id":22430,   "ctx":"Checkpointer","msg":"WiredTiger message","attr":{"message":"[1666114526:538084][19640:140724152197488], WT_SESSION.checkpoint: [WT_VERB_CHECKPOINT_PROGRESS] saving checkpoint snapshot min: 630, snapshot max: 630 snapshot count: 0, oldest timestamp: (1666114221, 1) , meta checkpoint timestamp: (1666114521, 1) base write gen: 1"}}
{"t":{"$date":"2022-10-18T23:06:26.567+05:30"},"s":"I",  "c":"STORAGE",  "id":22430,   "ctx":"Checkpointer","msg":"WiredTiger message","attr":{"message":"[1666114586:567047][19640:140724152197488], WT_SESSION.checkpoint: [WT_VERB_CHECKPOINT_PROGRESS] saving checkpoint snapshot min: 663, snapshot max: 663 snapshot count: 0, oldest timestamp: (1666114281, 1) , meta checkpoint timestamp: (1666114581, 1) base write gen: 1"}}
{"t":{"$date":"2022-10-18T23:06:30.837+05:30"},"s":"I",  "c":"CONTROL",  "id":20714,   "ctx":"LogicalSessionCacheRefresh","msg":"Failed to refresh session cache, will try again at the next refresh interval","attr":{"error":"ShardingStateNotInitialized: sharding state is not yet initialized"}}
{"t":{"$date":"2022-10-18T23:06:30.837+05:30"},"s":"I",  "c":"CONTROL",  "id":20712,   "ctx":"LogicalSessionCacheReap","msg":"Sessions collection is not set up; waiting until next sessions reap interval","attr":{"error":"ShardingStateNotInitialized: sharding state is not yet initialized"}}
{"t":{"$date":"2022-10-18T23:07:26.589+05:30"},"s":"I",  "c":"STORAGE",  "id":22430,   "ctx":"Checkpointer","msg":"WiredTiger message","attr":{"message":"[1666114646:589451][19640:140724152197488], WT_SESSION.checkpoint: [WT_VERB_CHECKPOINT_PROGRESS] saving checkpoint snapshot min: 696, snapshot max: 696 snapshot count: 0, oldest timestamp: (1666114341, 1) , meta checkpoint timestamp: (1666114641, 1) base write gen: 1"}}
{"t":{"$date":"2022-10-18T23:08:26.622+05:30"},"s":"I",  "c":"STORAGE",  "id":22430,   "ctx":"Checkpointer","msg":"WiredTiger message","attr":{"message":"[1666114706:622093][19640:140724152197488], WT_SESSION.checkpoint: [WT_VERB_CHECKPOINT_PROGRESS] saving checkpoint snapshot min: 729, snapshot max: 729 snapshot count: 0, oldest timestamp: (1666114401, 1) , meta checkpoint timestamp: (1666114701, 1) base write gen: 1"}}
{"t":{"$date":"2022-10-18T23:09:26.642+05:30"},"s":"I",  "c":"STORAGE",  "id":22430,   "ctx":"Checkpointer","msg":"WiredTiger message","attr":{"message":"[1666114766:641840][19640:140724152197488], WT_SESSION.checkpoint: [WT_VERB_CHECKPOINT_PROGRESS] saving checkpoint snapshot min: 762, snapshot max: 762 snapshot count: 0, oldest timestamp: (1666114461, 1) , meta checkpoint timestamp: (1666114761, 1) base write gen: 1"}}
{"t":{"$date":"2022-10-18T23:10:26.663+05:30"},"s":"I",  "c":"STORAGE",  "id":22430,   "ctx":"Checkpointer","msg":"WiredTiger message","attr":{"message":"[1666114826:662406][19640:140724152197488], WT_SESSION.checkpoint: [WT_VERB_CHECKPOINT_PROGRESS] saving checkpoint snapshot min: 795, snapshot max: 795 snapshot count: 0, oldest timestamp: (1666114521, 1) , meta checkpoint timestamp: (1666114821, 1) base write gen: 1"}}
{"t":{"$date":"2022-10-18T23:11:26.687+05:30"},"s":"I",  "c":"STORAGE",  "id":22430,   "ctx":"Checkpointer","msg":"WiredTiger message","attr":{"message":"[1666114886:687528][19640:140724152197488], WT_SESSION.checkpoint: [WT_VERB_CHECKPOINT_PROGRESS] saving checkpoint snapshot min: 828, snapshot max: 828 snapshot count: 0, oldest timestamp: (1666114582, 1) , meta checkpoint timestamp: (1666114882, 1) base write gen: 1"}}
{"t":{"$date":"2022-10-18T23:11:30.838+05:30"},"s":"I",  "c":"CONTROL",  "id":20714,   "ctx":"LogicalSessionCacheRefresh","msg":"Failed to refresh session cache, will try again at the next refresh interval","attr":{"error":"ShardingStateNotInitialized: sharding state is not yet initialized"}}
{"t":{"$date":"2022-10-18T23:11:30.838+05:30"},"s":"I",  "c":"CONTROL",  "id":20712,   "ctx":"LogicalSessionCacheReap","msg":"Sessions collection is not set up; waiting until next sessions reap interval","attr":{"error":"ShardingStateNotInitialized: sharding state is not yet initialized"}}
{"t":{"$date":"2022-10-18T23:12:26.709+05:30"},"s":"I",  "c":"STORAGE",  "id":22430,   "ctx":"Checkpointer","msg":"WiredTiger message","attr":{"message":"[1666114946:709190][19640:140724152197488], WT_SESSION.checkpoint: [WT_VERB_CHECKPOINT_PROGRESS] saving checkpoint snapshot min: 861, snapshot max: 861 snapshot count: 0, oldest timestamp: (1666114642, 1) , meta checkpoint timestamp: (1666114942, 1) base write gen: 1"}}
{"t":{"$date":"2022-10-18T23:13:26.741+05:30"},"s":"I",  "c":"STORAGE",  "id":22430,   "ctx":"Checkpointer","msg":"WiredTiger message","attr":{"message":"[1666115006:740546][19640:140724152197488], WT_SESSION.checkpoint: [WT_VERB_CHECKPOINT_PROGRESS] saving checkpoint snapshot min: 894, snapshot max: 894 snapshot count: 0, oldest timestamp: (1666114702, 1) , meta checkpoint timestamp: (1666115002, 1) base write gen: 1"}}
{"t":{"$date":"2022-10-18T23:13:34.853+05:30"},"s":"I",  "c":"CONTROL",  "id":23373,   "ctx":"thread99","msg":"CTRL_CLOSE_EVENT signal"}
{"t":{"$date":"2022-10-18T23:13:34.853+05:30"},"s":"I",  "c":"CONTROL",  "id":23371,   "ctx":"consoleTerminate","msg":"Received event, will terminate after current command ends","attr":{"controlCode":"CTRL_CLOSE_EVENT"}}
{"t":{"$date":"2022-10-18T23:13:34.853+05:30"},"s":"I",  "c":"REPL",     "id":4784900, "ctx":"consoleTerminate","msg":"Stepping down the ReplicationCoordinator for shutdown","attr":{"waitTimeMillis":15000}}
{"t":{"$date":"2022-10-18T23:13:34.854+05:30"},"s":"I",  "c":"COMMAND",  "id":4784901, "ctx":"consoleTerminate","msg":"Shutting down the MirrorMaestro"}
{"t":{"$date":"2022-10-18T23:13:34.854+05:30"},"s":"I",  "c":"REPL",     "id":40441,   "ctx":"consoleTerminate","msg":"Stopping TopologyVersionObserver"}
{"t":{"$date":"2022-10-18T23:13:34.854+05:30"},"s":"I",  "c":"REPL",     "id":40447,   "ctx":"TopologyVersionObserver","msg":"Stopped TopologyVersionObserver"}
{"t":{"$date":"2022-10-18T23:13:34.855+05:30"},"s":"I",  "c":"SHARDING", "id":4784902, "ctx":"consoleTerminate","msg":"Shutting down the WaitForMajorityService"}
{"t":{"$date":"2022-10-18T23:13:34.856+05:30"},"s":"I",  "c":"COMMAND",  "id":21581,   "ctx":"conn2","msg":"Received replSetStepUp request"}
{"t":{"$date":"2022-10-18T23:13:34.856+05:30"},"s":"I",  "c":"ELECTION", "id":4615661, "ctx":"conn2","msg":"Starting an election due to step up request"}
{"t":{"$date":"2022-10-18T23:13:34.856+05:30"},"s":"I",  "c":"ELECTION", "id":21437,   "ctx":"conn2","msg":"Skipping dry run and running for election","attr":{"newTerm":2}}
{"t":{"$date":"2022-10-18T23:13:34.857+05:30"},"s":"I",  "c":"REPL",     "id":6015303, "ctx":"conn2","msg":"Waiting for in-progress election to complete before finishing stepup"}
{"t":{"$date":"2022-10-18T23:13:34.857+05:30"},"s":"I",  "c":"ELECTION", "id":6015300, "ctx":"ReplCoord-15","msg":"Storing last vote document in local storage for my election","attr":{"lastVote":{"term":2,"candidateIndex":1}}}
{"t":{"$date":"2022-10-18T23:13:34.857+05:30"},"s":"I",  "c":"CONTROL",  "id":4784903, "ctx":"consoleTerminate","msg":"Shutting down the LogicalSessionCache"}
{"t":{"$date":"2022-10-18T23:13:34.858+05:30"},"s":"I",  "c":"NETWORK",  "id":20562,   "ctx":"consoleTerminate","msg":"Shutdown: going to close listening sockets"}
{"t":{"$date":"2022-10-18T23:13:34.858+05:30"},"s":"I",  "c":"NETWORK",  "id":4784905, "ctx":"consoleTerminate","msg":"Shutting down the global connection pool"}
{"t":{"$date":"2022-10-18T23:13:34.858+05:30"},"s":"I",  "c":"CONTROL",  "id":4784906, "ctx":"consoleTerminate","msg":"Shutting down the FlowControlTicketholder"}
{"t":{"$date":"2022-10-18T23:13:34.858+05:30"},"s":"I",  "c":"-",        "id":20520,   "ctx":"consoleTerminate","msg":"Stopping further Flow Control ticket acquisitions."}
{"t":{"$date":"2022-10-18T23:13:34.858+05:30"},"s":"I",  "c":"CONTROL",  "id":4784908, "ctx":"consoleTerminate","msg":"Shutting down the PeriodicThreadToAbortExpiredTransactions"}
{"t":{"$date":"2022-10-18T23:13:34.858+05:30"},"s":"I",  "c":"REPL",     "id":4784909, "ctx":"consoleTerminate","msg":"Shutting down the ReplicationCoordinator"}
{"t":{"$date":"2022-10-18T23:13:34.858+05:30"},"s":"I",  "c":"REPL",     "id":5074000, "ctx":"consoleTerminate","msg":"Shutting down the replica set aware services."}
{"t":{"$date":"2022-10-18T23:13:34.858+05:30"},"s":"I",  "c":"REPL",     "id":5123006, "ctx":"consoleTerminate","msg":"Shutting down PrimaryOnlyService","attr":{"service":"RenameCollectionParticipantService","numInstances":0,"numOperationContexts":0}}
{"t":{"$date":"2022-10-18T23:13:34.859+05:30"},"s":"I",  "c":"ASIO",     "id":22582,   "ctx":"RenameCollectionParticipantServiceNetwork","msg":"Killing all outstanding egress activity."}
{"t":{"$date":"2022-10-18T23:13:34.859+05:30"},"s":"I",  "c":"REPL",     "id":5123006, "ctx":"consoleTerminate","msg":"Shutting down PrimaryOnlyService","attr":{"service":"ReshardingDonorService","numInstances":0,"numOperationContexts":0}}
{"t":{"$date":"2022-10-18T23:13:34.859+05:30"},"s":"I",  "c":"ASIO",     "id":22582,   "ctx":"ReshardingDonorServiceNetwork","msg":"Killing all outstanding egress activity."}
{"t":{"$date":"2022-10-18T23:13:34.859+05:30"},"s":"I",  "c":"REPL",     "id":5123006, "ctx":"consoleTerminate","msg":"Shutting down PrimaryOnlyService","attr":{"service":"ReshardingRecipientService","numInstances":0,"numOperationContexts":0}}
{"t":{"$date":"2022-10-18T23:13:34.860+05:30"},"s":"I",  "c":"REPL",     "id":21752,   "ctx":"ReplCoord-15","msg":"Scheduling remote command request","attr":{"context":"vote request","request":"RemoteCommand 2076 -- target:HP-Omen15:27021 db:admin cmd:{ replSetRequestVotes: 1, setName: \"sh02\", dryRun: false, term: 2, candidateIndex: 1, configVersion: 3, configTerm: 1, lastAppliedOpTime: { ts: Timestamp(1666115012, 1), t: 1 } }"}}
{"t":{"$date":"2022-10-18T23:13:34.860+05:30"},"s":"I",  "c":"REPL",     "id":21752,   "ctx":"ReplCoord-15","msg":"Scheduling remote command request","attr":{"context":"vote request","request":"RemoteCommand 2077 -- target:HP-Omen15:27023 db:admin cmd:{ replSetRequestVotes: 1, setName: \"sh02\", dryRun: false, term: 2, candidateIndex: 1, configVersion: 3, configTerm: 1, lastAppliedOpTime: { ts: Timestamp(1666115012, 1), t: 1 } }"}}
{"t":{"$date":"2022-10-18T23:13:34.861+05:30"},"s":"I",  "c":"ELECTION", "id":51799,   "ctx":"ReplCoord-15","msg":"VoteRequester processResponse","attr":{"term":2,"dryRun":false,"failReason":"received an invalid response","error":{"code":91,"codeName":"ShutdownInProgress","errmsg":"In the process of shutting down","remainingQuiesceTimeMillis":0},"from":"HP-Omen15:27021","message":{"ok":0,"errmsg":"In the process of shutting down","code":91,"codeName":"ShutdownInProgress","$clusterTime":{"clusterTime":{"$timestamp":{"t":1666115012,"i":1}},"signature":{"hash":{"$binary":{"base64":"AAAAAAAAAAAAAAAAAAAAAAAAAAA=","subType":"0"}},"keyId":0}},"operationTime":{"$timestamp":{"t":1666115012,"i":1}}}}}
{"t":{"$date":"2022-10-18T23:13:34.861+05:30"},"s":"I",  "c":"ELECTION", "id":51799,   "ctx":"ReplCoord-15","msg":"VoteRequester processResponse","attr":{"term":2,"dryRun":false,"failReason":"received an invalid response","error":{"code":91,"codeName":"ShutdownInProgress","errmsg":"In the process of shutting down","remainingQuiesceTimeMillis":0},"from":"HP-Omen15:27023","message":{"ok":0,"errmsg":"In the process of shutting down","code":91,"codeName":"ShutdownInProgress","$clusterTime":{"clusterTime":{"$timestamp":{"t":1666115012,"i":1}},"signature":{"hash":{"$binary":{"base64":"AAAAAAAAAAAAAAAAAAAAAAAAAAA=","subType":"0"}},"keyId":0}},"operationTime":{"$timestamp":{"t":1666115012,"i":1}}}}}
{"t":{"$date":"2022-10-18T23:13:34.861+05:30"},"s":"I",  "c":"ELECTION", "id":21448,   "ctx":"ReplCoord-15","msg":"Not becoming primary, we received insufficient votes"}
{"t":{"$date":"2022-10-18T23:13:34.861+05:30"},"s":"I",  "c":"ELECTION", "id":21434,   "ctx":"ReplCoord-15","msg":"Lost election","attr":{"isDryRun":false}}
{"t":{"$date":"2022-10-18T23:13:34.861+05:30"},"s":"I",  "c":"COMMAND",  "id":21582,   "ctx":"conn2","msg":"replSetStepUp request failed","attr":{"error":" :: caused by :: CommandFailed: Election failed."}}
{"t":{"$date":"2022-10-18T23:13:34.860+05:30"},"s":"I",  "c":"ASIO",     "id":22582,   "ctx":"ReshardingRecipientServiceNetwork","msg":"Killing all outstanding egress activity."}
{"t":{"$date":"2022-10-18T23:13:34.862+05:30"},"s":"I",  "c":"REPL",     "id":5123006, "ctx":"consoleTerminate","msg":"Shutting down PrimaryOnlyService","attr":{"service":"ShardingDDLCoordinator","numInstances":0,"numOperationContexts":0}}
{"t":{"$date":"2022-10-18T23:13:34.862+05:30"},"s":"I",  "c":"ASIO",     "id":22582,   "ctx":"ShardingDDLCoordinatorNetwork","msg":"Killing all outstanding egress activity."}
{"t":{"$date":"2022-10-18T23:13:34.863+05:30"},"s":"I",  "c":"REPL",     "id":21328,   "ctx":"consoleTerminate","msg":"Shutting down replication subsystems"}
{"t":{"$date":"2022-10-18T23:13:34.863+05:30"},"s":"I",  "c":"REPL",     "id":21302,   "ctx":"consoleTerminate","msg":"Stopping replication reporter thread"}
{"t":{"$date":"2022-10-18T23:13:34.863+05:30"},"s":"I",  "c":"REPL",     "id":21760,   "ctx":"SyncSourceFeedback","msg":"SyncSourceFeedback error sending update","attr":{"syncTarget":"HP-Omen15:27021","error":{"code":90,"codeName":"CallbackCanceled","errmsg":"Reporter no longer valid"}}}
{"t":{"$date":"2022-10-18T23:13:34.863+05:30"},"s":"I",  "c":"REPL",     "id":21303,   "ctx":"consoleTerminate","msg":"Stopping replication fetcher thread"}
{"t":{"$date":"2022-10-18T23:13:34.863+05:30"},"s":"I",  "c":"REPL",     "id":21304,   "ctx":"consoleTerminate","msg":"Stopping replication applier thread"}
{"t":{"$date":"2022-10-18T23:13:35.158+05:30"},"s":"I",  "c":"REPL",     "id":21225,   "ctx":"OplogApplier-0","msg":"Finished oplog application"}
{"t":{"$date":"2022-10-18T23:13:35.313+05:30"},"s":"I",  "c":"REPL",     "id":21215,   "ctx":"ReplCoord-17","msg":"Member is in new state","attr":{"hostAndPort":"HP-Omen15:27021","newState":"SECONDARY"}}
{"t":{"$date":"2022-10-18T23:13:35.862+05:30"},"s":"I",  "c":"NETWORK",  "id":22944,   "ctx":"conn2","msg":"Connection ended","attr":{"remote":"192.168.56.1:61705","uuid":"65fcf77a-c950-4bb1-b86a-654d567f22b9","connectionId":2,"connectionCount":3}}
{"t":{"$date":"2022-10-18T23:13:36.425+05:30"},"s":"I",  "c":"REPL",     "id":21094,   "ctx":"BackgroundSync","msg":"Replication producer stopped after oplog fetcher finished returning a batch from our sync source. Abandoning this batch of oplog entries and re-evaluating our sync source"}
{"t":{"$date":"2022-10-18T23:13:36.425+05:30"},"s":"I",  "c":"REPL",     "id":21107,   "ctx":"BackgroundSync","msg":"Stopping replication producer"}
{"t":{"$date":"2022-10-18T23:13:36.425+05:30"},"s":"I",  "c":"REPL",     "id":5698300, "ctx":"consoleTerminate","msg":"Stopping replication applier writer pool"}
{"t":{"$date":"2022-10-18T23:13:36.426+05:30"},"s":"I",  "c":"REPL",     "id":21307,   "ctx":"consoleTerminate","msg":"Stopping replication storage threads"}
{"t":{"$date":"2022-10-18T23:13:36.426+05:30"},"s":"I",  "c":"ASIO",     "id":22582,   "ctx":"OplogApplierNetwork","msg":"Killing all outstanding egress activity."}
{"t":{"$date":"2022-10-18T23:13:36.426+05:30"},"s":"I",  "c":"ASIO",     "id":22582,   "ctx":"consoleTerminate","msg":"Killing all outstanding egress activity."}
{"t":{"$date":"2022-10-18T23:13:36.427+05:30"},"s":"I",  "c":"ASIO",     "id":22582,   "ctx":"ReplCoordExternNetwork","msg":"Killing all outstanding egress activity."}
{"t":{"$date":"2022-10-18T23:13:36.427+05:30"},"s":"I",  "c":"CONNPOOL", "id":22572,   "ctx":"ReplCoordExternNetwork","msg":"Dropping all pooled connections","attr":{"hostAndPort":"HP-Omen15:27021","error":"ShutdownInProgress: Shutting down the connection pool"}}
{"t":{"$date":"2022-10-18T23:13:36.429+05:30"},"s":"I",  "c":"ASIO",     "id":22582,   "ctx":"ReplNetwork","msg":"Killing all outstanding egress activity."}
{"t":{"$date":"2022-10-18T23:13:36.429+05:30"},"s":"I",  "c":"CONNPOOL", "id":22572,   "ctx":"ReplNetwork","msg":"Dropping all pooled connections","attr":{"hostAndPort":"HP-Omen15:27023","error":"ShutdownInProgress: Shutting down the connection pool"}}
{"t":{"$date":"2022-10-18T23:13:36.430+05:30"},"s":"I",  "c":"SHARDING", "id":4784910, "ctx":"consoleTerminate","msg":"Shutting down the ShardingInitializationMongoD"}
{"t":{"$date":"2022-10-18T23:13:36.430+05:30"},"s":"I",  "c":"REPL",     "id":4784911, "ctx":"consoleTerminate","msg":"Enqueuing the ReplicationStateTransitionLock for shutdown"}
{"t":{"$date":"2022-10-18T23:13:36.430+05:30"},"s":"I",  "c":"-",        "id":4784912, "ctx":"consoleTerminate","msg":"Killing all operations for shutdown"}
{"t":{"$date":"2022-10-18T23:13:36.430+05:30"},"s":"I",  "c":"-",        "id":4695300, "ctx":"consoleTerminate","msg":"Interrupted all currently running operations","attr":{"opsKilled":5}}
{"t":{"$date":"2022-10-18T23:13:36.430+05:30"},"s":"I",  "c":"TENANT_M", "id":5093807, "ctx":"consoleTerminate","msg":"Shutting down all TenantMigrationAccessBlockers on global shutdown"}
{"t":{"$date":"2022-10-18T23:13:36.430+05:30"},"s":"I",  "c":"COMMAND",  "id":4784913, "ctx":"consoleTerminate","msg":"Shutting down all open transactions"}
{"t":{"$date":"2022-10-18T23:13:36.430+05:30"},"s":"I",  "c":"REPL",     "id":4784914, "ctx":"consoleTerminate","msg":"Acquiring the ReplicationStateTransitionLock for shutdown"}
{"t":{"$date":"2022-10-18T23:13:36.430+05:30"},"s":"I",  "c":"INDEX",    "id":4784915, "ctx":"consoleTerminate","msg":"Shutting down the IndexBuildsCoordinator"}
{"t":{"$date":"2022-10-18T23:13:36.430+05:30"},"s":"I",  "c":"REPL",     "id":4784916, "ctx":"consoleTerminate","msg":"Reacquiring the ReplicationStateTransitionLock for shutdown"}
{"t":{"$date":"2022-10-18T23:13:36.430+05:30"},"s":"I",  "c":"REPL",     "id":4784917, "ctx":"consoleTerminate","msg":"Attempting to mark clean shutdown"}
{"t":{"$date":"2022-10-18T23:13:36.431+05:30"},"s":"I",  "c":"NETWORK",  "id":4784918, "ctx":"consoleTerminate","msg":"Shutting down the ReplicaSetMonitor"}
{"t":{"$date":"2022-10-18T23:13:36.431+05:30"},"s":"I",  "c":"SHARDING", "id":4784921, "ctx":"consoleTerminate","msg":"Shutting down the MigrationUtilExecutor"}
{"t":{"$date":"2022-10-18T23:13:36.432+05:30"},"s":"I",  "c":"ASIO",     "id":22582,   "ctx":"MigrationUtil-TaskExecutor","msg":"Killing all outstanding egress activity."}
{"t":{"$date":"2022-10-18T23:13:36.432+05:30"},"s":"I",  "c":"COMMAND",  "id":4784923, "ctx":"consoleTerminate","msg":"Shutting down the ServiceEntryPoint"}
{"t":{"$date":"2022-10-18T23:13:36.432+05:30"},"s":"I",  "c":"CONTROL",  "id":4784925, "ctx":"consoleTerminate","msg":"Shutting down free monitoring"}
{"t":{"$date":"2022-10-18T23:13:36.432+05:30"},"s":"I",  "c":"CONTROL",  "id":20609,   "ctx":"consoleTerminate","msg":"Shutting down free monitoring"}
{"t":{"$date":"2022-10-18T23:13:36.433+05:30"},"s":"I",  "c":"CONTROL",  "id":4784927, "ctx":"consoleTerminate","msg":"Shutting down the HealthLog"}
{"t":{"$date":"2022-10-18T23:13:36.433+05:30"},"s":"I",  "c":"CONTROL",  "id":4784928, "ctx":"consoleTerminate","msg":"Shutting down the TTL monitor"}
{"t":{"$date":"2022-10-18T23:13:36.433+05:30"},"s":"I",  "c":"INDEX",    "id":3684100, "ctx":"consoleTerminate","msg":"Shutting down TTL collection monitor thread"}
{"t":{"$date":"2022-10-18T23:13:36.433+05:30"},"s":"I",  "c":"INDEX",    "id":3684101, "ctx":"consoleTerminate","msg":"Finished shutting down TTL collection monitor thread"}
{"t":{"$date":"2022-10-18T23:13:36.433+05:30"},"s":"I",  "c":"CONTROL",  "id":4784929, "ctx":"consoleTerminate","msg":"Acquiring the global lock for shutdown"}
{"t":{"$date":"2022-10-18T23:13:36.433+05:30"},"s":"I",  "c":"CONTROL",  "id":4784930, "ctx":"consoleTerminate","msg":"Shutting down the storage engine"}
{"t":{"$date":"2022-10-18T23:13:36.433+05:30"},"s":"I",  "c":"STORAGE",  "id":22320,   "ctx":"consoleTerminate","msg":"Shutting down journal flusher thread"}
{"t":{"$date":"2022-10-18T23:13:36.433+05:30"},"s":"I",  "c":"STORAGE",  "id":22321,   "ctx":"consoleTerminate","msg":"Finished shutting down journal flusher thread"}
{"t":{"$date":"2022-10-18T23:13:36.433+05:30"},"s":"I",  "c":"STORAGE",  "id":22322,   "ctx":"consoleTerminate","msg":"Shutting down checkpoint thread"}
{"t":{"$date":"2022-10-18T23:13:36.433+05:30"},"s":"I",  "c":"STORAGE",  "id":22323,   "ctx":"consoleTerminate","msg":"Finished shutting down checkpoint thread"}
{"t":{"$date":"2022-10-18T23:13:36.433+05:30"},"s":"I",  "c":"STORAGE",  "id":20282,   "ctx":"consoleTerminate","msg":"Deregistering all the collections"}
{"t":{"$date":"2022-10-18T23:13:36.433+05:30"},"s":"I",  "c":"STORAGE",  "id":22261,   "ctx":"consoleTerminate","msg":"Timestamp monitor shutting down"}
{"t":{"$date":"2022-10-18T23:13:36.434+05:30"},"s":"I",  "c":"STORAGE",  "id":22317,   "ctx":"consoleTerminate","msg":"WiredTigerKVEngine shutting down"}
{"t":{"$date":"2022-10-18T23:13:36.434+05:30"},"s":"I",  "c":"STORAGE",  "id":22372,   "ctx":"OplogVisibilityThread","msg":"Oplog visibility thread shutting down."}
{"t":{"$date":"2022-10-18T23:13:36.434+05:30"},"s":"I",  "c":"STORAGE",  "id":22318,   "ctx":"consoleTerminate","msg":"Shutting down session sweeper thread"}
{"t":{"$date":"2022-10-18T23:13:36.434+05:30"},"s":"I",  "c":"STORAGE",  "id":22319,   "ctx":"consoleTerminate","msg":"Finished shutting down session sweeper thread"}
{"t":{"$date":"2022-10-18T23:13:36.436+05:30"},"s":"I",  "c":"STORAGE",  "id":22324,   "ctx":"consoleTerminate","msg":"Closing WiredTiger in preparation for reconfiguring","attr":{"closeConfig":"leak_memory=true,"}}
{"t":{"$date":"2022-10-18T23:13:36.440+05:30"},"s":"I",  "c":"STORAGE",  "id":22430,   "ctx":"consoleTerminate","msg":"WiredTiger message","attr":{"message":"[1666115016:440101][19640:140724152197488], close_ckpt: [WT_VERB_CHECKPOINT_PROGRESS] saving checkpoint snapshot min: 905, snapshot max: 905 snapshot count: 0, oldest timestamp: (1666114712, 1) , meta checkpoint timestamp: (1666115012, 1) base write gen: 1"}}
{"t":{"$date":"2022-10-18T23:13:36.468+05:30"},"s":"I",  "c":"STORAGE",  "id":4795905, "ctx":"consoleTerminate","msg":"WiredTiger closed","attr":{"durationMillis":32}}
{"t":{"$date":"2022-10-18T23:13:36.691+05:30"},"s":"I",  "c":"STORAGE",  "id":22430,   "ctx":"consoleTerminate","msg":"WiredTiger message","attr":{"message":"[1666115016:691097][19640:140724152197488], txn-recover: [WT_VERB_RECOVERY_PROGRESS] Recovering log 1 through 2"}}
{"t":{"$date":"2022-10-18T23:13:36.753+05:30"},"s":"I",  "c":"STORAGE",  "id":22430,   "ctx":"consoleTerminate","msg":"WiredTiger message","attr":{"message":"[1666115016:753099][19640:140724152197488], txn-recover: [WT_VERB_RECOVERY_PROGRESS] Recovering log 2 through 2"}}
{"t":{"$date":"2022-10-18T23:13:36.828+05:30"},"s":"I",  "c":"STORAGE",  "id":22430,   "ctx":"consoleTerminate","msg":"WiredTiger message","attr":{"message":"[1666115016:828102][19640:140724152197488], txn-recover: [WT_VERB_RECOVERY_ALL] Main recovery loop: starting at 1/196352 to 2/256"}}
{"t":{"$date":"2022-10-18T23:13:36.829+05:30"},"s":"I",  "c":"STORAGE",  "id":22430,   "ctx":"consoleTerminate","msg":"WiredTiger message","attr":{"message":"[1666115016:829100][19640:140724152197488], txn-recover: [WT_VERB_RECOVERY_PROGRESS] Recovering log 1 through 2"}}
{"t":{"$date":"2022-10-18T23:13:36.909+05:30"},"s":"I",  "c":"STORAGE",  "id":22430,   "ctx":"consoleTerminate","msg":"WiredTiger message","attr":{"message":"[1666115016:909101][19640:140724152197488], txn-recover: [WT_VERB_RECOVERY_PROGRESS] Recovering log 2 through 2"}}
{"t":{"$date":"2022-10-18T23:13:36.977+05:30"},"s":"I",  "c":"STORAGE",  "id":22430,   "ctx":"consoleTerminate","msg":"WiredTiger message","attr":{"message":"[1666115016:977101][19640:140724152197488], txn-recover: [WT_VERB_RECOVERY_ALL] Set global recovery timestamp: (1666115012, 1)"}}
{"t":{"$date":"2022-10-18T23:13:36.977+05:30"},"s":"I",  "c":"STORAGE",  "id":22430,   "ctx":"consoleTerminate","msg":"WiredTiger message","attr":{"message":"[1666115016:977101][19640:140724152197488], txn-recover: [WT_VERB_RECOVERY_ALL] Set global oldest timestamp: (1666114712, 1)"}}
{"t":{"$date":"2022-10-18T23:13:36.981+05:30"},"s":"I",  "c":"STORAGE",  "id":22430,   "ctx":"consoleTerminate","msg":"WiredTiger message","attr":{"message":"[1666115016:981100][19640:140724152197488], WT_SESSION.checkpoint: [WT_VERB_CHECKPOINT_PROGRESS] saving checkpoint snapshot min: 10, snapshot max: 10 snapshot count: 0, oldest timestamp: (1666114712, 1) , meta checkpoint timestamp: (1666115012, 1) base write gen: 100"}}
{"t":{"$date":"2022-10-18T23:13:36.994+05:30"},"s":"I",  "c":"STORAGE",  "id":4795904, "ctx":"consoleTerminate","msg":"WiredTiger re-opened","attr":{"durationMillis":526}}
{"t":{"$date":"2022-10-18T23:13:36.994+05:30"},"s":"I",  "c":"STORAGE",  "id":22325,   "ctx":"consoleTerminate","msg":"Reconfiguring","attr":{"newConfig":"compatibility=(release=10.0)"}}
{"t":{"$date":"2022-10-18T23:13:36.995+05:30"},"s":"I",  "c":"STORAGE",  "id":4795903, "ctx":"consoleTerminate","msg":"Reconfigure complete","attr":{"durationMillis":1}}
{"t":{"$date":"2022-10-18T23:13:36.995+05:30"},"s":"I",  "c":"STORAGE",  "id":4795902, "ctx":"consoleTerminate","msg":"Closing WiredTiger","attr":{"closeConfig":"leak_memory=true,"}}
{"t":{"$date":"2022-10-18T23:13:36.996+05:30"},"s":"I",  "c":"STORAGE",  "id":22430,   "ctx":"consoleTerminate","msg":"WiredTiger message","attr":{"message":"[1666115016:996099][19640:140724152197488], close_ckpt: [WT_VERB_CHECKPOINT_PROGRESS] saving checkpoint snapshot min: 11, snapshot max: 11 snapshot count: 0, oldest timestamp: (1666114712, 1) , meta checkpoint timestamp: (1666115012, 1) base write gen: 100"}}
{"t":{"$date":"2022-10-18T23:13:37.009+05:30"},"s":"I",  "c":"STORAGE",  "id":4795901, "ctx":"consoleTerminate","msg":"WiredTiger closed","attr":{"durationMillis":14}}
{"t":{"$date":"2022-10-18T23:13:37.009+05:30"},"s":"I",  "c":"STORAGE",  "id":22281,   "ctx":"consoleTerminate","msg":"shutdown: removing fs lock..."}
{"t":{"$date":"2022-10-18T23:13:37.009+05:30"},"s":"I",  "c":"-",        "id":4784931, "ctx":"consoleTerminate","msg":"Dropping the scope cache for shutdown"}
{"t":{"$date":"2022-10-18T23:13:37.009+05:30"},"s":"I",  "c":"FTDC",     "id":4784926, "ctx":"consoleTerminate","msg":"Shutting down full-time data capture"}
{"t":{"$date":"2022-10-18T23:13:37.009+05:30"},"s":"I",  "c":"FTDC",     "id":20626,   "ctx":"consoleTerminate","msg":"Shutting down full-time diagnostic data capture"}
{"t":{"$date":"2022-10-18T23:13:37.013+05:30"},"s":"I",  "c":"CONTROL",  "id":20565,   "ctx":"consoleTerminate","msg":"Now exiting"}
{"t":{"$date":"2022-10-18T23:13:37.014+05:30"},"s":"I",  "c":"CONTROL",  "id":23138,   "ctx":"consoleTerminate","msg":"Shutting down","attr":{"exitCode":12}}
